<?xml version="1.0" encoding="UTF-8"?>
<coverage generated="1542122793063" clover="3.2.0">
  <project timestamp="1542122793063" name="All files">
    <metrics statements="306" coveredstatements="306" conditionals="137" coveredconditionals="137" methods="80" coveredmethods="80" elements="523" coveredelements="523" complexity="0" loc="306" ncloc="306" packages="1" files="6" classes="6">
      <file name="ParentKey.js" path="C:\Users\andrew.beletskiy\Desktop\test\quartet\ParentKey.js">
        <metrics statements="3" coveredstatements="3" conditionals="0" coveredconditionals="0" methods="1" coveredmethods="1"/>
        <line num="1" count="1" type="stmt"/>
        <line num="3" count="243" type="stmt"/>
        <line num="4" count="243" type="stmt"/>
      </file>
      <file name="defaultConfigs.js" path="C:\Users\andrew.beletskiy\Desktop\test\quartet\defaultConfigs.js">
        <metrics statements="30" coveredstatements="30" conditionals="9" coveredconditionals="9" methods="22" coveredmethods="22"/>
        <line num="1" count="1" type="stmt"/>
        <line num="3" count="16" type="cond" truecount="3" falsecount="0"/>
        <line num="4" count="2" type="stmt"/>
        <line num="5" count="1" type="stmt"/>
        <line num="6" count="13" type="stmt"/>
        <line num="10" count="11" type="stmt"/>
        <line num="11" count="30" type="stmt"/>
        <line num="12" count="10" type="stmt"/>
        <line num="13" count="10" type="stmt"/>
        <line num="14" count="12" type="cond" truecount="2" falsecount="0"/>
        <line num="15" count="88" type="stmt"/>
        <line num="16" count="14" type="stmt"/>
        <line num="17" count="15" type="stmt"/>
        <line num="18" count="9" type="stmt"/>
        <line num="19" count="8" type="stmt"/>
        <line num="20" count="8" type="stmt"/>
        <line num="21" count="9" type="stmt"/>
        <line num="22" count="11" type="stmt"/>
        <line num="23" count="9" type="stmt"/>
        <line num="24" count="16" type="stmt"/>
        <line num="25" count="11" type="cond" truecount="2" falsecount="0"/>
        <line num="26" count="15" type="stmt"/>
        <line num="27" count="11" type="stmt"/>
        <line num="28" count="12" type="stmt"/>
        <line num="30" count="2" type="stmt"/>
        <line num="31" count="2" type="stmt"/>
        <line num="34" count="12" type="cond" truecount="2" falsecount="0"/>
        <line num="35" count="9" type="stmt"/>
        <line num="37" count="3" type="stmt"/>
        <line num="38" count="3" type="stmt"/>
      </file>
      <file name="defaultMethods.js" path="C:\Users\andrew.beletskiy\Desktop\test\quartet\defaultMethods.js">
        <metrics statements="177" coveredstatements="177" conditionals="91" coveredconditionals="91" methods="35" coveredmethods="35"/>
        <line num="1" count="1" type="stmt"/>
        <line num="2" count="1" type="stmt"/>
        <line num="3" count="1" type="stmt"/>
        <line num="4" count="1" type="stmt"/>
        <line num="6" count="1" type="stmt"/>
        <line num="7" count="7" type="cond" truecount="2" falsecount="0"/>
        <line num="8" count="1" type="stmt"/>
        <line num="10" count="6" type="stmt"/>
        <line num="12" count="11" type="stmt"/>
        <line num="14" count="5" type="cond" truecount="2" falsecount="0"/>
        <line num="15" count="1" type="stmt"/>
        <line num="17" count="4" type="cond" truecount="2" falsecount="0"/>
        <line num="18" count="1" type="stmt"/>
        <line num="20" count="3" type="stmt"/>
        <line num="23" count="28" type="stmt"/>
        <line num="24" count="28" type="stmt"/>
        <line num="26" count="1" type="stmt"/>
        <line num="28" count="27" type="stmt"/>
        <line num="29" count="27" type="cond" truecount="5" falsecount="0"/>
        <line num="31" count="3" type="stmt"/>
        <line num="33" count="3" type="cond" truecount="2" falsecount="0"/>
        <line num="34" count="1" type="stmt"/>
        <line num="35" count="3" type="cond" truecount="2" falsecount="0"/>
        <line num="38" count="3" type="cond" truecount="2" falsecount="0"/>
        <line num="40" count="8" type="stmt"/>
        <line num="41" count="6" type="stmt"/>
        <line num="42" count="7" type="stmt"/>
        <line num="46" count="3" type="stmt"/>
        <line num="47" count="2" type="cond" truecount="2" falsecount="0"/>
        <line num="48" count="1" type="stmt"/>
        <line num="50" count="1" type="stmt"/>
        <line num="53" count="4" type="stmt"/>
        <line num="54" count="4" type="stmt"/>
        <line num="55" count="9" type="stmt"/>
        <line num="60" count="2" type="cond" truecount="1" falsecount="0"/>
        <line num="62" count="13" type="stmt"/>
        <line num="63" count="13" type="stmt"/>
        <line num="64" count="35" type="cond" truecount="2" falsecount="0"/>
        <line num="65" count="16" type="stmt"/>
        <line num="67" count="19" type="cond" truecount="2" falsecount="0"/>
        <line num="70" count="19" type="stmt"/>
        <line num="71" count="19" type="stmt"/>
        <line num="72" count="19" type="stmt"/>
        <line num="75" count="14" type="stmt"/>
        <line num="76" count="14" type="stmt"/>
        <line num="78" count="13" type="stmt"/>
        <line num="79" count="13" type="stmt"/>
        <line num="80" count="13" type="stmt"/>
        <line num="83" count="2" type="cond" truecount="2" falsecount="0"/>
        <line num="84" count="1" type="stmt"/>
        <line num="86" count="6" type="stmt"/>
        <line num="89" count="3" type="stmt"/>
        <line num="90" count="3" type="stmt"/>
        <line num="91" count="3" type="stmt"/>
        <line num="92" count="7" type="cond" truecount="2" falsecount="0"/>
        <line num="93" count="1" type="stmt"/>
        <line num="95" count="6" type="stmt"/>
        <line num="96" count="6" type="stmt"/>
        <line num="100" count="1" type="stmt"/>
        <line num="101" count="13" type="stmt"/>
        <line num="105" count="6" type="cond" truecount="2" falsecount="0"/>
        <line num="106" count="4" type="cond" truecount="2" falsecount="0"/>
        <line num="108" count="3" type="stmt"/>
        <line num="110" count="2" type="stmt"/>
        <line num="111" count="2" type="stmt"/>
        <line num="112" count="2" type="stmt"/>
        <line num="113" count="6" type="stmt"/>
        <line num="114" count="6" type="cond" truecount="2" falsecount="0"/>
        <line num="120" count="2" type="stmt"/>
        <line num="121" count="14" type="stmt"/>
        <line num="124" count="5" type="stmt"/>
        <line num="125" count="5" type="stmt"/>
        <line num="126" count="5" type="stmt"/>
        <line num="127" count="13" type="cond" truecount="2" falsecount="0"/>
        <line num="128" count="7" type="stmt"/>
        <line num="130" count="6" type="cond" truecount="2" falsecount="0"/>
        <line num="131" count="2" type="stmt"/>
        <line num="133" count="5" type="stmt"/>
        <line num="134" count="5" type="stmt"/>
        <line num="135" count="116" type="stmt"/>
        <line num="136" count="116" type="cond" truecount="2" falsecount="0"/>
        <line num="137" count="4" type="stmt"/>
        <line num="140" count="5" type="stmt"/>
        <line num="144" count="2" type="stmt"/>
        <line num="145" count="2" type="stmt"/>
        <line num="146" count="2" type="stmt"/>
        <line num="147" count="11" type="cond" truecount="2" falsecount="0"/>
        <line num="148" count="6" type="cond" truecount="2" falsecount="0"/>
        <line num="149" count="1" type="stmt"/>
        <line num="150" count="3" type="stmt"/>
        <line num="152" count="5" type="stmt"/>
        <line num="153" count="5" type="stmt"/>
        <line num="154" count="8" type="cond" truecount="2" falsecount="0"/>
        <line num="155" count="2" type="stmt"/>
        <line num="158" count="5" type="stmt"/>
        <line num="162" count="2" type="stmt"/>
        <line num="163" count="2" type="stmt"/>
        <line num="164" count="2" type="stmt"/>
        <line num="165" count="6" type="cond" truecount="2" falsecount="0"/>
        <line num="166" count="1" type="stmt"/>
        <line num="168" count="5" type="stmt"/>
        <line num="169" count="5" type="stmt"/>
        <line num="170" count="7" type="cond" truecount="2" falsecount="0"/>
        <line num="171" count="2" type="stmt"/>
        <line num="174" count="5" type="stmt"/>
        <line num="178" count="1" type="stmt"/>
        <line num="179" count="1" type="stmt"/>
        <line num="180" count="10" type="stmt"/>
        <line num="183" count="4" type="stmt"/>
        <line num="184" count="3" type="stmt"/>
        <line num="189" count="4" type="cond" truecount="2" falsecount="0"/>
        <line num="190" count="1" type="stmt"/>
        <line num="192" count="3" type="stmt"/>
        <line num="193" count="16" type="cond" truecount="4" falsecount="0"/>
        <line num="196" count="8" type="stmt"/>
        <line num="198" count="7" type="stmt"/>
        <line num="200" count="1" type="stmt"/>
        <line num="205" count="4" type="cond" truecount="2" falsecount="0"/>
        <line num="206" count="1" type="stmt"/>
        <line num="208" count="3" type="stmt"/>
        <line num="209" count="15" type="cond" truecount="4" falsecount="0"/>
        <line num="212" count="8" type="stmt"/>
        <line num="214" count="6" type="stmt"/>
        <line num="216" count="1" type="stmt"/>
        <line num="221" count="6" type="stmt"/>
        <line num="222" count="6" type="cond" truecount="2" falsecount="0"/>
        <line num="223" count="1" type="stmt"/>
        <line num="225" count="5" type="stmt"/>
        <line num="226" count="5" type="stmt"/>
        <line num="227" count="5" type="stmt"/>
        <line num="228" count="2" type="stmt"/>
        <line num="230" count="5" type="cond" truecount="2" falsecount="0"/>
        <line num="231" count="1" type="stmt"/>
        <line num="233" count="4" type="cond" truecount="2" falsecount="0"/>
        <line num="234" count="3" type="stmt"/>
        <line num="236" count="1" type="stmt"/>
        <line num="240" count="2" type="stmt"/>
        <line num="241" count="2" type="stmt"/>
        <line num="242" count="2" type="stmt"/>
        <line num="243" count="2" type="cond" truecount="2" falsecount="0"/>
        <line num="244" count="1" type="stmt"/>
        <line num="246" count="1" type="stmt"/>
        <line num="250" count="12" type="cond" truecount="2" falsecount="0"/>
        <line num="251" count="1" type="stmt"/>
        <line num="253" count="11" type="cond" truecount="2" falsecount="0"/>
        <line num="254" count="2" type="stmt"/>
        <line num="258" count="9" type="cond" truecount="1" falsecount="0"/>
        <line num="260" count="9" type="cond" truecount="2" falsecount="0"/>
        <line num="261" count="1" type="stmt"/>
        <line num="263" count="9" type="cond" truecount="2" falsecount="0"/>
        <line num="264" count="2" type="stmt"/>
        <line num="266" count="7" type="stmt"/>
        <line num="267" count="9" type="cond" truecount="2" falsecount="0"/>
        <line num="268" count="4" type="stmt"/>
        <line num="270" count="5" type="cond" truecount="2" falsecount="0"/>
        <line num="271" count="2" type="stmt"/>
        <line num="272" count="2" type="stmt"/>
        <line num="273" count="12" type="stmt"/>
        <line num="274" count="12" type="cond" truecount="2" falsecount="0"/>
        <line num="275" count="4" type="stmt"/>
        <line num="278" count="2" type="stmt"/>
        <line num="280" count="3" type="stmt"/>
        <line num="282" count="13" type="stmt"/>
        <line num="283" count="13" type="stmt"/>
        <line num="286" count="9" type="stmt"/>
        <line num="287" count="9" type="stmt"/>
        <line num="292" count="11" type="stmt"/>
        <line num="294" count="11" type="stmt"/>
        <line num="295" count="11" type="cond" truecount="2" falsecount="0"/>
        <line num="296" count="4" type="stmt"/>
        <line num="298" count="7" type="cond" truecount="2" falsecount="0"/>
        <line num="299" count="4" type="stmt"/>
        <line num="300" count="23" type="stmt"/>
        <line num="303" count="3" type="stmt"/>
        <line num="304" count="9" type="stmt"/>
        <line num="306" count="7" type="stmt"/>
        <line num="307" count="7" type="stmt"/>
      </file>
      <file name="index.js" path="C:\Users\andrew.beletskiy\Desktop\test\quartet\index.js">
        <metrics statements="72" coveredstatements="72" conditionals="26" coveredconditionals="26" methods="15" coveredmethods="15"/>
        <line num="1" count="1" type="stmt"/>
        <line num="2" count="1" type="stmt"/>
        <line num="3" count="1" type="stmt"/>
        <line num="4" count="1" type="stmt"/>
        <line num="5" count="1" type="stmt"/>
        <line num="7" count="1" type="stmt"/>
        <line num="9" count="1" type="stmt"/>
        <line num="10" count="173" type="stmt"/>
        <line num="11" count="545" type="stmt"/>
        <line num="14" count="1" type="stmt"/>
        <line num="15" count="112" type="stmt"/>
        <line num="16" count="112" type="stmt"/>
        <line num="17" count="112" type="cond" truecount="2" falsecount="0"/>
        <line num="18" count="1" type="stmt"/>
        <line num="20" count="111" type="stmt"/>
        <line num="23" count="1" type="stmt"/>
        <line num="24" count="14" type="stmt"/>
        <line num="25" count="14" type="stmt"/>
        <line num="28" count="1" type="stmt"/>
        <line num="29" count="21" type="stmt"/>
        <line num="30" count="36" type="cond" truecount="2" falsecount="0"/>
        <line num="31" count="1" type="stmt"/>
        <line num="33" count="35" type="cond" truecount="2" falsecount="0"/>
        <line num="34" count="3" type="stmt"/>
        <line num="35" count="8" type="stmt"/>
        <line num="36" count="8" type="stmt"/>
        <line num="37" count="8" type="cond" truecount="2" falsecount="0"/>
        <line num="40" count="2" type="cond" truecount="2" falsecount="0"/>
        <line num="42" count="1" type="stmt"/>
        <line num="44" count="1" type="stmt"/>
        <line num="46" count="1" type="stmt"/>
        <line num="47" count="4" type="stmt"/>
        <line num="48" count="1" type="stmt"/>
        <line num="50" count="32" type="stmt"/>
        <line num="51" count="32" type="stmt"/>
        <line num="52" count="42" type="stmt"/>
        <line num="53" count="42" type="stmt"/>
        <line num="54" count="42" type="cond" truecount="2" falsecount="0"/>
        <line num="55" count="16" type="stmt"/>
        <line num="59" count="32" type="cond" truecount="2" falsecount="0"/>
        <line num="61" count="6" type="stmt"/>
        <line num="63" count="6" type="stmt"/>
        <line num="64" count="6" type="stmt"/>
        <line num="65" count="12" type="cond" truecount="2" falsecount="0"/>
        <line num="66" count="6" type="stmt"/>
        <line num="67" count="6" type="cond" truecount="2" falsecount="0"/>
        <line num="68" count="2" type="stmt"/>
        <line num="71" count="6" type="stmt"/>
        <line num="75" count="1" type="stmt"/>
        <line num="84" count="320" type="stmt"/>
        <line num="85" count="320" type="stmt"/>
        <line num="88" count="11" type="stmt"/>
        <line num="95" count="12" type="cond" truecount="2" falsecount="0"/>
        <line num="96" count="2" type="stmt"/>
        <line num="98" count="10" type="cond" truecount="2" falsecount="0"/>
        <line num="99" count="1" type="stmt"/>
        <line num="101" count="9" type="stmt"/>
        <line num="102" count="9" type="stmt"/>
        <line num="105" count="11" type="stmt"/>
        <line num="106" count="150" type="cond" truecount="2" falsecount="0"/>
        <line num="107" count="12" type="stmt"/>
        <line num="109" count="138" type="stmt"/>
        <line num="110" count="138" type="stmt"/>
        <line num="112" count="11" type="stmt"/>
        <line num="113" count="253" type="cond" truecount="2" falsecount="0"/>
        <line num="117" count="11" type="stmt"/>
        <line num="118" count="11" type="stmt"/>
        <line num="119" count="25" type="stmt"/>
        <line num="120" count="25" type="stmt"/>
        <line num="122" count="11" type="stmt"/>
        <line num="123" count="11" type="stmt"/>
        <line num="126" count="1" type="stmt"/>
      </file>
      <file name="symbols.js" path="C:\Users\andrew.beletskiy\Desktop\test\quartet\symbols.js">
        <metrics statements="1" coveredstatements="1" conditionals="0" coveredconditionals="0" methods="0" coveredmethods="0"/>
        <line num="1" count="1" type="stmt"/>
      </file>
      <file name="validate.js" path="C:\Users\andrew.beletskiy\Desktop\test\quartet\validate.js">
        <metrics statements="23" coveredstatements="23" conditionals="11" coveredconditionals="11" methods="7" coveredmethods="7"/>
        <line num="1" count="1" type="stmt"/>
        <line num="2" count="1428" type="cond" truecount="2" falsecount="0"/>
        <line num="3" count="71" type="stmt"/>
        <line num="5" count="1357" type="cond" truecount="2" falsecount="0"/>
        <line num="6" count="10" type="stmt"/>
        <line num="8" count="1347" type="stmt"/>
        <line num="10" count="1" type="stmt"/>
        <line num="11" count="329" type="stmt"/>
        <line num="13" count="1" type="stmt"/>
        <line num="14" count="705" type="stmt"/>
        <line num="17" count="1" type="stmt"/>
        <line num="18" count="373" type="cond" truecount="2" falsecount="0"/>
        <line num="19" count="1" type="stmt"/>
        <line num="21" count="372" type="stmt"/>
        <line num="24" count="1" type="cond" truecount="1" falsecount="0"/>
        <line num="25" count="225" type="cond" truecount="2" falsecount="0"/>
        <line num="26" count="176" type="stmt"/>
        <line num="29" count="49" type="cond" truecount="2" falsecount="0"/>
        <line num="30" count="2" type="stmt"/>
        <line num="33" count="47" type="stmt"/>
        <line num="34" count="56" type="stmt"/>
        <line num="37" count="43" type="stmt"/>
        <line num="40" count="1" type="stmt"/>
      </file>
    </metrics>
  </project>
</coverage>
