<?xml version="1.0" encoding="UTF-8"?>
<coverage generated="1542270828943" clover="3.2.0">
  <project timestamp="1542270828943" name="All files">
    <metrics statements="400" coveredstatements="369" conditionals="173" coveredconditionals="156" methods="99" coveredmethods="95" elements="672" coveredelements="620" complexity="0" loc="400" ncloc="400" packages="1" files="9" classes="9">
      <file name="ParentKey.js" path="C:\Users\andrew.beletskiy\Desktop\test\quartet\ParentKey.js">
        <metrics statements="3" coveredstatements="3" conditionals="0" coveredconditionals="0" methods="1" coveredmethods="1"/>
        <line num="1" count="1" type="stmt"/>
        <line num="3" count="256" type="stmt"/>
        <line num="4" count="256" type="stmt"/>
      </file>
      <file name="clone.js" path="C:\Users\andrew.beletskiy\Desktop\test\quartet\clone.js">
        <metrics statements="33" coveredstatements="28" conditionals="10" coveredconditionals="7" methods="8" coveredmethods="8"/>
        <line num="1" count="1" type="stmt"/>
        <line num="2" count="1" type="stmt"/>
        <line num="3" count="11" type="cond" truecount="2" falsecount="0"/>
        <line num="4" count="8" type="stmt"/>
        <line num="5" count="8" type="cond" truecount="2" falsecount="0"/>
        <line num="6" count="1" type="stmt"/>
        <line num="7" count="1" type="stmt"/>
        <line num="8" count="1" type="stmt"/>
        <line num="12" count="1" type="stmt"/>
        <line num="15" count="7" type="cond" truecount="2" falsecount="0"/>
        <line num="16" count="2" type="stmt"/>
        <line num="18" count="5" type="stmt"/>
        <line num="20" count="6" type="stmt"/>
        <line num="21" count="6" type="stmt"/>
        <line num="24" count="2" type="stmt"/>
        <line num="25" count="2" type="cond" truecount="1" falsecount="1"/>
        <line num="26" count="0" type="stmt"/>
        <line num="27" count="0" type="stmt"/>
        <line num="28" count="0" type="cond" truecount="0" falsecount="2"/>
        <line num="29" count="0" type="stmt"/>
        <line num="31" count="0" type="stmt"/>
        <line num="33" count="1" type="stmt"/>
        <line num="34" count="1" type="stmt"/>
        <line num="35" count="1" type="stmt"/>
        <line num="36" count="1" type="stmt"/>
        <line num="37" count="1" type="stmt"/>
        <line num="40" count="1" type="stmt"/>
        <line num="41" count="3" type="stmt"/>
        <line num="44" count="1" type="stmt"/>
        <line num="45" count="3" type="stmt"/>
        <line num="46" count="3" type="stmt"/>
        <line num="48" count="3" type="stmt"/>
        <line num="50" count="1" type="stmt"/>
      </file>
      <file name="defaultConfigs.js" path="C:\Users\andrew.beletskiy\Desktop\test\quartet\defaultConfigs.js">
        <metrics statements="30" coveredstatements="30" conditionals="9" coveredconditionals="9" methods="22" coveredmethods="22"/>
        <line num="1" count="1" type="stmt"/>
        <line num="3" count="16" type="cond" truecount="3" falsecount="0"/>
        <line num="4" count="2" type="stmt"/>
        <line num="5" count="1" type="stmt"/>
        <line num="6" count="13" type="stmt"/>
        <line num="10" count="12" type="stmt"/>
        <line num="11" count="32" type="stmt"/>
        <line num="12" count="10" type="stmt"/>
        <line num="13" count="10" type="stmt"/>
        <line num="14" count="12" type="cond" truecount="2" falsecount="0"/>
        <line num="15" count="97" type="stmt"/>
        <line num="16" count="14" type="stmt"/>
        <line num="17" count="15" type="stmt"/>
        <line num="18" count="9" type="stmt"/>
        <line num="19" count="8" type="stmt"/>
        <line num="20" count="8" type="stmt"/>
        <line num="21" count="9" type="stmt"/>
        <line num="22" count="11" type="stmt"/>
        <line num="23" count="9" type="stmt"/>
        <line num="24" count="16" type="stmt"/>
        <line num="25" count="11" type="cond" truecount="2" falsecount="0"/>
        <line num="26" count="15" type="stmt"/>
        <line num="27" count="11" type="stmt"/>
        <line num="28" count="12" type="stmt"/>
        <line num="30" count="2" type="stmt"/>
        <line num="31" count="2" type="stmt"/>
        <line num="34" count="12" type="cond" truecount="2" falsecount="0"/>
        <line num="35" count="9" type="stmt"/>
        <line num="37" count="3" type="stmt"/>
        <line num="38" count="3" type="stmt"/>
      </file>
      <file name="defaultMethods.js" path="C:\Users\andrew.beletskiy\Desktop\test\quartet\defaultMethods.js">
        <metrics statements="220" coveredstatements="199" conditionals="111" coveredconditionals="101" methods="43" coveredmethods="39"/>
        <line num="1" count="1" type="stmt"/>
        <line num="2" count="1" type="stmt"/>
        <line num="3" count="1" type="stmt"/>
        <line num="4" count="1" type="stmt"/>
        <line num="5" count="1" type="stmt"/>
        <line num="6" count="1" type="stmt"/>
        <line num="7" count="1" type="stmt"/>
        <line num="9" count="1" type="stmt"/>
        <line num="10" count="7" type="cond" truecount="2" falsecount="0"/>
        <line num="11" count="1" type="stmt"/>
        <line num="13" count="6" type="stmt"/>
        <line num="15" count="12" type="stmt"/>
        <line num="17" count="6" type="cond" truecount="2" falsecount="0"/>
        <line num="18" count="1" type="stmt"/>
        <line num="20" count="5" type="cond" truecount="2" falsecount="0"/>
        <line num="21" count="1" type="stmt"/>
        <line num="23" count="4" type="stmt"/>
        <line num="26" count="31" type="stmt"/>
        <line num="27" count="31" type="stmt"/>
        <line num="29" count="1" type="stmt"/>
        <line num="31" count="30" type="stmt"/>
        <line num="32" count="30" type="cond" truecount="5" falsecount="0"/>
        <line num="34" count="3" type="stmt"/>
        <line num="36" count="4" type="cond" truecount="2" falsecount="0"/>
        <line num="37" count="2" type="stmt"/>
        <line num="38" count="4" type="cond" truecount="2" falsecount="0"/>
        <line num="41" count="4" type="cond" truecount="2" falsecount="0"/>
        <line num="43" count="9" type="stmt"/>
        <line num="44" count="7" type="stmt"/>
        <line num="45" count="7" type="stmt"/>
        <line num="49" count="3" type="stmt"/>
        <line num="50" count="2" type="cond" truecount="2" falsecount="0"/>
        <line num="51" count="1" type="stmt"/>
        <line num="53" count="1" type="stmt"/>
        <line num="56" count="4" type="stmt"/>
        <line num="57" count="4" type="stmt"/>
        <line num="58" count="9" type="stmt"/>
        <line num="63" count="2" type="cond" truecount="1" falsecount="0"/>
        <line num="65" count="13" type="stmt"/>
        <line num="66" count="13" type="stmt"/>
        <line num="67" count="35" type="cond" truecount="2" falsecount="0"/>
        <line num="68" count="16" type="stmt"/>
        <line num="70" count="19" type="cond" truecount="2" falsecount="0"/>
        <line num="73" count="19" type="stmt"/>
        <line num="74" count="19" type="stmt"/>
        <line num="75" count="19" type="stmt"/>
        <line num="78" count="14" type="stmt"/>
        <line num="79" count="14" type="stmt"/>
        <line num="81" count="13" type="stmt"/>
        <line num="82" count="13" type="stmt"/>
        <line num="83" count="13" type="stmt"/>
        <line num="86" count="2" type="cond" truecount="2" falsecount="0"/>
        <line num="87" count="1" type="stmt"/>
        <line num="89" count="6" type="stmt"/>
        <line num="92" count="3" type="stmt"/>
        <line num="93" count="3" type="stmt"/>
        <line num="94" count="3" type="stmt"/>
        <line num="95" count="7" type="cond" truecount="2" falsecount="0"/>
        <line num="96" count="1" type="stmt"/>
        <line num="98" count="6" type="stmt"/>
        <line num="99" count="6" type="stmt"/>
        <line num="103" count="1" type="stmt"/>
        <line num="104" count="13" type="stmt"/>
        <line num="108" count="6" type="cond" truecount="2" falsecount="0"/>
        <line num="109" count="4" type="cond" truecount="2" falsecount="0"/>
        <line num="111" count="3" type="stmt"/>
        <line num="113" count="2" type="stmt"/>
        <line num="114" count="2" type="stmt"/>
        <line num="115" count="2" type="stmt"/>
        <line num="116" count="6" type="stmt"/>
        <line num="117" count="6" type="cond" truecount="2" falsecount="0"/>
        <line num="123" count="2" type="stmt"/>
        <line num="124" count="14" type="stmt"/>
        <line num="127" count="5" type="stmt"/>
        <line num="128" count="5" type="stmt"/>
        <line num="129" count="5" type="stmt"/>
        <line num="130" count="13" type="cond" truecount="2" falsecount="0"/>
        <line num="131" count="7" type="stmt"/>
        <line num="133" count="6" type="cond" truecount="2" falsecount="0"/>
        <line num="134" count="2" type="stmt"/>
        <line num="136" count="5" type="stmt"/>
        <line num="137" count="5" type="stmt"/>
        <line num="138" count="116" type="stmt"/>
        <line num="139" count="116" type="cond" truecount="2" falsecount="0"/>
        <line num="140" count="4" type="stmt"/>
        <line num="143" count="5" type="stmt"/>
        <line num="147" count="2" type="stmt"/>
        <line num="148" count="2" type="stmt"/>
        <line num="149" count="2" type="stmt"/>
        <line num="150" count="11" type="cond" truecount="2" falsecount="0"/>
        <line num="151" count="6" type="cond" truecount="2" falsecount="0"/>
        <line num="152" count="1" type="stmt"/>
        <line num="153" count="3" type="stmt"/>
        <line num="155" count="5" type="stmt"/>
        <line num="156" count="5" type="stmt"/>
        <line num="157" count="8" type="cond" truecount="2" falsecount="0"/>
        <line num="158" count="2" type="stmt"/>
        <line num="161" count="5" type="stmt"/>
        <line num="165" count="2" type="stmt"/>
        <line num="166" count="2" type="stmt"/>
        <line num="167" count="2" type="stmt"/>
        <line num="168" count="6" type="cond" truecount="2" falsecount="0"/>
        <line num="169" count="1" type="stmt"/>
        <line num="171" count="5" type="stmt"/>
        <line num="172" count="5" type="stmt"/>
        <line num="173" count="7" type="cond" truecount="2" falsecount="0"/>
        <line num="174" count="2" type="stmt"/>
        <line num="177" count="5" type="stmt"/>
        <line num="181" count="1" type="stmt"/>
        <line num="182" count="1" type="stmt"/>
        <line num="183" count="10" type="stmt"/>
        <line num="186" count="7" type="stmt"/>
        <line num="187" count="6" type="stmt"/>
        <line num="192" count="4" type="cond" truecount="2" falsecount="0"/>
        <line num="193" count="1" type="stmt"/>
        <line num="195" count="3" type="stmt"/>
        <line num="196" count="16" type="cond" truecount="4" falsecount="0"/>
        <line num="199" count="8" type="stmt"/>
        <line num="201" count="7" type="stmt"/>
        <line num="203" count="1" type="stmt"/>
        <line num="208" count="4" type="cond" truecount="2" falsecount="0"/>
        <line num="209" count="1" type="stmt"/>
        <line num="211" count="3" type="stmt"/>
        <line num="212" count="15" type="cond" truecount="4" falsecount="0"/>
        <line num="215" count="8" type="stmt"/>
        <line num="217" count="6" type="stmt"/>
        <line num="219" count="1" type="stmt"/>
        <line num="224" count="6" type="stmt"/>
        <line num="225" count="6" type="cond" truecount="2" falsecount="0"/>
        <line num="226" count="1" type="stmt"/>
        <line num="228" count="5" type="stmt"/>
        <line num="229" count="5" type="stmt"/>
        <line num="230" count="5" type="stmt"/>
        <line num="231" count="2" type="stmt"/>
        <line num="233" count="5" type="cond" truecount="2" falsecount="0"/>
        <line num="234" count="1" type="stmt"/>
        <line num="236" count="4" type="cond" truecount="2" falsecount="0"/>
        <line num="237" count="3" type="stmt"/>
        <line num="239" count="1" type="stmt"/>
        <line num="243" count="2" type="stmt"/>
        <line num="244" count="2" type="stmt"/>
        <line num="245" count="2" type="stmt"/>
        <line num="246" count="2" type="cond" truecount="2" falsecount="0"/>
        <line num="247" count="1" type="stmt"/>
        <line num="249" count="1" type="stmt"/>
        <line num="253" count="13" type="cond" truecount="2" falsecount="0"/>
        <line num="254" count="1" type="stmt"/>
        <line num="256" count="12" type="cond" truecount="2" falsecount="0"/>
        <line num="257" count="2" type="stmt"/>
        <line num="261" count="10" type="cond" truecount="1" falsecount="0"/>
        <line num="263" count="10" type="cond" truecount="2" falsecount="0"/>
        <line num="264" count="1" type="stmt"/>
        <line num="266" count="10" type="cond" truecount="2" falsecount="0"/>
        <line num="267" count="2" type="stmt"/>
        <line num="270" count="8" type="cond" truecount="2" falsecount="0"/>
        <line num="273" count="8" type="stmt"/>
        <line num="274" count="10" type="cond" truecount="2" falsecount="0"/>
        <line num="275" count="4" type="stmt"/>
        <line num="278" count="6" type="cond" truecount="4" falsecount="0"/>
        <line num="279" count="3" type="stmt"/>
        <line num="280" count="3" type="stmt"/>
        <line num="281" count="13" type="stmt"/>
        <line num="282" count="13" type="cond" truecount="2" falsecount="0"/>
        <line num="283" count="4" type="stmt"/>
        <line num="287" count="3" type="cond" truecount="2" falsecount="0"/>
        <line num="289" count="1" type="stmt"/>
        <line num="290" count="2" type="stmt"/>
        <line num="292" count="1" type="stmt"/>
        <line num="293" count="1" type="cond" truecount="1" falsecount="1"/>
        <line num="294" count="0" type="stmt"/>
        <line num="298" count="1" type="stmt"/>
        <line num="300" count="3" type="stmt"/>
        <line num="302" count="13" type="stmt"/>
        <line num="303" count="13" type="stmt"/>
        <line num="306" count="9" type="stmt"/>
        <line num="307" count="9" type="stmt"/>
        <line num="312" count="11" type="stmt"/>
        <line num="314" count="11" type="stmt"/>
        <line num="315" count="11" type="cond" truecount="2" falsecount="0"/>
        <line num="316" count="4" type="stmt"/>
        <line num="318" count="7" type="cond" truecount="2" falsecount="0"/>
        <line num="319" count="4" type="stmt"/>
        <line num="320" count="23" type="stmt"/>
        <line num="323" count="3" type="stmt"/>
        <line num="324" count="9" type="stmt"/>
        <line num="326" count="7" type="stmt"/>
        <line num="327" count="7" type="stmt"/>
        <line num="332" count="7" type="stmt"/>
        <line num="333" count="2" type="stmt"/>
        <line num="335" count="7" type="cond" truecount="2" falsecount="0"/>
        <line num="336" count="5" type="stmt"/>
        <line num="338" count="2" type="stmt"/>
        <line num="341" count="3" type="stmt"/>
        <line num="342" count="3" type="stmt"/>
        <line num="345" count="1" type="stmt"/>
        <line num="347" count="1" type="stmt"/>
        <line num="348" count="1" type="stmt"/>
        <line num="349" count="1" type="cond" truecount="1" falsecount="1"/>
        <line num="350" count="0" type="stmt"/>
        <line num="352" count="1" type="stmt"/>
        <line num="353" count="1" type="stmt"/>
        <line num="357" count="0" type="stmt"/>
        <line num="358" count="0" type="stmt"/>
        <line num="359" count="0" type="stmt"/>
        <line num="360" count="0" type="cond" truecount="0" falsecount="2"/>
        <line num="361" count="0" type="stmt"/>
        <line num="363" count="0" type="cond" truecount="0" falsecount="2"/>
        <line num="364" count="0" type="stmt"/>
        <line num="367" count="0" type="stmt"/>
        <line num="369" count="0" type="stmt"/>
        <line num="373" count="0" type="stmt"/>
        <line num="377" count="0" type="stmt"/>
        <line num="379" count="0" type="cond" truecount="0" falsecount="2"/>
        <line num="380" count="0" type="stmt"/>
        <line num="383" count="0" type="stmt"/>
        <line num="384" count="0" type="stmt"/>
        <line num="385" count="0" type="cond" truecount="0" falsecount="2"/>
        <line num="386" count="0" type="stmt"/>
        <line num="388" count="0" type="stmt"/>
        <line num="389" count="0" type="stmt"/>
      </file>
      <file name="fixReducers.js" path="C:\Users\andrew.beletskiy\Desktop\test\quartet\fixReducers.js">
        <metrics statements="13" coveredstatements="9" conditionals="4" coveredconditionals="1" methods="3" coveredmethods="3"/>
        <line num="1" count="1" type="stmt"/>
        <line num="2" count="1" type="cond" truecount="1" falsecount="1"/>
        <line num="3" count="0" type="stmt"/>
        <line num="5" count="1" type="stmt"/>
        <line num="6" count="1" type="stmt"/>
        <line num="7" count="1" type="stmt"/>
        <line num="8" count="0" type="cond" truecount="0" falsecount="2"/>
        <line num="9" count="0" type="stmt"/>
        <line num="11" count="0" type="stmt"/>
        <line num="13" count="1" type="stmt"/>
        <line num="14" count="1" type="stmt"/>
        <line num="15" count="1" type="stmt"/>
        <line num="18" count="1" type="stmt"/>
      </file>
      <file name="fixTypes.js" path="C:\Users\andrew.beletskiy\Desktop\test\quartet\fixTypes.js">
        <metrics statements="1" coveredstatements="1" conditionals="0" coveredconditionals="0" methods="0" coveredmethods="0"/>
        <line num="1" count="1" type="stmt"/>
      </file>
      <file name="index.js" path="C:\Users\andrew.beletskiy\Desktop\test\quartet\index.js">
        <metrics statements="76" coveredstatements="75" conditionals="28" coveredconditionals="27" methods="15" coveredmethods="15"/>
        <line num="1" count="1" type="stmt"/>
        <line num="2" count="1" type="stmt"/>
        <line num="3" count="1" type="stmt"/>
        <line num="4" count="1" type="stmt"/>
        <line num="5" count="1" type="stmt"/>
        <line num="7" count="1" type="stmt"/>
        <line num="9" count="1" type="stmt"/>
        <line num="10" count="193" type="stmt"/>
        <line num="11" count="559" type="stmt"/>
        <line num="14" count="1" type="stmt"/>
        <line num="15" count="123" type="stmt"/>
        <line num="16" count="123" type="stmt"/>
        <line num="17" count="123" type="cond" truecount="2" falsecount="0"/>
        <line num="18" count="1" type="stmt"/>
        <line num="20" count="122" type="stmt"/>
        <line num="23" count="1" type="stmt"/>
        <line num="24" count="14" type="stmt"/>
        <line num="25" count="14" type="stmt"/>
        <line num="28" count="1" type="stmt"/>
        <line num="29" count="24" type="stmt"/>
        <line num="30" count="47" type="cond" truecount="2" falsecount="0"/>
        <line num="31" count="3" type="stmt"/>
        <line num="33" count="44" type="cond" truecount="2" falsecount="0"/>
        <line num="34" count="4" type="stmt"/>
        <line num="35" count="9" type="stmt"/>
        <line num="36" count="9" type="stmt"/>
        <line num="37" count="9" type="cond" truecount="2" falsecount="0"/>
        <line num="40" count="2" type="cond" truecount="2" falsecount="0"/>
        <line num="42" count="1" type="stmt"/>
        <line num="44" count="1" type="stmt"/>
        <line num="46" count="1" type="stmt"/>
        <line num="47" count="4" type="stmt"/>
        <line num="48" count="1" type="stmt"/>
        <line num="50" count="40" type="stmt"/>
        <line num="51" count="40" type="stmt"/>
        <line num="52" count="50" type="stmt"/>
        <line num="53" count="50" type="stmt"/>
        <line num="54" count="50" type="cond" truecount="2" falsecount="0"/>
        <line num="55" count="18" type="stmt"/>
        <line num="59" count="40" type="cond" truecount="2" falsecount="0"/>
        <line num="61" count="14" type="stmt"/>
        <line num="63" count="14" type="stmt"/>
        <line num="64" count="14" type="stmt"/>
        <line num="65" count="22" type="cond" truecount="2" falsecount="0"/>
        <line num="66" count="8" type="stmt"/>
        <line num="67" count="8" type="cond" truecount="2" falsecount="0"/>
        <line num="68" count="4" type="stmt"/>
        <line num="71" count="14" type="stmt"/>
        <line num="75" count="1" type="stmt"/>
        <line num="84" count="354" type="stmt"/>
        <line num="85" count="354" type="stmt"/>
        <line num="88" count="12" type="stmt"/>
        <line num="95" count="13" type="cond" truecount="2" falsecount="0"/>
        <line num="96" count="2" type="stmt"/>
        <line num="98" count="11" type="cond" truecount="2" falsecount="0"/>
        <line num="99" count="1" type="stmt"/>
        <line num="101" count="10" type="stmt"/>
        <line num="102" count="10" type="stmt"/>
        <line num="105" count="12" type="stmt"/>
        <line num="106" count="156" type="cond" truecount="2" falsecount="0"/>
        <line num="107" count="12" type="stmt"/>
        <line num="109" count="144" type="cond" truecount="1" falsecount="1"/>
        <line num="110" count="144" type="stmt"/>
        <line num="111" count="144" type="stmt"/>
        <line num="113" count="0" type="stmt"/>
        <line num="115" count="12" type="stmt"/>
        <line num="116" count="336" type="cond" truecount="2" falsecount="0"/>
        <line num="120" count="12" type="stmt"/>
        <line num="121" count="12" type="stmt"/>
        <line num="122" count="29" type="stmt"/>
        <line num="123" count="29" type="stmt"/>
        <line num="124" count="29" type="stmt"/>
        <line num="125" count="29" type="stmt"/>
        <line num="127" count="12" type="stmt"/>
        <line num="128" count="12" type="stmt"/>
        <line num="131" count="1" type="stmt"/>
      </file>
      <file name="symbols.js" path="C:\Users\andrew.beletskiy\Desktop\test\quartet\symbols.js">
        <metrics statements="1" coveredstatements="1" conditionals="0" coveredconditionals="0" methods="0" coveredmethods="0"/>
        <line num="1" count="1" type="stmt"/>
      </file>
      <file name="validate.js" path="C:\Users\andrew.beletskiy\Desktop\test\quartet\validate.js">
        <metrics statements="23" coveredstatements="23" conditionals="11" coveredconditionals="11" methods="7" coveredmethods="7"/>
        <line num="1" count="1" type="stmt"/>
        <line num="2" count="1648" type="cond" truecount="2" falsecount="0"/>
        <line num="3" count="75" type="stmt"/>
        <line num="5" count="1573" type="cond" truecount="2" falsecount="0"/>
        <line num="6" count="12" type="stmt"/>
        <line num="8" count="1561" type="stmt"/>
        <line num="10" count="1" type="stmt"/>
        <line num="11" count="436" type="stmt"/>
        <line num="13" count="1" type="stmt"/>
        <line num="14" count="781" type="stmt"/>
        <line num="17" count="1" type="stmt"/>
        <line num="18" count="411" type="cond" truecount="2" falsecount="0"/>
        <line num="19" count="1" type="stmt"/>
        <line num="21" count="410" type="stmt"/>
        <line num="24" count="1" type="cond" truecount="1" falsecount="0"/>
        <line num="25" count="238" type="cond" truecount="2" falsecount="0"/>
        <line num="26" count="185" type="stmt"/>
        <line num="29" count="53" type="cond" truecount="2" falsecount="0"/>
        <line num="30" count="2" type="stmt"/>
        <line num="33" count="51" type="stmt"/>
        <line num="34" count="60" type="stmt"/>
        <line num="37" count="47" type="stmt"/>
        <line num="40" count="1" type="stmt"/>
      </file>
    </metrics>
  </project>
</coverage>
