{"C:\\Users\\andrew.beletskiy\\Desktop\\test\\quartet\\ParentKey.js": {"path":"C:\\Users\\andrew.beletskiy\\Desktop\\test\\quartet\\ParentKey.js","statementMap":{"0":{"start":{"line":1,"column":0},"end":{"line":6,"column":1}},"1":{"start":{"line":3,"column":4},"end":{"line":3,"column":24}},"2":{"start":{"line":4,"column":4},"end":{"line":4,"column":18}}},"fnMap":{"0":{"name":"(anonymous_0)","decl":{"start":{"line":2,"column":2},"end":{"line":2,"column":3}},"loc":{"start":{"line":2,"column":28},"end":{"line":5,"column":3}},"line":2}},"branchMap":{},"s":{"0":1,"1":256,"2":256},"f":{"0":256},"b":{},"_coverageSchema":"332fd63041d2c1bcb487cc26dd0d5f7d97098a6c","hash":"5f0e77751c04e72c4efbe07093fb547fde73fbe7"}
,"C:\\Users\\andrew.beletskiy\\Desktop\\test\\quartet\\clone.js": {"path":"C:\\Users\\andrew.beletskiy\\Desktop\\test\\quartet\\clone.js","statementMap":{"0":{"start":{"line":1,"column":21},"end":{"line":1,"column":42}},"1":{"start":{"line":2,"column":15},"end":{"line":23,"column":1}},"2":{"start":{"line":3,"column":2},"end":{"line":3,"column":50}},"3":{"start":{"line":3,"column":38},"end":{"line":3,"column":50}},"4":{"start":{"line":4,"column":24},"end":{"line":4,"column":46}},"5":{"start":{"line":5,"column":2},"end":{"line":13,"column":3}},"6":{"start":{"line":6,"column":22},"end":{"line":6,"column":60}},"7":{"start":{"line":7,"column":21},"end":{"line":7,"column":36}},"8":{"start":{"line":8,"column":4},"end":{"line":11,"column":6}},"9":{"start":{"line":12,"column":4},"end":{"line":12,"column":16}},"10":{"start":{"line":15,"column":2},"end":{"line":17,"column":3}},"11":{"start":{"line":16,"column":4},"end":{"line":16,"column":98}},"12":{"start":{"line":16,"column":31},"end":{"line":16,"column":97}},"13":{"start":{"line":18,"column":2},"end":{"line":22,"column":10}},"14":{"start":{"line":20,"column":6},"end":{"line":20,"column":86}},"15":{"start":{"line":21,"column":6},"end":{"line":21,"column":17}},"16":{"start":{"line":24,"column":13},"end":{"line":32,"column":1}},"17":{"start":{"line":24,"column":21},"end":{"line":32,"column":1}},"18":{"start":{"line":25,"column":2},"end":{"line":25,"column":35}},"19":{"start":{"line":25,"column":25},"end":{"line":25,"column":35}},"20":{"start":{"line":26,"column":15},"end":{"line":26,"column":18}},"21":{"start":{"line":27,"column":2},"end":{"line":30,"column":3}},"22":{"start":{"line":28,"column":4},"end":{"line":28,"column":30}},"23":{"start":{"line":28,"column":17},"end":{"line":28,"column":30}},"24":{"start":{"line":29,"column":4},"end":{"line":29,"column":24}},"25":{"start":{"line":31,"column":2},"end":{"line":31,"column":15}},"26":{"start":{"line":33,"column":34},"end":{"line":38,"column":1}},"27":{"start":{"line":34,"column":21},"end":{"line":34,"column":54}},"28":{"start":{"line":35,"column":21},"end":{"line":35,"column":53}},"29":{"start":{"line":36,"column":2},"end":{"line":36,"column":56}},"30":{"start":{"line":37,"column":2},"end":{"line":37,"column":12}},"31":{"start":{"line":40,"column":23},"end":{"line":42,"column":1}},"32":{"start":{"line":41,"column":2},"end":{"line":41,"column":67}},"33":{"start":{"line":44,"column":14},"end":{"line":49,"column":1}},"34":{"start":{"line":45,"column":26},"end":{"line":45,"column":28}},"35":{"start":{"line":46,"column":18},"end":{"line":46,"column":56}},"36":{"start":{"line":48,"column":2},"end":{"line":48,"column":49}},"37":{"start":{"line":50,"column":0},"end":{"line":50,"column":22}}},"fnMap":{"0":{"name":"(anonymous_0)","decl":{"start":{"line":2,"column":15},"end":{"line":2,"column":16}},"loc":{"start":{"line":2,"column":63},"end":{"line":23,"column":1}},"line":2},"1":{"name":"(anonymous_1)","decl":{"start":{"line":16,"column":21},"end":{"line":16,"column":22}},"loc":{"start":{"line":16,"column":31},"end":{"line":16,"column":97}},"line":16},"2":{"name":"(anonymous_2)","decl":{"start":{"line":19,"column":12},"end":{"line":19,"column":13}},"loc":{"start":{"line":19,"column":32},"end":{"line":22,"column":5}},"line":19},"3":{"name":"(anonymous_3)","decl":{"start":{"line":24,"column":13},"end":{"line":24,"column":14}},"loc":{"start":{"line":24,"column":21},"end":{"line":32,"column":1}},"line":24},"4":{"name":"(anonymous_4)","decl":{"start":{"line":24,"column":21},"end":{"line":24,"column":22}},"loc":{"start":{"line":24,"column":28},"end":{"line":32,"column":1}},"line":24},"5":{"name":"(anonymous_5)","decl":{"start":{"line":33,"column":34},"end":{"line":33,"column":35}},"loc":{"start":{"line":33,"column":68},"end":{"line":38,"column":1}},"line":33},"6":{"name":"(anonymous_6)","decl":{"start":{"line":40,"column":23},"end":{"line":40,"column":24}},"loc":{"start":{"line":40,"column":53},"end":{"line":42,"column":1}},"line":40},"7":{"name":"(anonymous_7)","decl":{"start":{"line":44,"column":14},"end":{"line":44,"column":15}},"loc":{"start":{"line":44,"column":23},"end":{"line":49,"column":1}},"line":44}},"branchMap":{"0":{"loc":{"start":{"line":3,"column":2},"end":{"line":3,"column":50}},"type":"if","locations":[{"start":{"line":3,"column":2},"end":{"line":3,"column":50}},{"start":{"line":3,"column":2},"end":{"line":3,"column":50}}],"line":3},"1":{"loc":{"start":{"line":5,"column":2},"end":{"line":13,"column":3}},"type":"if","locations":[{"start":{"line":5,"column":2},"end":{"line":13,"column":3}},{"start":{"line":5,"column":2},"end":{"line":13,"column":3}}],"line":5},"2":{"loc":{"start":{"line":15,"column":2},"end":{"line":17,"column":3}},"type":"if","locations":[{"start":{"line":15,"column":2},"end":{"line":17,"column":3}},{"start":{"line":15,"column":2},"end":{"line":17,"column":3}}],"line":15},"3":{"loc":{"start":{"line":25,"column":2},"end":{"line":25,"column":35}},"type":"if","locations":[{"start":{"line":25,"column":2},"end":{"line":25,"column":35}},{"start":{"line":25,"column":2},"end":{"line":25,"column":35}}],"line":25},"4":{"loc":{"start":{"line":28,"column":4},"end":{"line":28,"column":30}},"type":"if","locations":[{"start":{"line":28,"column":4},"end":{"line":28,"column":30}},{"start":{"line":28,"column":4},"end":{"line":28,"column":30}}],"line":28}},"s":{"0":1,"1":1,"2":11,"3":3,"4":8,"5":8,"6":1,"7":1,"8":1,"9":1,"10":7,"11":2,"12":2,"13":5,"14":6,"15":6,"16":1,"17":2,"18":2,"19":2,"20":0,"21":0,"22":0,"23":0,"24":0,"25":0,"26":1,"27":1,"28":1,"29":1,"30":1,"31":1,"32":3,"33":1,"34":3,"35":3,"36":3,"37":1},"f":{"0":11,"1":2,"2":6,"3":2,"4":2,"5":1,"6":3,"7":3},"b":{"0":[3,8],"1":[1,7],"2":[2,5],"3":[2,0],"4":[0,0]},"_coverageSchema":"332fd63041d2c1bcb487cc26dd0d5f7d97098a6c","hash":"281f68d0936341a55dc56c74892cfe02ef3e281a"}
,"C:\\Users\\andrew.beletskiy\\Desktop\\test\\quartet\\defaultConfigs.js": {"path":"C:\\Users\\andrew.beletskiy\\Desktop\\test\\quartet\\defaultConfigs.js","statementMap":{"0":{"start":{"line":1,"column":20},"end":{"line":1,"column":41}},"1":{"start":{"line":3,"column":2},"end":{"line":7,"column":3}},"2":{"start":{"line":4,"column":18},"end":{"line":4,"column":43}},"3":{"start":{"line":5,"column":17},"end":{"line":5,"column":28}},"4":{"start":{"line":6,"column":13},"end":{"line":6,"column":26}},"5":{"start":{"line":10,"column":0},"end":{"line":40,"column":2}},"6":{"start":{"line":10,"column":24},"end":{"line":40,"column":1}},"7":{"start":{"line":11,"column":15},"end":{"line":11,"column":36}},"8":{"start":{"line":12,"column":13},"end":{"line":12,"column":23}},"9":{"start":{"line":13,"column":18},"end":{"line":13,"column":33}},"10":{"start":{"line":14,"column":12},"end":{"line":14,"column":41}},"11":{"start":{"line":15,"column":15},"end":{"line":15,"column":36}},"12":{"start":{"line":16,"column":23},"end":{"line":16,"column":46}},"13":{"start":{"line":17,"column":15},"end":{"line":17,"column":33}},"14":{"start":{"line":18,"column":17},"end":{"line":18,"column":22}},"15":{"start":{"line":19,"column":17},"end":{"line":19,"column":22}},"16":{"start":{"line":20,"column":23},"end":{"line":20,"column":29}},"17":{"start":{"line":21,"column":23},"end":{"line":21,"column":29}},"18":{"start":{"line":22,"column":15},"end":{"line":22,"column":36}},"19":{"start":{"line":23,"column":14},"end":{"line":23,"column":30}},"20":{"start":{"line":24,"column":20},"end":{"line":24,"column":31}},"21":{"start":{"line":25,"column":18},"end":{"line":25,"column":53}},"22":{"start":{"line":26,"column":16},"end":{"line":26,"column":38}},"23":{"start":{"line":27,"column":15},"end":{"line":27,"column":36}},"24":{"start":{"line":28,"column":17},"end":{"line":28,"column":40}},"25":{"start":{"line":30,"column":4},"end":{"line":30,"column":35}},"26":{"start":{"line":31,"column":4},"end":{"line":31,"column":15}},"27":{"start":{"line":34,"column":4},"end":{"line":36,"column":5}},"28":{"start":{"line":35,"column":6},"end":{"line":35,"column":17}},"29":{"start":{"line":37,"column":28},"end":{"line":37,"column":42}},"30":{"start":{"line":38,"column":4},"end":{"line":38,"column":60}}},"fnMap":{"0":{"name":"isEmpty","decl":{"start":{"line":2,"column":9},"end":{"line":2,"column":16}},"loc":{"start":{"line":2,"column":25},"end":{"line":8,"column":1}},"line":2},"1":{"name":"(anonymous_1)","decl":{"start":{"line":10,"column":17},"end":{"line":10,"column":18}},"loc":{"start":{"line":10,"column":24},"end":{"line":40,"column":1}},"line":10},"2":{"name":"(anonymous_2)","decl":{"start":{"line":11,"column":10},"end":{"line":11,"column":11}},"loc":{"start":{"line":11,"column":15},"end":{"line":11,"column":36}},"line":11},"3":{"name":"(anonymous_3)","decl":{"start":{"line":12,"column":8},"end":{"line":12,"column":9}},"loc":{"start":{"line":12,"column":13},"end":{"line":12,"column":23}},"line":12},"4":{"name":"(anonymous_4)","decl":{"start":{"line":13,"column":13},"end":{"line":13,"column":14}},"loc":{"start":{"line":13,"column":18},"end":{"line":13,"column":33}},"line":13},"5":{"name":"(anonymous_5)","decl":{"start":{"line":14,"column":7},"end":{"line":14,"column":8}},"loc":{"start":{"line":14,"column":12},"end":{"line":14,"column":41}},"line":14},"6":{"name":"(anonymous_6)","decl":{"start":{"line":15,"column":10},"end":{"line":15,"column":11}},"loc":{"start":{"line":15,"column":15},"end":{"line":15,"column":36}},"line":15},"7":{"name":"(anonymous_7)","decl":{"start":{"line":16,"column":18},"end":{"line":16,"column":19}},"loc":{"start":{"line":16,"column":23},"end":{"line":16,"column":46}},"line":16},"8":{"name":"(anonymous_8)","decl":{"start":{"line":17,"column":10},"end":{"line":17,"column":11}},"loc":{"start":{"line":17,"column":15},"end":{"line":17,"column":33}},"line":17},"9":{"name":"(anonymous_9)","decl":{"start":{"line":18,"column":12},"end":{"line":18,"column":13}},"loc":{"start":{"line":18,"column":17},"end":{"line":18,"column":22}},"line":18},"10":{"name":"(anonymous_10)","decl":{"start":{"line":19,"column":12},"end":{"line":19,"column":13}},"loc":{"start":{"line":19,"column":17},"end":{"line":19,"column":22}},"line":19},"11":{"name":"(anonymous_11)","decl":{"start":{"line":20,"column":18},"end":{"line":20,"column":19}},"loc":{"start":{"line":20,"column":23},"end":{"line":20,"column":29}},"line":20},"12":{"name":"(anonymous_12)","decl":{"start":{"line":21,"column":18},"end":{"line":21,"column":19}},"loc":{"start":{"line":21,"column":23},"end":{"line":21,"column":29}},"line":21},"13":{"name":"(anonymous_13)","decl":{"start":{"line":22,"column":10},"end":{"line":22,"column":11}},"loc":{"start":{"line":22,"column":15},"end":{"line":22,"column":36}},"line":22},"14":{"name":"(anonymous_14)","decl":{"start":{"line":23,"column":9},"end":{"line":23,"column":10}},"loc":{"start":{"line":23,"column":14},"end":{"line":23,"column":30}},"line":23},"15":{"name":"(anonymous_15)","decl":{"start":{"line":24,"column":15},"end":{"line":24,"column":16}},"loc":{"start":{"line":24,"column":20},"end":{"line":24,"column":31}},"line":24},"16":{"name":"(anonymous_16)","decl":{"start":{"line":25,"column":13},"end":{"line":25,"column":14}},"loc":{"start":{"line":25,"column":18},"end":{"line":25,"column":53}},"line":25},"17":{"name":"(anonymous_17)","decl":{"start":{"line":26,"column":11},"end":{"line":26,"column":12}},"loc":{"start":{"line":26,"column":16},"end":{"line":26,"column":38}},"line":26},"18":{"name":"(anonymous_18)","decl":{"start":{"line":27,"column":10},"end":{"line":27,"column":11}},"loc":{"start":{"line":27,"column":15},"end":{"line":27,"column":36}},"line":27},"19":{"name":"(anonymous_19)","decl":{"start":{"line":28,"column":12},"end":{"line":28,"column":13}},"loc":{"start":{"line":28,"column":17},"end":{"line":28,"column":40}},"line":28},"20":{"name":"(anonymous_20)","decl":{"start":{"line":29,"column":7},"end":{"line":29,"column":8}},"loc":{"start":{"line":29,"column":30},"end":{"line":32,"column":3}},"line":29},"21":{"name":"(anonymous_21)","decl":{"start":{"line":33,"column":12},"end":{"line":33,"column":13}},"loc":{"start":{"line":33,"column":35},"end":{"line":39,"column":3}},"line":33}},"branchMap":{"0":{"loc":{"start":{"line":3,"column":2},"end":{"line":7,"column":3}},"type":"switch","locations":[{"start":{"line":4,"column":4},"end":{"line":4,"column":43}},{"start":{"line":5,"column":4},"end":{"line":5,"column":28}},{"start":{"line":6,"column":4},"end":{"line":6,"column":26}}],"line":3},"1":{"loc":{"start":{"line":14,"column":12},"end":{"line":14,"column":41}},"type":"binary-expr","locations":[{"start":{"line":14,"column":12},"end":{"line":14,"column":22}},{"start":{"line":14,"column":26},"end":{"line":14,"column":41}}],"line":14},"2":{"loc":{"start":{"line":25,"column":18},"end":{"line":25,"column":53}},"type":"binary-expr","locations":[{"start":{"line":25,"column":18},"end":{"line":25,"column":39}},{"start":{"line":25,"column":43},"end":{"line":25,"column":53}}],"line":25},"3":{"loc":{"start":{"line":34,"column":4},"end":{"line":36,"column":5}},"type":"if","locations":[{"start":{"line":34,"column":4},"end":{"line":36,"column":5}},{"start":{"line":34,"column":4},"end":{"line":36,"column":5}}],"line":34}},"s":{"0":1,"1":16,"2":2,"3":1,"4":13,"5":1,"6":12,"7":32,"8":10,"9":10,"10":12,"11":97,"12":14,"13":15,"14":9,"15":8,"16":8,"17":9,"18":11,"19":9,"20":16,"21":11,"22":15,"23":11,"24":12,"25":2,"26":2,"27":12,"28":9,"29":3,"30":3},"f":{"0":16,"1":12,"2":32,"3":10,"4":10,"5":12,"6":97,"7":14,"8":15,"9":9,"10":8,"11":8,"12":9,"13":11,"14":9,"15":16,"16":11,"17":15,"18":11,"19":12,"20":2,"21":12},"b":{"0":[2,1,13],"1":[12,11],"2":[11,5],"3":[9,3]},"_coverageSchema":"332fd63041d2c1bcb487cc26dd0d5f7d97098a6c","hash":"158bfcb796765b8e0bd06f43f19a1f1c7071d34e"}
,"C:\\Users\\andrew.beletskiy\\Desktop\\test\\quartet\\defaultMethods.js": {"path":"C:\\Users\\andrew.beletskiy\\Desktop\\test\\quartet\\defaultMethods.js","statementMap":{"0":{"start":{"line":1,"column":17},"end":{"line":1,"column":38}},"1":{"start":{"line":2,"column":30},"end":{"line":2,"column":38}},"2":{"start":{"line":3,"column":40},"end":{"line":3,"column":60}},"3":{"start":{"line":4,"column":18},"end":{"line":4,"column":39}},"4":{"start":{"line":5,"column":18},"end":{"line":5,"column":43}},"5":{"start":{"line":6,"column":14},"end":{"line":6,"column":32}},"6":{"start":{"line":7,"column":30},"end":{"line":7,"column":57}},"7":{"start":{"line":9,"column":26},"end":{"line":14,"column":1}},"8":{"start":{"line":10,"column":2},"end":{"line":12,"column":3}},"9":{"start":{"line":11,"column":4},"end":{"line":11,"column":15}},"10":{"start":{"line":13,"column":2},"end":{"line":13,"column":84}},"11":{"start":{"line":15,"column":0},"end":{"line":392,"column":2}},"12":{"start":{"line":15,"column":24},"end":{"line":392,"column":1}},"13":{"start":{"line":17,"column":4},"end":{"line":19,"column":5}},"14":{"start":{"line":18,"column":6},"end":{"line":18,"column":67}},"15":{"start":{"line":20,"column":4},"end":{"line":22,"column":5}},"16":{"start":{"line":20,"column":61},"end":{"line":20,"column":87}},"17":{"start":{"line":21,"column":6},"end":{"line":21,"column":66}},"18":{"start":{"line":23,"column":4},"end":{"line":23,"column":119}},"19":{"start":{"line":26,"column":4},"end":{"line":30,"column":5}},"20":{"start":{"line":27,"column":6},"end":{"line":27,"column":85}},"21":{"start":{"line":29,"column":6},"end":{"line":29,"column":18}},"22":{"start":{"line":31,"column":14},"end":{"line":31,"column":29}},"23":{"start":{"line":32,"column":4},"end":{"line":46,"column":5}},"24":{"start":{"line":34,"column":8},"end":{"line":34,"column":75}},"25":{"start":{"line":34,"column":43},"end":{"line":34,"column":74}},"26":{"start":{"line":36,"column":43},"end":{"line":37,"column":85}},"27":{"start":{"line":37,"column":53},"end":{"line":37,"column":84}},"28":{"start":{"line":38,"column":33},"end":{"line":40,"column":16}},"29":{"start":{"line":41,"column":8},"end":{"line":41,"column":61}},"30":{"start":{"line":43,"column":23},"end":{"line":43,"column":34}},"31":{"start":{"line":44,"column":21},"end":{"line":44,"column":71}},"32":{"start":{"line":45,"column":15},"end":{"line":45,"column":27}},"33":{"start":{"line":49,"column":4},"end":{"line":49,"column":62}},"34":{"start":{"line":50,"column":4},"end":{"line":52,"column":5}},"35":{"start":{"line":51,"column":6},"end":{"line":51,"column":79}},"36":{"start":{"line":53,"column":4},"end":{"line":53,"column":17}},"37":{"start":{"line":56,"column":4},"end":{"line":56,"column":36}},"38":{"start":{"line":57,"column":4},"end":{"line":59,"column":5}},"39":{"start":{"line":58,"column":6},"end":{"line":58,"column":81}},"40":{"start":{"line":58,"column":35},"end":{"line":58,"column":47}},"41":{"start":{"line":58,"column":60},"end":{"line":58,"column":80}},"42":{"start":{"line":63,"column":45},"end":{"line":63,"column":63}},"43":{"start":{"line":65,"column":20},"end":{"line":65,"column":32}},"44":{"start":{"line":66,"column":14},"end":{"line":76,"column":5}},"45":{"start":{"line":67,"column":6},"end":{"line":69,"column":7}},"46":{"start":{"line":68,"column":8},"end":{"line":68,"column":19}},"47":{"start":{"line":70,"column":26},"end":{"line":72,"column":24}},"48":{"start":{"line":73,"column":6},"end":{"line":73,"column":40}},"49":{"start":{"line":74,"column":6},"end":{"line":74,"column":37}},"50":{"start":{"line":75,"column":6},"end":{"line":75,"column":18}},"51":{"start":{"line":78,"column":6},"end":{"line":78,"column":24}},"52":{"start":{"line":79,"column":6},"end":{"line":79,"column":14}},"53":{"start":{"line":81,"column":4},"end":{"line":81,"column":27}},"54":{"start":{"line":82,"column":4},"end":{"line":82,"column":46}},"55":{"start":{"line":83,"column":4},"end":{"line":83,"column":12}},"56":{"start":{"line":86,"column":4},"end":{"line":88,"column":5}},"57":{"start":{"line":87,"column":6},"end":{"line":87,"column":66}},"58":{"start":{"line":89,"column":4},"end":{"line":89,"column":33}},"59":{"start":{"line":89,"column":18},"end":{"line":89,"column":33}},"60":{"start":{"line":92,"column":4},"end":{"line":92,"column":27}},"61":{"start":{"line":93,"column":20},"end":{"line":93,"column":32}},"62":{"start":{"line":94,"column":4},"end":{"line":100,"column":5}},"63":{"start":{"line":95,"column":6},"end":{"line":97,"column":7}},"64":{"start":{"line":96,"column":8},"end":{"line":96,"column":20}},"65":{"start":{"line":98,"column":27},"end":{"line":98,"column":34}},"66":{"start":{"line":99,"column":6},"end":{"line":99,"column":49}},"67":{"start":{"line":103,"column":4},"end":{"line":105,"column":5}},"68":{"start":{"line":104,"column":6},"end":{"line":104,"column":81}},"69":{"start":{"line":104,"column":33},"end":{"line":104,"column":80}},"70":{"start":{"line":108,"column":4},"end":{"line":112,"column":5}},"71":{"start":{"line":109,"column":6},"end":{"line":111,"column":20}},"72":{"start":{"line":111,"column":16},"end":{"line":111,"column":20}},"73":{"start":{"line":113,"column":4},"end":{"line":113,"column":27}},"74":{"start":{"line":114,"column":20},"end":{"line":114,"column":32}},"75":{"start":{"line":115,"column":4},"end":{"line":120,"column":5}},"76":{"start":{"line":116,"column":25},"end":{"line":116,"column":51}},"77":{"start":{"line":117,"column":6},"end":{"line":119,"column":14}},"78":{"start":{"line":123,"column":22},"end":{"line":123,"column":37}},"79":{"start":{"line":124,"column":4},"end":{"line":124,"column":40}},"80":{"start":{"line":124,"column":20},"end":{"line":124,"column":40}},"81":{"start":{"line":127,"column":4},"end":{"line":127,"column":27}},"82":{"start":{"line":128,"column":24},"end":{"line":128,"column":36}},"83":{"start":{"line":129,"column":4},"end":{"line":144,"column":5}},"84":{"start":{"line":130,"column":6},"end":{"line":132,"column":7}},"85":{"start":{"line":131,"column":8},"end":{"line":131,"column":20}},"86":{"start":{"line":133,"column":6},"end":{"line":135,"column":7}},"87":{"start":{"line":134,"column":8},"end":{"line":134,"column":87}},"88":{"start":{"line":134,"column":36},"end":{"line":134,"column":86}},"89":{"start":{"line":136,"column":23},"end":{"line":136,"column":27}},"90":{"start":{"line":137,"column":6},"end":{"line":142,"column":7}},"91":{"start":{"line":138,"column":38},"end":{"line":138,"column":92}},"92":{"start":{"line":139,"column":8},"end":{"line":141,"column":9}},"93":{"start":{"line":140,"column":10},"end":{"line":140,"column":28}},"94":{"start":{"line":143,"column":6},"end":{"line":143,"column":23}},"95":{"start":{"line":147,"column":4},"end":{"line":147,"column":27}},"96":{"start":{"line":148,"column":24},"end":{"line":148,"column":36}},"97":{"start":{"line":149,"column":4},"end":{"line":162,"column":5}},"98":{"start":{"line":150,"column":6},"end":{"line":150,"column":44}},"99":{"start":{"line":150,"column":32},"end":{"line":150,"column":44}},"100":{"start":{"line":151,"column":6},"end":{"line":154,"column":7}},"101":{"start":{"line":152,"column":8},"end":{"line":153,"column":92}},"102":{"start":{"line":153,"column":35},"end":{"line":153,"column":91}},"103":{"start":{"line":155,"column":24},"end":{"line":155,"column":28}},"104":{"start":{"line":156,"column":6},"end":{"line":160,"column":7}},"105":{"start":{"line":157,"column":8},"end":{"line":159,"column":9}},"106":{"start":{"line":158,"column":10},"end":{"line":158,"column":29}},"107":{"start":{"line":161,"column":6},"end":{"line":161,"column":24}},"108":{"start":{"line":165,"column":4},"end":{"line":165,"column":27}},"109":{"start":{"line":166,"column":23},"end":{"line":166,"column":35}},"110":{"start":{"line":167,"column":4},"end":{"line":178,"column":5}},"111":{"start":{"line":168,"column":6},"end":{"line":170,"column":7}},"112":{"start":{"line":169,"column":8},"end":{"line":169,"column":50}},"113":{"start":{"line":171,"column":24},"end":{"line":171,"column":28}},"114":{"start":{"line":172,"column":6},"end":{"line":176,"column":7}},"115":{"start":{"line":173,"column":8},"end":{"line":175,"column":9}},"116":{"start":{"line":174,"column":10},"end":{"line":174,"column":29}},"117":{"start":{"line":177,"column":6},"end":{"line":177,"column":24}},"118":{"start":{"line":181,"column":4},"end":{"line":181,"column":27}},"119":{"start":{"line":182,"column":20},"end":{"line":182,"column":32}},"120":{"start":{"line":183,"column":4},"end":{"line":183,"column":61}},"121":{"start":{"line":183,"column":34},"end":{"line":183,"column":61}},"122":{"start":{"line":186,"column":4},"end":{"line":186,"column":27}},"123":{"start":{"line":187,"column":4},"end":{"line":189,"column":5}},"124":{"start":{"line":192,"column":4},"end":{"line":194,"column":5}},"125":{"start":{"line":193,"column":6},"end":{"line":193,"column":54}},"126":{"start":{"line":195,"column":4},"end":{"line":205,"column":5}},"127":{"start":{"line":196,"column":6},"end":{"line":204,"column":7}},"128":{"start":{"line":199,"column":10},"end":{"line":199,"column":41}},"129":{"start":{"line":201,"column":10},"end":{"line":201,"column":34}},"130":{"start":{"line":203,"column":10},"end":{"line":203,"column":22}},"131":{"start":{"line":208,"column":4},"end":{"line":210,"column":5}},"132":{"start":{"line":209,"column":6},"end":{"line":209,"column":54}},"133":{"start":{"line":211,"column":4},"end":{"line":221,"column":5}},"134":{"start":{"line":212,"column":6},"end":{"line":220,"column":7}},"135":{"start":{"line":215,"column":10},"end":{"line":215,"column":41}},"136":{"start":{"line":217,"column":10},"end":{"line":217,"column":34}},"137":{"start":{"line":219,"column":10},"end":{"line":219,"column":22}},"138":{"start":{"line":224,"column":4},"end":{"line":224,"column":27}},"139":{"start":{"line":225,"column":4},"end":{"line":227,"column":5}},"140":{"start":{"line":226,"column":6},"end":{"line":226,"column":78}},"141":{"start":{"line":228,"column":20},"end":{"line":228,"column":32}},"142":{"start":{"line":229,"column":4},"end":{"line":240,"column":5}},"143":{"start":{"line":230,"column":6},"end":{"line":232,"column":7}},"144":{"start":{"line":231,"column":8},"end":{"line":231,"column":60}},"145":{"start":{"line":233,"column":6},"end":{"line":235,"column":7}},"146":{"start":{"line":234,"column":8},"end":{"line":234,"column":80}},"147":{"start":{"line":236,"column":6},"end":{"line":238,"column":7}},"148":{"start":{"line":237,"column":8},"end":{"line":237,"column":44}},"149":{"start":{"line":239,"column":6},"end":{"line":239,"column":18}},"150":{"start":{"line":243,"column":4},"end":{"line":243,"column":27}},"151":{"start":{"line":244,"column":20},"end":{"line":244,"column":32}},"152":{"start":{"line":245,"column":4},"end":{"line":250,"column":5}},"153":{"start":{"line":246,"column":6},"end":{"line":248,"column":7}},"154":{"start":{"line":247,"column":8},"end":{"line":247,"column":27}},"155":{"start":{"line":249,"column":6},"end":{"line":249,"column":18}},"156":{"start":{"line":253,"column":4},"end":{"line":255,"column":5}},"157":{"start":{"line":254,"column":6},"end":{"line":254,"column":52}},"158":{"start":{"line":256,"column":4},"end":{"line":260,"column":5}},"159":{"start":{"line":257,"column":6},"end":{"line":259,"column":7}},"160":{"start":{"line":261,"column":52},"end":{"line":261,"column":60}},"161":{"start":{"line":263,"column":4},"end":{"line":265,"column":5}},"162":{"start":{"line":264,"column":6},"end":{"line":264,"column":44}},"163":{"start":{"line":266,"column":4},"end":{"line":268,"column":5}},"164":{"start":{"line":267,"column":6},"end":{"line":267,"column":48}},"165":{"start":{"line":270,"column":26},"end":{"line":272,"column":12}},"166":{"start":{"line":273,"column":4},"end":{"line":309,"column":5}},"167":{"start":{"line":274,"column":6},"end":{"line":276,"column":7}},"168":{"start":{"line":275,"column":8},"end":{"line":275,"column":18}},"169":{"start":{"line":278,"column":6},"end":{"line":299,"column":7}},"170":{"start":{"line":279,"column":23},"end":{"line":279,"column":33}},"171":{"start":{"line":280,"column":8},"end":{"line":285,"column":9}},"172":{"start":{"line":281,"column":30},"end":{"line":281,"column":47}},"173":{"start":{"line":282,"column":10},"end":{"line":284,"column":11}},"174":{"start":{"line":283,"column":12},"end":{"line":283,"column":30}},"175":{"start":{"line":287,"column":8},"end":{"line":287,"column":41}},"176":{"start":{"line":287,"column":28},"end":{"line":287,"column":41}},"177":{"start":{"line":289,"column":29},"end":{"line":289,"column":60}},"178":{"start":{"line":290,"column":32},"end":{"line":290,"column":106}},"179":{"start":{"line":290,"column":78},"end":{"line":290,"column":105}},"180":{"start":{"line":292,"column":8},"end":{"line":296,"column":9}},"181":{"start":{"line":293,"column":10},"end":{"line":295,"column":11}},"182":{"start":{"line":294,"column":12},"end":{"line":294,"column":30}},"183":{"start":{"line":298,"column":8},"end":{"line":298,"column":21}},"184":{"start":{"line":300,"column":6},"end":{"line":308,"column":14}},"185":{"start":{"line":302,"column":24},"end":{"line":302,"column":32}},"186":{"start":{"line":303,"column":10},"end":{"line":303,"column":73}},"187":{"start":{"line":306,"column":10},"end":{"line":306,"column":29}},"188":{"start":{"line":307,"column":10},"end":{"line":307,"column":20}},"189":{"start":{"line":312,"column":20},"end":{"line":312,"column":32}},"190":{"start":{"line":314,"column":4},"end":{"line":329,"column":5}},"191":{"start":{"line":315,"column":6},"end":{"line":317,"column":7}},"192":{"start":{"line":316,"column":8},"end":{"line":316,"column":18}},"193":{"start":{"line":318,"column":6},"end":{"line":322,"column":7}},"194":{"start":{"line":319,"column":8},"end":{"line":321,"column":9}},"195":{"start":{"line":320,"column":10},"end":{"line":320,"column":59}},"196":{"start":{"line":323,"column":6},"end":{"line":328,"column":14}},"197":{"start":{"line":324,"column":34},"end":{"line":324,"column":85}},"198":{"start":{"line":326,"column":10},"end":{"line":326,"column":26}},"199":{"start":{"line":327,"column":10},"end":{"line":327,"column":20}},"200":{"start":{"line":332,"column":4},"end":{"line":334,"column":5}},"201":{"start":{"line":333,"column":6},"end":{"line":333,"column":38}},"202":{"start":{"line":335,"column":4},"end":{"line":337,"column":5}},"203":{"start":{"line":336,"column":6},"end":{"line":336,"column":60}},"204":{"start":{"line":338,"column":4},"end":{"line":338,"column":57}},"205":{"start":{"line":338,"column":48},"end":{"line":338,"column":53}},"206":{"start":{"line":341,"column":25},"end":{"line":341,"column":37}},"207":{"start":{"line":342,"column":4},"end":{"line":342,"column":84}},"208":{"start":{"line":342,"column":55},"end":{"line":342,"column":69}},"209":{"start":{"line":345,"column":4},"end":{"line":345,"column":27}},"210":{"start":{"line":347,"column":20},"end":{"line":347,"column":32}},"211":{"start":{"line":348,"column":4},"end":{"line":354,"column":5}},"212":{"start":{"line":349,"column":6},"end":{"line":351,"column":7}},"213":{"start":{"line":350,"column":8},"end":{"line":350,"column":19}},"214":{"start":{"line":352,"column":6},"end":{"line":352,"column":69}},"215":{"start":{"line":353,"column":6},"end":{"line":353,"column":18}},"216":{"start":{"line":357,"column":4},"end":{"line":357,"column":27}},"217":{"start":{"line":358,"column":20},"end":{"line":358,"column":32}},"218":{"start":{"line":359,"column":4},"end":{"line":374,"column":5}},"219":{"start":{"line":360,"column":6},"end":{"line":362,"column":7}},"220":{"start":{"line":361,"column":8},"end":{"line":361,"column":19}},"221":{"start":{"line":363,"column":6},"end":{"line":365,"column":7}},"222":{"start":{"line":364,"column":8},"end":{"line":364,"column":45}},"223":{"start":{"line":364,"column":35},"end":{"line":364,"column":44}},"224":{"start":{"line":367,"column":6},"end":{"line":371,"column":8}},"225":{"start":{"line":369,"column":40},"end":{"line":369,"column":45}},"226":{"start":{"line":373,"column":6},"end":{"line":373,"column":18}},"227":{"start":{"line":377,"column":4},"end":{"line":377,"column":27}},"228":{"start":{"line":379,"column":4},"end":{"line":381,"column":5}},"229":{"start":{"line":380,"column":6},"end":{"line":380,"column":88}},"230":{"start":{"line":383,"column":20},"end":{"line":383,"column":32}},"231":{"start":{"line":384,"column":4},"end":{"line":390,"column":5}},"232":{"start":{"line":385,"column":6},"end":{"line":387,"column":7}},"233":{"start":{"line":386,"column":8},"end":{"line":386,"column":19}},"234":{"start":{"line":388,"column":6},"end":{"line":388,"column":39}},"235":{"start":{"line":389,"column":6},"end":{"line":389,"column":18}}},"fnMap":{"0":{"name":"(anonymous_0)","decl":{"start":{"line":9,"column":26},"end":{"line":9,"column":27}},"loc":{"start":{"line":9,"column":47},"end":{"line":14,"column":1}},"line":9},"1":{"name":"(anonymous_1)","decl":{"start":{"line":15,"column":17},"end":{"line":15,"column":18}},"loc":{"start":{"line":15,"column":24},"end":{"line":392,"column":1}},"line":15},"2":{"name":"(anonymous_2)","decl":{"start":{"line":20,"column":51},"end":{"line":20,"column":52}},"loc":{"start":{"line":20,"column":61},"end":{"line":20,"column":87}},"line":20},"3":{"name":"(anonymous_3)","decl":{"start":{"line":34,"column":28},"end":{"line":34,"column":29}},"loc":{"start":{"line":34,"column":43},"end":{"line":34,"column":74}},"line":34},"4":{"name":"(anonymous_4)","decl":{"start":{"line":37,"column":38},"end":{"line":37,"column":39}},"loc":{"start":{"line":37,"column":53},"end":{"line":37,"column":84}},"line":37},"5":{"name":"(anonymous_5)","decl":{"start":{"line":57,"column":11},"end":{"line":57,"column":12}},"loc":{"start":{"line":57,"column":34},"end":{"line":59,"column":5}},"line":57},"6":{"name":"(anonymous_6)","decl":{"start":{"line":58,"column":25},"end":{"line":58,"column":26}},"loc":{"start":{"line":58,"column":35},"end":{"line":58,"column":47}},"line":58},"7":{"name":"(anonymous_7)","decl":{"start":{"line":58,"column":55},"end":{"line":58,"column":56}},"loc":{"start":{"line":58,"column":60},"end":{"line":58,"column":80}},"line":58},"8":{"name":"(anonymous_8)","decl":{"start":{"line":63,"column":21},"end":{"line":63,"column":22}},"loc":{"start":{"line":63,"column":45},"end":{"line":63,"column":63}},"line":63},"9":{"name":"(anonymous_9)","decl":{"start":{"line":66,"column":14},"end":{"line":66,"column":15}},"loc":{"start":{"line":66,"column":35},"end":{"line":76,"column":5}},"line":66},"10":{"name":"innerResetExplanation","decl":{"start":{"line":77,"column":13},"end":{"line":77,"column":34}},"loc":{"start":{"line":77,"column":38},"end":{"line":80,"column":5}},"line":77},"11":{"name":"(anonymous_11)","decl":{"start":{"line":89,"column":11},"end":{"line":89,"column":12}},"loc":{"start":{"line":89,"column":18},"end":{"line":89,"column":33}},"line":89},"12":{"name":"(anonymous_12)","decl":{"start":{"line":94,"column":11},"end":{"line":94,"column":12}},"loc":{"start":{"line":94,"column":34},"end":{"line":100,"column":5}},"line":94},"13":{"name":"(anonymous_13)","decl":{"start":{"line":103,"column":11},"end":{"line":103,"column":12}},"loc":{"start":{"line":103,"column":18},"end":{"line":105,"column":5}},"line":103},"14":{"name":"(anonymous_14)","decl":{"start":{"line":104,"column":25},"end":{"line":104,"column":26}},"loc":{"start":{"line":104,"column":33},"end":{"line":104,"column":80}},"line":104},"15":{"name":"(anonymous_15)","decl":{"start":{"line":111,"column":10},"end":{"line":111,"column":11}},"loc":{"start":{"line":111,"column":16},"end":{"line":111,"column":20}},"line":111},"16":{"name":"(anonymous_16)","decl":{"start":{"line":115,"column":11},"end":{"line":115,"column":12}},"loc":{"start":{"line":115,"column":34},"end":{"line":120,"column":5}},"line":115},"17":{"name":"(anonymous_17)","decl":{"start":{"line":124,"column":11},"end":{"line":124,"column":12}},"loc":{"start":{"line":124,"column":20},"end":{"line":124,"column":40}},"line":124},"18":{"name":"(anonymous_18)","decl":{"start":{"line":129,"column":11},"end":{"line":129,"column":12}},"loc":{"start":{"line":129,"column":32},"end":{"line":144,"column":5}},"line":129},"19":{"name":"(anonymous_19)","decl":{"start":{"line":134,"column":25},"end":{"line":134,"column":26}},"loc":{"start":{"line":134,"column":36},"end":{"line":134,"column":86}},"line":134},"20":{"name":"(anonymous_20)","decl":{"start":{"line":149,"column":11},"end":{"line":149,"column":12}},"loc":{"start":{"line":149,"column":33},"end":{"line":162,"column":5}},"line":149},"21":{"name":"(anonymous_21)","decl":{"start":{"line":153,"column":17},"end":{"line":153,"column":18}},"loc":{"start":{"line":153,"column":35},"end":{"line":153,"column":91}},"line":153},"22":{"name":"(anonymous_22)","decl":{"start":{"line":167,"column":11},"end":{"line":167,"column":12}},"loc":{"start":{"line":167,"column":19},"end":{"line":178,"column":5}},"line":167},"23":{"name":"(anonymous_23)","decl":{"start":{"line":183,"column":11},"end":{"line":183,"column":12}},"loc":{"start":{"line":183,"column":34},"end":{"line":183,"column":61}},"line":183},"24":{"name":"(anonymous_24)","decl":{"start":{"line":195,"column":11},"end":{"line":195,"column":12}},"loc":{"start":{"line":195,"column":20},"end":{"line":205,"column":5}},"line":195},"25":{"name":"(anonymous_25)","decl":{"start":{"line":211,"column":11},"end":{"line":211,"column":12}},"loc":{"start":{"line":211,"column":20},"end":{"line":221,"column":5}},"line":211},"26":{"name":"(anonymous_26)","decl":{"start":{"line":229,"column":11},"end":{"line":229,"column":12}},"loc":{"start":{"line":229,"column":34},"end":{"line":240,"column":5}},"line":229},"27":{"name":"(anonymous_27)","decl":{"start":{"line":245,"column":11},"end":{"line":245,"column":12}},"loc":{"start":{"line":245,"column":34},"end":{"line":250,"column":5}},"line":245},"28":{"name":"(anonymous_28)","decl":{"start":{"line":273,"column":11},"end":{"line":273,"column":12}},"loc":{"start":{"line":273,"column":32},"end":{"line":309,"column":5}},"line":273},"29":{"name":"(anonymous_29)","decl":{"start":{"line":290,"column":62},"end":{"line":290,"column":63}},"loc":{"start":{"line":290,"column":78},"end":{"line":290,"column":105}},"line":290},"30":{"name":"(anonymous_30)","decl":{"start":{"line":301,"column":16},"end":{"line":301,"column":17}},"loc":{"start":{"line":301,"column":35},"end":{"line":304,"column":9}},"line":301},"31":{"name":"(anonymous_31)","decl":{"start":{"line":305,"column":16},"end":{"line":305,"column":17}},"loc":{"start":{"line":305,"column":32},"end":{"line":308,"column":9}},"line":305},"32":{"name":"(anonymous_32)","decl":{"start":{"line":314,"column":11},"end":{"line":314,"column":12}},"loc":{"start":{"line":314,"column":32},"end":{"line":329,"column":5}},"line":314},"33":{"name":"(anonymous_33)","decl":{"start":{"line":319,"column":26},"end":{"line":319,"column":27}},"loc":{"start":{"line":320,"column":10},"end":{"line":320,"column":59}},"line":320},"34":{"name":"(anonymous_34)","decl":{"start":{"line":324,"column":16},"end":{"line":324,"column":17}},"loc":{"start":{"line":324,"column":34},"end":{"line":324,"column":85}},"line":324},"35":{"name":"(anonymous_35)","decl":{"start":{"line":325,"column":16},"end":{"line":325,"column":17}},"loc":{"start":{"line":325,"column":39},"end":{"line":328,"column":9}},"line":325},"36":{"name":"(anonymous_36)","decl":{"start":{"line":338,"column":42},"end":{"line":338,"column":43}},"loc":{"start":{"line":338,"column":48},"end":{"line":338,"column":53}},"line":338},"37":{"name":"(anonymous_37)","decl":{"start":{"line":342,"column":35},"end":{"line":342,"column":36}},"loc":{"start":{"line":342,"column":55},"end":{"line":342,"column":69}},"line":342},"38":{"name":"(anonymous_38)","decl":{"start":{"line":348,"column":11},"end":{"line":348,"column":12}},"loc":{"start":{"line":348,"column":34},"end":{"line":354,"column":5}},"line":348},"39":{"name":"(anonymous_39)","decl":{"start":{"line":359,"column":11},"end":{"line":359,"column":12}},"loc":{"start":{"line":359,"column":34},"end":{"line":374,"column":5}},"line":359},"40":{"name":"(anonymous_40)","decl":{"start":{"line":364,"column":30},"end":{"line":364,"column":31}},"loc":{"start":{"line":364,"column":35},"end":{"line":364,"column":44}},"line":364},"41":{"name":"(anonymous_41)","decl":{"start":{"line":369,"column":35},"end":{"line":369,"column":36}},"loc":{"start":{"line":369,"column":40},"end":{"line":369,"column":45}},"line":369},"42":{"name":"(anonymous_42)","decl":{"start":{"line":384,"column":11},"end":{"line":384,"column":12}},"loc":{"start":{"line":384,"column":34},"end":{"line":390,"column":5}},"line":384}},"branchMap":{"0":{"loc":{"start":{"line":10,"column":2},"end":{"line":12,"column":3}},"type":"if","locations":[{"start":{"line":10,"column":2},"end":{"line":12,"column":3}},{"start":{"line":10,"column":2},"end":{"line":12,"column":3}}],"line":10},"1":{"loc":{"start":{"line":17,"column":4},"end":{"line":19,"column":5}},"type":"if","locations":[{"start":{"line":17,"column":4},"end":{"line":19,"column":5}},{"start":{"line":17,"column":4},"end":{"line":19,"column":5}}],"line":17},"2":{"loc":{"start":{"line":20,"column":4},"end":{"line":22,"column":5}},"type":"if","locations":[{"start":{"line":20,"column":4},"end":{"line":22,"column":5}},{"start":{"line":20,"column":4},"end":{"line":22,"column":5}}],"line":20},"3":{"loc":{"start":{"line":32,"column":4},"end":{"line":46,"column":5}},"type":"switch","locations":[{"start":{"line":33,"column":6},"end":{"line":34,"column":75}},{"start":{"line":35,"column":6},"end":{"line":42,"column":7}},{"start":{"line":43,"column":6},"end":{"line":43,"column":34}},{"start":{"line":44,"column":6},"end":{"line":44,"column":71}},{"start":{"line":45,"column":6},"end":{"line":45,"column":27}}],"line":32},"4":{"loc":{"start":{"line":36,"column":43},"end":{"line":37,"column":85}},"type":"binary-expr","locations":[{"start":{"line":36,"column":43},"end":{"line":36,"column":75}},{"start":{"line":37,"column":10},"end":{"line":37,"column":85}}],"line":36},"5":{"loc":{"start":{"line":38,"column":33},"end":{"line":40,"column":16}},"type":"cond-expr","locations":[{"start":{"line":39,"column":12},"end":{"line":39,"column":50}},{"start":{"line":40,"column":12},"end":{"line":40,"column":16}}],"line":38},"6":{"loc":{"start":{"line":41,"column":15},"end":{"line":41,"column":61}},"type":"binary-expr","locations":[{"start":{"line":41,"column":15},"end":{"line":41,"column":41}},{"start":{"line":41,"column":45},"end":{"line":41,"column":61}}],"line":41},"7":{"loc":{"start":{"line":50,"column":4},"end":{"line":52,"column":5}},"type":"if","locations":[{"start":{"line":50,"column":4},"end":{"line":52,"column":5}},{"start":{"line":50,"column":4},"end":{"line":52,"column":5}}],"line":50},"8":{"loc":{"start":{"line":63,"column":4},"end":{"line":63,"column":64}},"type":"default-arg","locations":[{"start":{"line":63,"column":21},"end":{"line":63,"column":64}}],"line":63},"9":{"loc":{"start":{"line":67,"column":6},"end":{"line":69,"column":7}},"type":"if","locations":[{"start":{"line":67,"column":6},"end":{"line":69,"column":7}},{"start":{"line":67,"column":6},"end":{"line":69,"column":7}}],"line":67},"10":{"loc":{"start":{"line":70,"column":26},"end":{"line":72,"column":24}},"type":"cond-expr","locations":[{"start":{"line":71,"column":10},"end":{"line":71,"column":41}},{"start":{"line":72,"column":10},"end":{"line":72,"column":24}}],"line":70},"11":{"loc":{"start":{"line":86,"column":4},"end":{"line":88,"column":5}},"type":"if","locations":[{"start":{"line":86,"column":4},"end":{"line":88,"column":5}},{"start":{"line":86,"column":4},"end":{"line":88,"column":5}}],"line":86},"12":{"loc":{"start":{"line":95,"column":6},"end":{"line":97,"column":7}},"type":"if","locations":[{"start":{"line":95,"column":6},"end":{"line":97,"column":7}},{"start":{"line":95,"column":6},"end":{"line":97,"column":7}}],"line":95},"13":{"loc":{"start":{"line":108,"column":4},"end":{"line":112,"column":5}},"type":"if","locations":[{"start":{"line":108,"column":4},"end":{"line":112,"column":5}},{"start":{"line":108,"column":4},"end":{"line":112,"column":5}}],"line":108},"14":{"loc":{"start":{"line":109,"column":13},"end":{"line":111,"column":20}},"type":"cond-expr","locations":[{"start":{"line":110,"column":10},"end":{"line":110,"column":27}},{"start":{"line":111,"column":10},"end":{"line":111,"column":20}}],"line":109},"15":{"loc":{"start":{"line":117,"column":13},"end":{"line":119,"column":14}},"type":"cond-expr","locations":[{"start":{"line":118,"column":10},"end":{"line":118,"column":46}},{"start":{"line":119,"column":10},"end":{"line":119,"column":14}}],"line":117},"16":{"loc":{"start":{"line":130,"column":6},"end":{"line":132,"column":7}},"type":"if","locations":[{"start":{"line":130,"column":6},"end":{"line":132,"column":7}},{"start":{"line":130,"column":6},"end":{"line":132,"column":7}}],"line":130},"17":{"loc":{"start":{"line":133,"column":6},"end":{"line":135,"column":7}},"type":"if","locations":[{"start":{"line":133,"column":6},"end":{"line":135,"column":7}},{"start":{"line":133,"column":6},"end":{"line":135,"column":7}}],"line":133},"18":{"loc":{"start":{"line":139,"column":8},"end":{"line":141,"column":9}},"type":"if","locations":[{"start":{"line":139,"column":8},"end":{"line":141,"column":9}},{"start":{"line":139,"column":8},"end":{"line":141,"column":9}}],"line":139},"19":{"loc":{"start":{"line":150,"column":6},"end":{"line":150,"column":44}},"type":"if","locations":[{"start":{"line":150,"column":6},"end":{"line":150,"column":44}},{"start":{"line":150,"column":6},"end":{"line":150,"column":44}}],"line":150},"20":{"loc":{"start":{"line":151,"column":6},"end":{"line":154,"column":7}},"type":"if","locations":[{"start":{"line":151,"column":6},"end":{"line":154,"column":7}},{"start":{"line":151,"column":6},"end":{"line":154,"column":7}}],"line":151},"21":{"loc":{"start":{"line":157,"column":8},"end":{"line":159,"column":9}},"type":"if","locations":[{"start":{"line":157,"column":8},"end":{"line":159,"column":9}},{"start":{"line":157,"column":8},"end":{"line":159,"column":9}}],"line":157},"22":{"loc":{"start":{"line":168,"column":6},"end":{"line":170,"column":7}},"type":"if","locations":[{"start":{"line":168,"column":6},"end":{"line":170,"column":7}},{"start":{"line":168,"column":6},"end":{"line":170,"column":7}}],"line":168},"23":{"loc":{"start":{"line":173,"column":8},"end":{"line":175,"column":9}},"type":"if","locations":[{"start":{"line":173,"column":8},"end":{"line":175,"column":9}},{"start":{"line":173,"column":8},"end":{"line":175,"column":9}}],"line":173},"24":{"loc":{"start":{"line":192,"column":4},"end":{"line":194,"column":5}},"type":"if","locations":[{"start":{"line":192,"column":4},"end":{"line":194,"column":5}},{"start":{"line":192,"column":4},"end":{"line":194,"column":5}}],"line":192},"25":{"loc":{"start":{"line":196,"column":6},"end":{"line":204,"column":7}},"type":"switch","locations":[{"start":{"line":197,"column":8},"end":{"line":197,"column":22}},{"start":{"line":198,"column":8},"end":{"line":199,"column":41}},{"start":{"line":200,"column":8},"end":{"line":201,"column":34}},{"start":{"line":202,"column":8},"end":{"line":203,"column":22}}],"line":196},"26":{"loc":{"start":{"line":208,"column":4},"end":{"line":210,"column":5}},"type":"if","locations":[{"start":{"line":208,"column":4},"end":{"line":210,"column":5}},{"start":{"line":208,"column":4},"end":{"line":210,"column":5}}],"line":208},"27":{"loc":{"start":{"line":212,"column":6},"end":{"line":220,"column":7}},"type":"switch","locations":[{"start":{"line":213,"column":8},"end":{"line":213,"column":22}},{"start":{"line":214,"column":8},"end":{"line":215,"column":41}},{"start":{"line":216,"column":8},"end":{"line":217,"column":34}},{"start":{"line":218,"column":8},"end":{"line":219,"column":22}}],"line":212},"28":{"loc":{"start":{"line":223,"column":22},"end":{"line":223,"column":58}},"type":"default-arg","locations":[{"start":{"line":223,"column":40},"end":{"line":223,"column":58}}],"line":223},"29":{"loc":{"start":{"line":225,"column":4},"end":{"line":227,"column":5}},"type":"if","locations":[{"start":{"line":225,"column":4},"end":{"line":227,"column":5}},{"start":{"line":225,"column":4},"end":{"line":227,"column":5}}],"line":225},"30":{"loc":{"start":{"line":233,"column":6},"end":{"line":235,"column":7}},"type":"if","locations":[{"start":{"line":233,"column":6},"end":{"line":235,"column":7}},{"start":{"line":233,"column":6},"end":{"line":235,"column":7}}],"line":233},"31":{"loc":{"start":{"line":236,"column":6},"end":{"line":238,"column":7}},"type":"if","locations":[{"start":{"line":236,"column":6},"end":{"line":238,"column":7}},{"start":{"line":236,"column":6},"end":{"line":238,"column":7}}],"line":236},"32":{"loc":{"start":{"line":246,"column":6},"end":{"line":248,"column":7}},"type":"if","locations":[{"start":{"line":246,"column":6},"end":{"line":248,"column":7}},{"start":{"line":246,"column":6},"end":{"line":248,"column":7}}],"line":246},"33":{"loc":{"start":{"line":252,"column":31},"end":{"line":252,"column":65}},"type":"default-arg","locations":[{"start":{"line":252,"column":42},"end":{"line":252,"column":65}}],"line":252},"34":{"loc":{"start":{"line":253,"column":4},"end":{"line":255,"column":5}},"type":"if","locations":[{"start":{"line":253,"column":4},"end":{"line":255,"column":5}},{"start":{"line":253,"column":4},"end":{"line":255,"column":5}}],"line":253},"35":{"loc":{"start":{"line":256,"column":4},"end":{"line":260,"column":5}},"type":"if","locations":[{"start":{"line":256,"column":4},"end":{"line":260,"column":5}},{"start":{"line":256,"column":4},"end":{"line":260,"column":5}}],"line":256},"36":{"loc":{"start":{"line":261,"column":27},"end":{"line":261,"column":47}},"type":"default-arg","locations":[{"start":{"line":261,"column":43},"end":{"line":261,"column":47}}],"line":261},"37":{"loc":{"start":{"line":263,"column":11},"end":{"line":263,"column":63}},"type":"binary-expr","locations":[{"start":{"line":263,"column":11},"end":{"line":263,"column":36}},{"start":{"line":263,"column":40},"end":{"line":263,"column":63}}],"line":263},"38":{"loc":{"start":{"line":266,"column":4},"end":{"line":268,"column":5}},"type":"if","locations":[{"start":{"line":266,"column":4},"end":{"line":268,"column":5}},{"start":{"line":266,"column":4},"end":{"line":268,"column":5}}],"line":266},"39":{"loc":{"start":{"line":270,"column":26},"end":{"line":272,"column":12}},"type":"cond-expr","locations":[{"start":{"line":271,"column":8},"end":{"line":271,"column":35}},{"start":{"line":272,"column":8},"end":{"line":272,"column":12}}],"line":270},"40":{"loc":{"start":{"line":274,"column":6},"end":{"line":276,"column":7}},"type":"if","locations":[{"start":{"line":274,"column":6},"end":{"line":276,"column":7}},{"start":{"line":274,"column":6},"end":{"line":276,"column":7}}],"line":274},"41":{"loc":{"start":{"line":278,"column":6},"end":{"line":299,"column":7}},"type":"if","locations":[{"start":{"line":278,"column":6},"end":{"line":299,"column":7}},{"start":{"line":278,"column":6},"end":{"line":299,"column":7}}],"line":278},"42":{"loc":{"start":{"line":278,"column":10},"end":{"line":278,"column":41}},"type":"binary-expr","locations":[{"start":{"line":278,"column":10},"end":{"line":278,"column":24}},{"start":{"line":278,"column":28},"end":{"line":278,"column":41}}],"line":278},"43":{"loc":{"start":{"line":282,"column":10},"end":{"line":284,"column":11}},"type":"if","locations":[{"start":{"line":282,"column":10},"end":{"line":284,"column":11}},{"start":{"line":282,"column":10},"end":{"line":284,"column":11}}],"line":282},"44":{"loc":{"start":{"line":287,"column":8},"end":{"line":287,"column":41}},"type":"if","locations":[{"start":{"line":287,"column":8},"end":{"line":287,"column":41}},{"start":{"line":287,"column":8},"end":{"line":287,"column":41}}],"line":287},"45":{"loc":{"start":{"line":293,"column":10},"end":{"line":295,"column":11}},"type":"if","locations":[{"start":{"line":293,"column":10},"end":{"line":295,"column":11}},{"start":{"line":293,"column":10},"end":{"line":295,"column":11}}],"line":293},"46":{"loc":{"start":{"line":315,"column":6},"end":{"line":317,"column":7}},"type":"if","locations":[{"start":{"line":315,"column":6},"end":{"line":317,"column":7}},{"start":{"line":315,"column":6},"end":{"line":317,"column":7}}],"line":315},"47":{"loc":{"start":{"line":318,"column":6},"end":{"line":322,"column":7}},"type":"if","locations":[{"start":{"line":318,"column":6},"end":{"line":322,"column":7}},{"start":{"line":318,"column":6},"end":{"line":322,"column":7}}],"line":318},"48":{"loc":{"start":{"line":335,"column":4},"end":{"line":337,"column":5}},"type":"if","locations":[{"start":{"line":335,"column":4},"end":{"line":337,"column":5}},{"start":{"line":335,"column":4},"end":{"line":337,"column":5}}],"line":335},"49":{"loc":{"start":{"line":349,"column":6},"end":{"line":351,"column":7}},"type":"if","locations":[{"start":{"line":349,"column":6},"end":{"line":351,"column":7}},{"start":{"line":349,"column":6},"end":{"line":351,"column":7}}],"line":349},"50":{"loc":{"start":{"line":360,"column":6},"end":{"line":362,"column":7}},"type":"if","locations":[{"start":{"line":360,"column":6},"end":{"line":362,"column":7}},{"start":{"line":360,"column":6},"end":{"line":362,"column":7}}],"line":360},"51":{"loc":{"start":{"line":363,"column":6},"end":{"line":365,"column":7}},"type":"if","locations":[{"start":{"line":363,"column":6},"end":{"line":365,"column":7}},{"start":{"line":363,"column":6},"end":{"line":365,"column":7}}],"line":363},"52":{"loc":{"start":{"line":379,"column":4},"end":{"line":381,"column":5}},"type":"if","locations":[{"start":{"line":379,"column":4},"end":{"line":381,"column":5}},{"start":{"line":379,"column":4},"end":{"line":381,"column":5}}],"line":379},"53":{"loc":{"start":{"line":385,"column":6},"end":{"line":387,"column":7}},"type":"if","locations":[{"start":{"line":385,"column":6},"end":{"line":387,"column":7}},{"start":{"line":385,"column":6},"end":{"line":387,"column":7}}],"line":385}},"s":{"0":1,"1":1,"2":1,"3":1,"4":1,"5":1,"6":1,"7":1,"8":7,"9":1,"10":6,"11":1,"12":12,"13":6,"14":1,"15":5,"16":5,"17":1,"18":4,"19":31,"20":31,"21":1,"22":30,"23":30,"24":3,"25":2,"26":4,"27":2,"28":4,"29":4,"30":9,"31":7,"32":7,"33":3,"34":2,"35":1,"36":1,"37":4,"38":4,"39":4,"40":9,"41":6,"42":2,"43":13,"44":13,"45":35,"46":16,"47":19,"48":19,"49":19,"50":19,"51":14,"52":14,"53":13,"54":13,"55":13,"56":2,"57":1,"58":1,"59":6,"60":3,"61":3,"62":3,"63":7,"64":1,"65":6,"66":6,"67":1,"68":6,"69":13,"70":6,"71":4,"72":3,"73":2,"74":2,"75":2,"76":6,"77":6,"78":2,"79":2,"80":14,"81":5,"82":5,"83":5,"84":13,"85":7,"86":6,"87":1,"88":2,"89":5,"90":5,"91":116,"92":116,"93":4,"94":5,"95":2,"96":2,"97":2,"98":11,"99":5,"100":6,"101":1,"102":3,"103":5,"104":5,"105":8,"106":2,"107":5,"108":2,"109":2,"110":2,"111":6,"112":1,"113":5,"114":5,"115":7,"116":2,"117":5,"118":1,"119":1,"120":1,"121":10,"122":7,"123":6,"124":4,"125":1,"126":3,"127":16,"128":8,"129":7,"130":1,"131":4,"132":1,"133":3,"134":15,"135":8,"136":6,"137":1,"138":6,"139":6,"140":1,"141":5,"142":5,"143":5,"144":2,"145":5,"146":1,"147":4,"148":3,"149":1,"150":2,"151":2,"152":2,"153":2,"154":1,"155":1,"156":13,"157":1,"158":12,"159":2,"160":10,"161":10,"162":1,"163":10,"164":2,"165":8,"166":8,"167":10,"168":4,"169":6,"170":3,"171":3,"172":13,"173":13,"174":4,"175":3,"176":2,"177":1,"178":1,"179":2,"180":1,"181":1,"182":0,"183":1,"184":3,"185":13,"186":13,"187":9,"188":9,"189":11,"190":11,"191":11,"192":4,"193":7,"194":4,"195":23,"196":3,"197":9,"198":7,"199":7,"200":7,"201":2,"202":7,"203":5,"204":2,"205":2,"206":3,"207":3,"208":1,"209":1,"210":1,"211":1,"212":1,"213":0,"214":1,"215":1,"216":0,"217":0,"218":0,"219":0,"220":0,"221":0,"222":0,"223":0,"224":0,"225":0,"226":0,"227":0,"228":0,"229":0,"230":0,"231":0,"232":0,"233":0,"234":0,"235":0},"f":{"0":7,"1":12,"2":5,"3":2,"4":2,"5":4,"6":9,"7":6,"8":2,"9":35,"10":14,"11":6,"12":7,"13":6,"14":13,"15":3,"16":6,"17":14,"18":13,"19":2,"20":11,"21":3,"22":6,"23":10,"24":16,"25":15,"26":5,"27":2,"28":10,"29":2,"30":13,"31":9,"32":11,"33":23,"34":9,"35":7,"36":2,"37":1,"38":1,"39":0,"40":0,"41":0,"42":0},"b":{"0":[1,6],"1":[1,5],"2":[1,4],"3":[3,4,9,7,7],"4":[4,2],"5":[1,3],"6":[4,4],"7":[1,1],"8":[4],"9":[16,19],"10":[15,4],"11":[1,1],"12":[1,6],"13":[4,2],"14":[2,2],"15":[4,2],"16":[7,6],"17":[1,5],"18":[4,112],"19":[5,6],"20":[1,5],"21":[2,6],"22":[1,5],"23":[2,5],"24":[1,3],"25":[4,8,7,1],"26":[1,3],"27":[4,8,6,1],"28":[1],"29":[1,5],"30":[1,4],"31":[3,1],"32":[1,1],"33":[7],"34":[1,12],"35":[2,10],"36":[1],"37":[11,3],"38":[2,8],"39":[1,7],"40":[4,6],"41":[3,3],"42":[6,4],"43":[4,9],"44":[2,1],"45":[0,1],"46":[4,7],"47":[4,3],"48":[5,2],"49":[0,1],"50":[0,0],"51":[0,0],"52":[0,0],"53":[0,0]},"_coverageSchema":"332fd63041d2c1bcb487cc26dd0d5f7d97098a6c","hash":"ebbbd15baab4d11f13c15b4123b93645e2118160"}
,"C:\\Users\\andrew.beletskiy\\Desktop\\test\\quartet\\fixReducers.js": {"path":"C:\\Users\\andrew.beletskiy\\Desktop\\test\\quartet\\fixReducers.js","statementMap":{"0":{"start":{"line":1,"column":26},"end":{"line":16,"column":1}},"1":{"start":{"line":1,"column":53},"end":{"line":16,"column":1}},"2":{"start":{"line":2,"column":2},"end":{"line":4,"column":3}},"3":{"start":{"line":3,"column":4},"end":{"line":3,"column":23}},"4":{"start":{"line":5,"column":22},"end":{"line":5,"column":27}},"5":{"start":{"line":6,"column":13},"end":{"line":6,"column":42}},"6":{"start":{"line":6,"column":38},"end":{"line":6,"column":41}},"7":{"start":{"line":7,"column":2},"end":{"line":12,"column":3}},"8":{"start":{"line":8,"column":4},"end":{"line":10,"column":5}},"9":{"start":{"line":9,"column":6},"end":{"line":9,"column":18}},"10":{"start":{"line":11,"column":4},"end":{"line":11,"column":42}},"11":{"start":{"line":13,"column":21},"end":{"line":13,"column":25}},"12":{"start":{"line":14,"column":2},"end":{"line":14,"column":40}},"13":{"start":{"line":15,"column":2},"end":{"line":15,"column":14}},"14":{"start":{"line":18,"column":0},"end":{"line":20,"column":1}}},"fnMap":{"0":{"name":"(anonymous_0)","decl":{"start":{"line":1,"column":26},"end":{"line":1,"column":27}},"loc":{"start":{"line":1,"column":53},"end":{"line":16,"column":1}},"line":1},"1":{"name":"(anonymous_1)","decl":{"start":{"line":1,"column":53},"end":{"line":1,"column":54}},"loc":{"start":{"line":1,"column":62},"end":{"line":16,"column":1}},"line":1},"2":{"name":"(anonymous_2)","decl":{"start":{"line":6,"column":25},"end":{"line":6,"column":26}},"loc":{"start":{"line":6,"column":38},"end":{"line":6,"column":41}},"line":6}},"branchMap":{"0":{"loc":{"start":{"line":2,"column":2},"end":{"line":4,"column":3}},"type":"if","locations":[{"start":{"line":2,"column":2},"end":{"line":4,"column":3}},{"start":{"line":2,"column":2},"end":{"line":4,"column":3}}],"line":2},"1":{"loc":{"start":{"line":8,"column":4},"end":{"line":10,"column":5}},"type":"if","locations":[{"start":{"line":8,"column":4},"end":{"line":10,"column":5}},{"start":{"line":8,"column":4},"end":{"line":10,"column":5}}],"line":8}},"s":{"0":1,"1":1,"2":1,"3":0,"4":1,"5":1,"6":1,"7":1,"8":0,"9":0,"10":0,"11":1,"12":1,"13":1,"14":1},"f":{"0":1,"1":1,"2":1},"b":{"0":[0,1],"1":[0,0]},"_coverageSchema":"332fd63041d2c1bcb487cc26dd0d5f7d97098a6c","hash":"27d221fbbbe4edc1f525dc69640ab0b571713897"}
,"C:\\Users\\andrew.beletskiy\\Desktop\\test\\quartet\\fixTypes.js": {"path":"C:\\Users\\andrew.beletskiy\\Desktop\\test\\quartet\\fixTypes.js","statementMap":{"0":{"start":{"line":1,"column":0},"end":{"line":3,"column":1}}},"fnMap":{},"branchMap":{},"s":{"0":1},"f":{},"b":{},"_coverageSchema":"332fd63041d2c1bcb487cc26dd0d5f7d97098a6c","hash":"81ad89693e7f53f974486a706c53deaebfbcbec6"}
,"C:\\Users\\andrew.beletskiy\\Desktop\\test\\quartet\\index.js": {"path":"C:\\Users\\andrew.beletskiy\\Desktop\\test\\quartet\\index.js","statementMap":{"0":{"start":{"line":1,"column":17},"end":{"line":1,"column":38}},"1":{"start":{"line":2,"column":30},"end":{"line":2,"column":38}},"2":{"start":{"line":3,"column":36},"end":{"line":3,"column":63}},"3":{"start":{"line":4,"column":26},"end":{"line":4,"column":53}},"4":{"start":{"line":5,"column":18},"end":{"line":5,"column":40}},"5":{"start":{"line":7,"column":40},"end":{"line":7,"column":60}},"6":{"start":{"line":9,"column":24},"end":{"line":12,"column":1}},"7":{"start":{"line":10,"column":18},"end":{"line":10,"column":29}},"8":{"start":{"line":11,"column":2},"end":{"line":11,"column":58}},"9":{"start":{"line":11,"column":32},"end":{"line":11,"column":58}},"10":{"start":{"line":14,"column":22},"end":{"line":21,"column":1}},"11":{"start":{"line":15,"column":25},"end":{"line":15,"column":28}},"12":{"start":{"line":16,"column":23},"end":{"line":16,"column":39}},"13":{"start":{"line":17,"column":2},"end":{"line":19,"column":3}},"14":{"start":{"line":18,"column":4},"end":{"line":18,"column":63}},"15":{"start":{"line":20,"column":2},"end":{"line":20,"column":39}},"16":{"start":{"line":23,"column":18},"end":{"line":26,"column":1}},"17":{"start":{"line":24,"column":2},"end":{"line":24,"column":30}},"18":{"start":{"line":25,"column":2},"end":{"line":25,"column":91}},"19":{"start":{"line":25,"column":32},"end":{"line":25,"column":91}},"20":{"start":{"line":25,"column":51},"end":{"line":25,"column":90}},"21":{"start":{"line":28,"column":19},"end":{"line":73,"column":1}},"22":{"start":{"line":29,"column":2},"end":{"line":72,"column":3}},"23":{"start":{"line":30,"column":4},"end":{"line":32,"column":5}},"24":{"start":{"line":31,"column":6},"end":{"line":31,"column":18}},"25":{"start":{"line":33,"column":4},"end":{"line":49,"column":5}},"26":{"start":{"line":34,"column":6},"end":{"line":38,"column":7}},"27":{"start":{"line":35,"column":27},"end":{"line":35,"column":35}},"28":{"start":{"line":36,"column":34},"end":{"line":36,"column":108}},"29":{"start":{"line":37,"column":8},"end":{"line":37,"column":44}},"30":{"start":{"line":37,"column":32},"end":{"line":37,"column":44}},"31":{"start":{"line":40,"column":6},"end":{"line":40,"column":61}},"32":{"start":{"line":40,"column":50},"end":{"line":40,"column":61}},"33":{"start":{"line":42,"column":30},"end":{"line":42,"column":61}},"34":{"start":{"line":44,"column":26},"end":{"line":44,"column":61}},"35":{"start":{"line":46,"column":6},"end":{"line":48,"column":89}},"36":{"start":{"line":47,"column":28},"end":{"line":47,"column":54}},"37":{"start":{"line":48,"column":33},"end":{"line":48,"column":88}},"38":{"start":{"line":50,"column":19},"end":{"line":50,"column":23}},"39":{"start":{"line":51,"column":4},"end":{"line":57,"column":5}},"40":{"start":{"line":52,"column":25},"end":{"line":52,"column":33}},"41":{"start":{"line":53,"column":32},"end":{"line":53,"column":106}},"42":{"start":{"line":54,"column":6},"end":{"line":56,"column":7}},"43":{"start":{"line":55,"column":8},"end":{"line":55,"column":24}},"44":{"start":{"line":59,"column":4},"end":{"line":59,"column":63}},"45":{"start":{"line":59,"column":48},"end":{"line":59,"column":63}},"46":{"start":{"line":61,"column":28},"end":{"line":61,"column":59}},"47":{"start":{"line":63,"column":24},"end":{"line":63,"column":59}},"48":{"start":{"line":64,"column":4},"end":{"line":70,"column":5}},"49":{"start":{"line":65,"column":6},"end":{"line":65,"column":44}},"50":{"start":{"line":65,"column":36},"end":{"line":65,"column":44}},"51":{"start":{"line":66,"column":32},"end":{"line":66,"column":87}},"52":{"start":{"line":67,"column":6},"end":{"line":69,"column":7}},"53":{"start":{"line":68,"column":8},"end":{"line":68,"column":24}},"54":{"start":{"line":71,"column":4},"end":{"line":71,"column":19}},"55":{"start":{"line":75,"column":18},"end":{"line":81,"column":1}},"56":{"start":{"line":84,"column":2},"end":{"line":84,"column":25}},"57":{"start":{"line":85,"column":2},"end":{"line":85,"column":48}},"58":{"start":{"line":88,"column":27},"end":{"line":92,"column":2}},"59":{"start":{"line":88,"column":34},"end":{"line":92,"column":1}},"60":{"start":{"line":95,"column":2},"end":{"line":103,"column":3}},"61":{"start":{"line":96,"column":4},"end":{"line":96,"column":35}},"62":{"start":{"line":98,"column":4},"end":{"line":100,"column":5}},"63":{"start":{"line":99,"column":6},"end":{"line":99,"column":55}},"64":{"start":{"line":101,"column":21},"end":{"line":101,"column":41}},"65":{"start":{"line":102,"column":4},"end":{"line":102,"column":43}},"66":{"start":{"line":105,"column":2},"end":{"line":114,"column":3}},"67":{"start":{"line":106,"column":4},"end":{"line":108,"column":5}},"68":{"start":{"line":107,"column":6},"end":{"line":107,"column":39}},"69":{"start":{"line":109,"column":4},"end":{"line":112,"column":5}},"70":{"start":{"line":110,"column":6},"end":{"line":110,"column":79}},"71":{"start":{"line":111,"column":6},"end":{"line":111,"column":37}},"72":{"start":{"line":113,"column":4},"end":{"line":113,"column":47}},"73":{"start":{"line":115,"column":2},"end":{"line":119,"column":3}},"74":{"start":{"line":116,"column":4},"end":{"line":118,"column":13}},"75":{"start":{"line":120,"column":2},"end":{"line":120,"column":35}},"76":{"start":{"line":121,"column":2},"end":{"line":126,"column":3}},"77":{"start":{"line":122,"column":4},"end":{"line":122,"column":28}},"78":{"start":{"line":123,"column":4},"end":{"line":123,"column":28}},"79":{"start":{"line":124,"column":4},"end":{"line":124,"column":33}},"80":{"start":{"line":125,"column":4},"end":{"line":125,"column":18}},"81":{"start":{"line":127,"column":2},"end":{"line":127,"column":28}},"82":{"start":{"line":128,"column":2},"end":{"line":128,"column":16}},"83":{"start":{"line":131,"column":0},"end":{"line":131,"column":28}}},"fnMap":{"0":{"name":"(anonymous_0)","decl":{"start":{"line":9,"column":24},"end":{"line":9,"column":25}},"loc":{"start":{"line":9,"column":36},"end":{"line":12,"column":1}},"line":9},"1":{"name":"(anonymous_1)","decl":{"start":{"line":11,"column":9},"end":{"line":11,"column":10}},"loc":{"start":{"line":11,"column":32},"end":{"line":11,"column":58}},"line":11},"2":{"name":"(anonymous_2)","decl":{"start":{"line":14,"column":22},"end":{"line":14,"column":23}},"loc":{"start":{"line":14,"column":37},"end":{"line":21,"column":1}},"line":14},"3":{"name":"(anonymous_3)","decl":{"start":{"line":23,"column":18},"end":{"line":23,"column":19}},"loc":{"start":{"line":23,"column":32},"end":{"line":26,"column":1}},"line":23},"4":{"name":"(anonymous_4)","decl":{"start":{"line":25,"column":9},"end":{"line":25,"column":10}},"loc":{"start":{"line":25,"column":32},"end":{"line":25,"column":91}},"line":25},"5":{"name":"(anonymous_5)","decl":{"start":{"line":25,"column":41},"end":{"line":25,"column":42}},"loc":{"start":{"line":25,"column":51},"end":{"line":25,"column":90}},"line":25},"6":{"name":"(anonymous_6)","decl":{"start":{"line":28,"column":19},"end":{"line":28,"column":20}},"loc":{"start":{"line":28,"column":39},"end":{"line":73,"column":1}},"line":28},"7":{"name":"(anonymous_7)","decl":{"start":{"line":29,"column":9},"end":{"line":29,"column":10}},"loc":{"start":{"line":29,"column":30},"end":{"line":72,"column":3}},"line":29},"8":{"name":"(anonymous_8)","decl":{"start":{"line":47,"column":16},"end":{"line":47,"column":17}},"loc":{"start":{"line":47,"column":28},"end":{"line":47,"column":54}},"line":47},"9":{"name":"(anonymous_9)","decl":{"start":{"line":48,"column":15},"end":{"line":48,"column":16}},"loc":{"start":{"line":48,"column":33},"end":{"line":48,"column":88}},"line":48},"10":{"name":"compile","decl":{"start":{"line":83,"column":9},"end":{"line":83,"column":16}},"loc":{"start":{"line":83,"column":31},"end":{"line":86,"column":1}},"line":83},"11":{"name":"(anonymous_11)","decl":{"start":{"line":88,"column":27},"end":{"line":88,"column":28}},"loc":{"start":{"line":88,"column":34},"end":{"line":92,"column":1}},"line":88},"12":{"name":"newCompiler","decl":{"start":{"line":94,"column":9},"end":{"line":94,"column":20}},"loc":{"start":{"line":94,"column":32},"end":{"line":129,"column":1}},"line":94},"13":{"name":"(anonymous_13)","decl":{"start":{"line":105,"column":12},"end":{"line":105,"column":13}},"loc":{"start":{"line":105,"column":43},"end":{"line":114,"column":3}},"line":105},"14":{"name":"(anonymous_14)","decl":{"start":{"line":121,"column":29},"end":{"line":121,"column":30}},"loc":{"start":{"line":121,"column":35},"end":{"line":126,"column":3}},"line":121}},"branchMap":{"0":{"loc":{"start":{"line":17,"column":2},"end":{"line":19,"column":3}},"type":"if","locations":[{"start":{"line":17,"column":2},"end":{"line":19,"column":3}},{"start":{"line":17,"column":2},"end":{"line":19,"column":3}}],"line":17},"1":{"loc":{"start":{"line":30,"column":4},"end":{"line":32,"column":5}},"type":"if","locations":[{"start":{"line":30,"column":4},"end":{"line":32,"column":5}},{"start":{"line":30,"column":4},"end":{"line":32,"column":5}}],"line":30},"2":{"loc":{"start":{"line":33,"column":4},"end":{"line":49,"column":5}},"type":"if","locations":[{"start":{"line":33,"column":4},"end":{"line":49,"column":5}},{"start":{"line":33,"column":4},"end":{"line":49,"column":5}}],"line":33},"3":{"loc":{"start":{"line":37,"column":8},"end":{"line":37,"column":44}},"type":"if","locations":[{"start":{"line":37,"column":8},"end":{"line":37,"column":44}},{"start":{"line":37,"column":8},"end":{"line":37,"column":44}}],"line":37},"4":{"loc":{"start":{"line":40,"column":6},"end":{"line":40,"column":61}},"type":"if","locations":[{"start":{"line":40,"column":6},"end":{"line":40,"column":61}},{"start":{"line":40,"column":6},"end":{"line":40,"column":61}}],"line":40},"5":{"loc":{"start":{"line":54,"column":6},"end":{"line":56,"column":7}},"type":"if","locations":[{"start":{"line":54,"column":6},"end":{"line":56,"column":7}},{"start":{"line":54,"column":6},"end":{"line":56,"column":7}}],"line":54},"6":{"loc":{"start":{"line":59,"column":4},"end":{"line":59,"column":63}},"type":"if","locations":[{"start":{"line":59,"column":4},"end":{"line":59,"column":63}},{"start":{"line":59,"column":4},"end":{"line":59,"column":63}}],"line":59},"7":{"loc":{"start":{"line":65,"column":6},"end":{"line":65,"column":44}},"type":"if","locations":[{"start":{"line":65,"column":6},"end":{"line":65,"column":44}},{"start":{"line":65,"column":6},"end":{"line":65,"column":44}}],"line":65},"8":{"loc":{"start":{"line":67,"column":6},"end":{"line":69,"column":7}},"type":"if","locations":[{"start":{"line":67,"column":6},"end":{"line":69,"column":7}},{"start":{"line":67,"column":6},"end":{"line":69,"column":7}}],"line":67},"9":{"loc":{"start":{"line":95,"column":2},"end":{"line":103,"column":3}},"type":"if","locations":[{"start":{"line":95,"column":2},"end":{"line":103,"column":3}},{"start":{"line":95,"column":2},"end":{"line":103,"column":3}}],"line":95},"10":{"loc":{"start":{"line":98,"column":4},"end":{"line":100,"column":5}},"type":"if","locations":[{"start":{"line":98,"column":4},"end":{"line":100,"column":5}},{"start":{"line":98,"column":4},"end":{"line":100,"column":5}}],"line":98},"11":{"loc":{"start":{"line":106,"column":4},"end":{"line":108,"column":5}},"type":"if","locations":[{"start":{"line":106,"column":4},"end":{"line":108,"column":5}},{"start":{"line":106,"column":4},"end":{"line":108,"column":5}}],"line":106},"12":{"loc":{"start":{"line":109,"column":4},"end":{"line":112,"column":5}},"type":"if","locations":[{"start":{"line":109,"column":4},"end":{"line":112,"column":5}},{"start":{"line":109,"column":4},"end":{"line":112,"column":5}}],"line":109},"13":{"loc":{"start":{"line":116,"column":19},"end":{"line":118,"column":13}},"type":"cond-expr","locations":[{"start":{"line":117,"column":8},"end":{"line":117,"column":27}},{"start":{"line":118,"column":8},"end":{"line":118,"column":13}}],"line":116}},"s":{"0":1,"1":1,"2":1,"3":1,"4":1,"5":1,"6":1,"7":193,"8":193,"9":559,"10":1,"11":123,"12":123,"13":123,"14":1,"15":122,"16":1,"17":14,"18":14,"19":14,"20":14,"21":1,"22":24,"23":47,"24":3,"25":44,"26":4,"27":9,"28":9,"29":9,"30":2,"31":2,"32":1,"33":1,"34":1,"35":1,"36":4,"37":1,"38":40,"39":40,"40":50,"41":50,"42":50,"43":18,"44":40,"45":26,"46":14,"47":14,"48":14,"49":22,"50":14,"51":8,"52":8,"53":4,"54":14,"55":1,"56":354,"57":354,"58":1,"59":12,"60":13,"61":2,"62":11,"63":1,"64":10,"65":10,"66":12,"67":156,"68":12,"69":144,"70":144,"71":144,"72":0,"73":12,"74":336,"75":12,"76":12,"77":29,"78":29,"79":29,"80":29,"81":12,"82":12,"83":1},"f":{"0":193,"1":559,"2":123,"3":14,"4":14,"5":14,"6":24,"7":47,"8":4,"9":1,"10":354,"11":12,"12":13,"13":156,"14":29},"b":{"0":[1,122],"1":[3,44],"2":[4,40],"3":[2,7],"4":[1,1],"5":[18,32],"6":[26,14],"7":[14,8],"8":[4,4],"9":[2,11],"10":[1,10],"11":[12,144],"12":[144,0],"13":[312,24]},"_coverageSchema":"332fd63041d2c1bcb487cc26dd0d5f7d97098a6c","hash":"eeaca358de9ee6886a9f1e29df9de0cdc67f788a"}
,"C:\\Users\\andrew.beletskiy\\Desktop\\test\\quartet\\symbols.js": {"path":"C:\\Users\\andrew.beletskiy\\Desktop\\test\\quartet\\symbols.js","statementMap":{"0":{"start":{"line":1,"column":0},"end":{"line":4,"column":1}}},"fnMap":{},"branchMap":{},"s":{"0":1},"f":{},"b":{},"_coverageSchema":"332fd63041d2c1bcb487cc26dd0d5f7d97098a6c","hash":"95c660607f9a31364a6711e4044393992a9e3ae7"}
,"C:\\Users\\andrew.beletskiy\\Desktop\\test\\quartet\\validate.js": {"path":"C:\\Users\\andrew.beletskiy\\Desktop\\test\\quartet\\validate.js","statementMap":{"0":{"start":{"line":1,"column":16},"end":{"line":9,"column":1}},"1":{"start":{"line":2,"column":2},"end":{"line":4,"column":3}},"2":{"start":{"line":3,"column":4},"end":{"line":3,"column":18}},"3":{"start":{"line":5,"column":2},"end":{"line":7,"column":3}},"4":{"start":{"line":6,"column":4},"end":{"line":6,"column":17}},"5":{"start":{"line":8,"column":2},"end":{"line":8,"column":21}},"6":{"start":{"line":10,"column":11},"end":{"line":12,"column":1}},"7":{"start":{"line":11,"column":2},"end":{"line":11,"column":53}},"8":{"start":{"line":11,"column":23},"end":{"line":11,"column":53}},"9":{"start":{"line":13,"column":13},"end":{"line":15,"column":1}},"10":{"start":{"line":14,"column":2},"end":{"line":14,"column":54}},"11":{"start":{"line":14,"column":23},"end":{"line":14,"column":54}},"12":{"start":{"line":17,"column":23},"end":{"line":22,"column":1}},"13":{"start":{"line":18,"column":2},"end":{"line":20,"column":3}},"14":{"start":{"line":19,"column":4},"end":{"line":19,"column":110}},"15":{"start":{"line":21,"column":2},"end":{"line":21,"column":15}},"16":{"start":{"line":24,"column":28},"end":{"line":38,"column":1}},"17":{"start":{"line":25,"column":2},"end":{"line":27,"column":3}},"18":{"start":{"line":26,"column":4},"end":{"line":26,"column":14}},"19":{"start":{"line":29,"column":2},"end":{"line":31,"column":3}},"20":{"start":{"line":30,"column":4},"end":{"line":30,"column":37}},"21":{"start":{"line":33,"column":2},"end":{"line":35,"column":3}},"22":{"start":{"line":34,"column":4},"end":{"line":34,"column":59}},"23":{"start":{"line":37,"column":2},"end":{"line":37,"column":12}},"24":{"start":{"line":40,"column":0},"end":{"line":46,"column":1}}},"fnMap":{"0":{"name":"(anonymous_0)","decl":{"start":{"line":1,"column":16},"end":{"line":1,"column":17}},"loc":{"start":{"line":1,"column":25},"end":{"line":9,"column":1}},"line":1},"1":{"name":"isValueHasSomeOfTheseTypes","decl":{"start":{"line":10,"column":20},"end":{"line":10,"column":46}},"loc":{"start":{"line":10,"column":55},"end":{"line":12,"column":1}},"line":10},"2":{"name":"(anonymous_2)","decl":{"start":{"line":11,"column":9},"end":{"line":11,"column":10}},"loc":{"start":{"line":11,"column":23},"end":{"line":11,"column":53}},"line":11},"3":{"name":"isValueHasNotAnyOfTheseTypes","decl":{"start":{"line":13,"column":22},"end":{"line":13,"column":50}},"loc":{"start":{"line":13,"column":59},"end":{"line":15,"column":1}},"line":13},"4":{"name":"(anonymous_4)","decl":{"start":{"line":14,"column":9},"end":{"line":14,"column":10}},"loc":{"start":{"line":14,"column":23},"end":{"line":14,"column":54}},"line":14},"5":{"name":"isConfigHasValidType","decl":{"start":{"line":17,"column":32},"end":{"line":17,"column":52}},"loc":{"start":{"line":17,"column":62},"end":{"line":22,"column":1}},"line":17},"6":{"name":"(anonymous_6)","decl":{"start":{"line":24,"column":28},"end":{"line":24,"column":29}},"loc":{"start":{"line":24,"column":65},"end":{"line":38,"column":1}},"line":24}},"branchMap":{"0":{"loc":{"start":{"line":2,"column":2},"end":{"line":4,"column":3}},"type":"if","locations":[{"start":{"line":2,"column":2},"end":{"line":4,"column":3}},{"start":{"line":2,"column":2},"end":{"line":4,"column":3}}],"line":2},"1":{"loc":{"start":{"line":5,"column":2},"end":{"line":7,"column":3}},"type":"if","locations":[{"start":{"line":5,"column":2},"end":{"line":7,"column":3}},{"start":{"line":5,"column":2},"end":{"line":7,"column":3}}],"line":5},"2":{"loc":{"start":{"line":18,"column":2},"end":{"line":20,"column":3}},"type":"if","locations":[{"start":{"line":18,"column":2},"end":{"line":20,"column":3}},{"start":{"line":18,"column":2},"end":{"line":20,"column":3}}],"line":18},"3":{"loc":{"start":{"line":24,"column":48},"end":{"line":24,"column":60}},"type":"default-arg","locations":[{"start":{"line":24,"column":58},"end":{"line":24,"column":60}}],"line":24},"4":{"loc":{"start":{"line":25,"column":2},"end":{"line":27,"column":3}},"type":"if","locations":[{"start":{"line":25,"column":2},"end":{"line":27,"column":3}},{"start":{"line":25,"column":2},"end":{"line":27,"column":3}}],"line":25},"5":{"loc":{"start":{"line":29,"column":2},"end":{"line":31,"column":3}},"type":"if","locations":[{"start":{"line":29,"column":2},"end":{"line":31,"column":3}},{"start":{"line":29,"column":2},"end":{"line":31,"column":3}}],"line":29}},"s":{"0":1,"1":1648,"2":75,"3":1573,"4":12,"5":1561,"6":1,"7":436,"8":436,"9":1,"10":781,"11":781,"12":1,"13":411,"14":1,"15":410,"16":1,"17":238,"18":185,"19":53,"20":2,"21":51,"22":60,"23":47,"24":1},"f":{"0":1648,"1":436,"2":436,"3":781,"4":781,"5":411,"6":238},"b":{"0":[75,1573],"1":[12,1561],"2":[1,410],"3":[178],"4":[185,53],"5":[2,51]},"_coverageSchema":"332fd63041d2c1bcb487cc26dd0d5f7d97098a6c","hash":"98b1ec8d0e20707e62e25b4547bd21cf5e08aa2b"}
}
