{"C:\\Users\\andrew.beletskiy\\Desktop\\test\\quartet\\ParentKey.js": {"path":"C:\\Users\\andrew.beletskiy\\Desktop\\test\\quartet\\ParentKey.js","statementMap":{"0":{"start":{"line":1,"column":0},"end":{"line":6,"column":1}},"1":{"start":{"line":3,"column":4},"end":{"line":3,"column":24}},"2":{"start":{"line":4,"column":4},"end":{"line":4,"column":18}}},"fnMap":{"0":{"name":"(anonymous_0)","decl":{"start":{"line":2,"column":2},"end":{"line":2,"column":3}},"loc":{"start":{"line":2,"column":28},"end":{"line":5,"column":3}},"line":2}},"branchMap":{},"s":{"0":1,"1":243,"2":243},"f":{"0":243},"b":{},"_coverageSchema":"332fd63041d2c1bcb487cc26dd0d5f7d97098a6c","hash":"5f0e77751c04e72c4efbe07093fb547fde73fbe7"}
,"C:\\Users\\andrew.beletskiy\\Desktop\\test\\quartet\\defaultConfigs.js": {"path":"C:\\Users\\andrew.beletskiy\\Desktop\\test\\quartet\\defaultConfigs.js","statementMap":{"0":{"start":{"line":1,"column":20},"end":{"line":1,"column":41}},"1":{"start":{"line":3,"column":2},"end":{"line":7,"column":3}},"2":{"start":{"line":4,"column":18},"end":{"line":4,"column":43}},"3":{"start":{"line":5,"column":17},"end":{"line":5,"column":28}},"4":{"start":{"line":6,"column":13},"end":{"line":6,"column":26}},"5":{"start":{"line":10,"column":0},"end":{"line":40,"column":2}},"6":{"start":{"line":10,"column":24},"end":{"line":40,"column":1}},"7":{"start":{"line":11,"column":15},"end":{"line":11,"column":36}},"8":{"start":{"line":12,"column":13},"end":{"line":12,"column":23}},"9":{"start":{"line":13,"column":18},"end":{"line":13,"column":33}},"10":{"start":{"line":14,"column":12},"end":{"line":14,"column":41}},"11":{"start":{"line":15,"column":15},"end":{"line":15,"column":36}},"12":{"start":{"line":16,"column":23},"end":{"line":16,"column":46}},"13":{"start":{"line":17,"column":15},"end":{"line":17,"column":33}},"14":{"start":{"line":18,"column":17},"end":{"line":18,"column":22}},"15":{"start":{"line":19,"column":17},"end":{"line":19,"column":22}},"16":{"start":{"line":20,"column":23},"end":{"line":20,"column":29}},"17":{"start":{"line":21,"column":23},"end":{"line":21,"column":29}},"18":{"start":{"line":22,"column":15},"end":{"line":22,"column":36}},"19":{"start":{"line":23,"column":14},"end":{"line":23,"column":30}},"20":{"start":{"line":24,"column":20},"end":{"line":24,"column":31}},"21":{"start":{"line":25,"column":18},"end":{"line":25,"column":53}},"22":{"start":{"line":26,"column":16},"end":{"line":26,"column":38}},"23":{"start":{"line":27,"column":15},"end":{"line":27,"column":36}},"24":{"start":{"line":28,"column":17},"end":{"line":28,"column":40}},"25":{"start":{"line":30,"column":4},"end":{"line":30,"column":35}},"26":{"start":{"line":31,"column":4},"end":{"line":31,"column":15}},"27":{"start":{"line":34,"column":4},"end":{"line":36,"column":5}},"28":{"start":{"line":35,"column":6},"end":{"line":35,"column":17}},"29":{"start":{"line":37,"column":28},"end":{"line":37,"column":42}},"30":{"start":{"line":38,"column":4},"end":{"line":38,"column":60}}},"fnMap":{"0":{"name":"isEmpty","decl":{"start":{"line":2,"column":9},"end":{"line":2,"column":16}},"loc":{"start":{"line":2,"column":25},"end":{"line":8,"column":1}},"line":2},"1":{"name":"(anonymous_1)","decl":{"start":{"line":10,"column":17},"end":{"line":10,"column":18}},"loc":{"start":{"line":10,"column":24},"end":{"line":40,"column":1}},"line":10},"2":{"name":"(anonymous_2)","decl":{"start":{"line":11,"column":10},"end":{"line":11,"column":11}},"loc":{"start":{"line":11,"column":15},"end":{"line":11,"column":36}},"line":11},"3":{"name":"(anonymous_3)","decl":{"start":{"line":12,"column":8},"end":{"line":12,"column":9}},"loc":{"start":{"line":12,"column":13},"end":{"line":12,"column":23}},"line":12},"4":{"name":"(anonymous_4)","decl":{"start":{"line":13,"column":13},"end":{"line":13,"column":14}},"loc":{"start":{"line":13,"column":18},"end":{"line":13,"column":33}},"line":13},"5":{"name":"(anonymous_5)","decl":{"start":{"line":14,"column":7},"end":{"line":14,"column":8}},"loc":{"start":{"line":14,"column":12},"end":{"line":14,"column":41}},"line":14},"6":{"name":"(anonymous_6)","decl":{"start":{"line":15,"column":10},"end":{"line":15,"column":11}},"loc":{"start":{"line":15,"column":15},"end":{"line":15,"column":36}},"line":15},"7":{"name":"(anonymous_7)","decl":{"start":{"line":16,"column":18},"end":{"line":16,"column":19}},"loc":{"start":{"line":16,"column":23},"end":{"line":16,"column":46}},"line":16},"8":{"name":"(anonymous_8)","decl":{"start":{"line":17,"column":10},"end":{"line":17,"column":11}},"loc":{"start":{"line":17,"column":15},"end":{"line":17,"column":33}},"line":17},"9":{"name":"(anonymous_9)","decl":{"start":{"line":18,"column":12},"end":{"line":18,"column":13}},"loc":{"start":{"line":18,"column":17},"end":{"line":18,"column":22}},"line":18},"10":{"name":"(anonymous_10)","decl":{"start":{"line":19,"column":12},"end":{"line":19,"column":13}},"loc":{"start":{"line":19,"column":17},"end":{"line":19,"column":22}},"line":19},"11":{"name":"(anonymous_11)","decl":{"start":{"line":20,"column":18},"end":{"line":20,"column":19}},"loc":{"start":{"line":20,"column":23},"end":{"line":20,"column":29}},"line":20},"12":{"name":"(anonymous_12)","decl":{"start":{"line":21,"column":18},"end":{"line":21,"column":19}},"loc":{"start":{"line":21,"column":23},"end":{"line":21,"column":29}},"line":21},"13":{"name":"(anonymous_13)","decl":{"start":{"line":22,"column":10},"end":{"line":22,"column":11}},"loc":{"start":{"line":22,"column":15},"end":{"line":22,"column":36}},"line":22},"14":{"name":"(anonymous_14)","decl":{"start":{"line":23,"column":9},"end":{"line":23,"column":10}},"loc":{"start":{"line":23,"column":14},"end":{"line":23,"column":30}},"line":23},"15":{"name":"(anonymous_15)","decl":{"start":{"line":24,"column":15},"end":{"line":24,"column":16}},"loc":{"start":{"line":24,"column":20},"end":{"line":24,"column":31}},"line":24},"16":{"name":"(anonymous_16)","decl":{"start":{"line":25,"column":13},"end":{"line":25,"column":14}},"loc":{"start":{"line":25,"column":18},"end":{"line":25,"column":53}},"line":25},"17":{"name":"(anonymous_17)","decl":{"start":{"line":26,"column":11},"end":{"line":26,"column":12}},"loc":{"start":{"line":26,"column":16},"end":{"line":26,"column":38}},"line":26},"18":{"name":"(anonymous_18)","decl":{"start":{"line":27,"column":10},"end":{"line":27,"column":11}},"loc":{"start":{"line":27,"column":15},"end":{"line":27,"column":36}},"line":27},"19":{"name":"(anonymous_19)","decl":{"start":{"line":28,"column":12},"end":{"line":28,"column":13}},"loc":{"start":{"line":28,"column":17},"end":{"line":28,"column":40}},"line":28},"20":{"name":"(anonymous_20)","decl":{"start":{"line":29,"column":7},"end":{"line":29,"column":8}},"loc":{"start":{"line":29,"column":30},"end":{"line":32,"column":3}},"line":29},"21":{"name":"(anonymous_21)","decl":{"start":{"line":33,"column":12},"end":{"line":33,"column":13}},"loc":{"start":{"line":33,"column":35},"end":{"line":39,"column":3}},"line":33}},"branchMap":{"0":{"loc":{"start":{"line":3,"column":2},"end":{"line":7,"column":3}},"type":"switch","locations":[{"start":{"line":4,"column":4},"end":{"line":4,"column":43}},{"start":{"line":5,"column":4},"end":{"line":5,"column":28}},{"start":{"line":6,"column":4},"end":{"line":6,"column":26}}],"line":3},"1":{"loc":{"start":{"line":14,"column":12},"end":{"line":14,"column":41}},"type":"binary-expr","locations":[{"start":{"line":14,"column":12},"end":{"line":14,"column":22}},{"start":{"line":14,"column":26},"end":{"line":14,"column":41}}],"line":14},"2":{"loc":{"start":{"line":25,"column":18},"end":{"line":25,"column":53}},"type":"binary-expr","locations":[{"start":{"line":25,"column":18},"end":{"line":25,"column":39}},{"start":{"line":25,"column":43},"end":{"line":25,"column":53}}],"line":25},"3":{"loc":{"start":{"line":34,"column":4},"end":{"line":36,"column":5}},"type":"if","locations":[{"start":{"line":34,"column":4},"end":{"line":36,"column":5}},{"start":{"line":34,"column":4},"end":{"line":36,"column":5}}],"line":34}},"s":{"0":1,"1":16,"2":2,"3":1,"4":13,"5":1,"6":11,"7":30,"8":10,"9":10,"10":12,"11":88,"12":14,"13":15,"14":9,"15":8,"16":8,"17":9,"18":11,"19":9,"20":16,"21":11,"22":15,"23":11,"24":12,"25":2,"26":2,"27":12,"28":9,"29":3,"30":3},"f":{"0":16,"1":11,"2":30,"3":10,"4":10,"5":12,"6":88,"7":14,"8":15,"9":9,"10":8,"11":8,"12":9,"13":11,"14":9,"15":16,"16":11,"17":15,"18":11,"19":12,"20":2,"21":12},"b":{"0":[2,1,13],"1":[12,11],"2":[11,5],"3":[9,3]},"_coverageSchema":"332fd63041d2c1bcb487cc26dd0d5f7d97098a6c","hash":"158bfcb796765b8e0bd06f43f19a1f1c7071d34e"}
,"C:\\Users\\andrew.beletskiy\\Desktop\\test\\quartet\\defaultMethods.js": {"path":"C:\\Users\\andrew.beletskiy\\Desktop\\test\\quartet\\defaultMethods.js","statementMap":{"0":{"start":{"line":1,"column":17},"end":{"line":1,"column":38}},"1":{"start":{"line":2,"column":30},"end":{"line":2,"column":38}},"2":{"start":{"line":3,"column":23},"end":{"line":3,"column":43}},"3":{"start":{"line":4,"column":18},"end":{"line":4,"column":43}},"4":{"start":{"line":6,"column":26},"end":{"line":11,"column":1}},"5":{"start":{"line":7,"column":2},"end":{"line":9,"column":3}},"6":{"start":{"line":8,"column":4},"end":{"line":8,"column":15}},"7":{"start":{"line":10,"column":2},"end":{"line":10,"column":84}},"8":{"start":{"line":12,"column":0},"end":{"line":311,"column":2}},"9":{"start":{"line":12,"column":24},"end":{"line":311,"column":1}},"10":{"start":{"line":14,"column":4},"end":{"line":16,"column":5}},"11":{"start":{"line":15,"column":6},"end":{"line":15,"column":67}},"12":{"start":{"line":17,"column":4},"end":{"line":19,"column":5}},"13":{"start":{"line":17,"column":61},"end":{"line":17,"column":87}},"14":{"start":{"line":18,"column":6},"end":{"line":18,"column":66}},"15":{"start":{"line":20,"column":4},"end":{"line":20,"column":119}},"16":{"start":{"line":23,"column":4},"end":{"line":27,"column":5}},"17":{"start":{"line":24,"column":6},"end":{"line":24,"column":85}},"18":{"start":{"line":26,"column":6},"end":{"line":26,"column":18}},"19":{"start":{"line":28,"column":14},"end":{"line":28,"column":29}},"20":{"start":{"line":29,"column":4},"end":{"line":43,"column":5}},"21":{"start":{"line":31,"column":8},"end":{"line":31,"column":75}},"22":{"start":{"line":31,"column":43},"end":{"line":31,"column":74}},"23":{"start":{"line":33,"column":43},"end":{"line":34,"column":85}},"24":{"start":{"line":34,"column":53},"end":{"line":34,"column":84}},"25":{"start":{"line":35,"column":33},"end":{"line":37,"column":16}},"26":{"start":{"line":38,"column":8},"end":{"line":38,"column":61}},"27":{"start":{"line":40,"column":23},"end":{"line":40,"column":34}},"28":{"start":{"line":41,"column":21},"end":{"line":41,"column":71}},"29":{"start":{"line":42,"column":15},"end":{"line":42,"column":27}},"30":{"start":{"line":46,"column":4},"end":{"line":46,"column":62}},"31":{"start":{"line":47,"column":4},"end":{"line":49,"column":5}},"32":{"start":{"line":48,"column":6},"end":{"line":48,"column":79}},"33":{"start":{"line":50,"column":4},"end":{"line":50,"column":17}},"34":{"start":{"line":53,"column":4},"end":{"line":53,"column":36}},"35":{"start":{"line":54,"column":4},"end":{"line":56,"column":5}},"36":{"start":{"line":55,"column":6},"end":{"line":55,"column":81}},"37":{"start":{"line":55,"column":35},"end":{"line":55,"column":47}},"38":{"start":{"line":55,"column":60},"end":{"line":55,"column":80}},"39":{"start":{"line":60,"column":45},"end":{"line":60,"column":63}},"40":{"start":{"line":62,"column":20},"end":{"line":62,"column":32}},"41":{"start":{"line":63,"column":14},"end":{"line":73,"column":5}},"42":{"start":{"line":64,"column":6},"end":{"line":66,"column":7}},"43":{"start":{"line":65,"column":8},"end":{"line":65,"column":19}},"44":{"start":{"line":67,"column":26},"end":{"line":69,"column":24}},"45":{"start":{"line":70,"column":6},"end":{"line":70,"column":40}},"46":{"start":{"line":71,"column":6},"end":{"line":71,"column":37}},"47":{"start":{"line":72,"column":6},"end":{"line":72,"column":18}},"48":{"start":{"line":75,"column":6},"end":{"line":75,"column":24}},"49":{"start":{"line":76,"column":6},"end":{"line":76,"column":14}},"50":{"start":{"line":78,"column":4},"end":{"line":78,"column":27}},"51":{"start":{"line":79,"column":4},"end":{"line":79,"column":46}},"52":{"start":{"line":80,"column":4},"end":{"line":80,"column":12}},"53":{"start":{"line":83,"column":4},"end":{"line":85,"column":5}},"54":{"start":{"line":84,"column":6},"end":{"line":84,"column":66}},"55":{"start":{"line":86,"column":4},"end":{"line":86,"column":33}},"56":{"start":{"line":86,"column":18},"end":{"line":86,"column":33}},"57":{"start":{"line":89,"column":4},"end":{"line":89,"column":27}},"58":{"start":{"line":90,"column":20},"end":{"line":90,"column":32}},"59":{"start":{"line":91,"column":4},"end":{"line":97,"column":5}},"60":{"start":{"line":92,"column":6},"end":{"line":94,"column":7}},"61":{"start":{"line":93,"column":8},"end":{"line":93,"column":20}},"62":{"start":{"line":95,"column":27},"end":{"line":95,"column":34}},"63":{"start":{"line":96,"column":6},"end":{"line":96,"column":49}},"64":{"start":{"line":100,"column":4},"end":{"line":102,"column":5}},"65":{"start":{"line":101,"column":6},"end":{"line":101,"column":81}},"66":{"start":{"line":101,"column":33},"end":{"line":101,"column":80}},"67":{"start":{"line":105,"column":4},"end":{"line":109,"column":5}},"68":{"start":{"line":106,"column":6},"end":{"line":108,"column":20}},"69":{"start":{"line":108,"column":16},"end":{"line":108,"column":20}},"70":{"start":{"line":110,"column":4},"end":{"line":110,"column":27}},"71":{"start":{"line":111,"column":20},"end":{"line":111,"column":32}},"72":{"start":{"line":112,"column":4},"end":{"line":117,"column":5}},"73":{"start":{"line":113,"column":25},"end":{"line":113,"column":51}},"74":{"start":{"line":114,"column":6},"end":{"line":116,"column":14}},"75":{"start":{"line":120,"column":22},"end":{"line":120,"column":37}},"76":{"start":{"line":121,"column":4},"end":{"line":121,"column":40}},"77":{"start":{"line":121,"column":20},"end":{"line":121,"column":40}},"78":{"start":{"line":124,"column":4},"end":{"line":124,"column":27}},"79":{"start":{"line":125,"column":24},"end":{"line":125,"column":36}},"80":{"start":{"line":126,"column":4},"end":{"line":141,"column":5}},"81":{"start":{"line":127,"column":6},"end":{"line":129,"column":7}},"82":{"start":{"line":128,"column":8},"end":{"line":128,"column":20}},"83":{"start":{"line":130,"column":6},"end":{"line":132,"column":7}},"84":{"start":{"line":131,"column":8},"end":{"line":131,"column":87}},"85":{"start":{"line":131,"column":36},"end":{"line":131,"column":86}},"86":{"start":{"line":133,"column":23},"end":{"line":133,"column":27}},"87":{"start":{"line":134,"column":6},"end":{"line":139,"column":7}},"88":{"start":{"line":135,"column":38},"end":{"line":135,"column":92}},"89":{"start":{"line":136,"column":8},"end":{"line":138,"column":9}},"90":{"start":{"line":137,"column":10},"end":{"line":137,"column":28}},"91":{"start":{"line":140,"column":6},"end":{"line":140,"column":23}},"92":{"start":{"line":144,"column":4},"end":{"line":144,"column":27}},"93":{"start":{"line":145,"column":24},"end":{"line":145,"column":36}},"94":{"start":{"line":146,"column":4},"end":{"line":159,"column":5}},"95":{"start":{"line":147,"column":6},"end":{"line":147,"column":44}},"96":{"start":{"line":147,"column":32},"end":{"line":147,"column":44}},"97":{"start":{"line":148,"column":6},"end":{"line":151,"column":7}},"98":{"start":{"line":149,"column":8},"end":{"line":150,"column":92}},"99":{"start":{"line":150,"column":35},"end":{"line":150,"column":91}},"100":{"start":{"line":152,"column":24},"end":{"line":152,"column":28}},"101":{"start":{"line":153,"column":6},"end":{"line":157,"column":7}},"102":{"start":{"line":154,"column":8},"end":{"line":156,"column":9}},"103":{"start":{"line":155,"column":10},"end":{"line":155,"column":29}},"104":{"start":{"line":158,"column":6},"end":{"line":158,"column":24}},"105":{"start":{"line":162,"column":4},"end":{"line":162,"column":27}},"106":{"start":{"line":163,"column":23},"end":{"line":163,"column":35}},"107":{"start":{"line":164,"column":4},"end":{"line":175,"column":5}},"108":{"start":{"line":165,"column":6},"end":{"line":167,"column":7}},"109":{"start":{"line":166,"column":8},"end":{"line":166,"column":50}},"110":{"start":{"line":168,"column":24},"end":{"line":168,"column":28}},"111":{"start":{"line":169,"column":6},"end":{"line":173,"column":7}},"112":{"start":{"line":170,"column":8},"end":{"line":172,"column":9}},"113":{"start":{"line":171,"column":10},"end":{"line":171,"column":29}},"114":{"start":{"line":174,"column":6},"end":{"line":174,"column":24}},"115":{"start":{"line":178,"column":4},"end":{"line":178,"column":27}},"116":{"start":{"line":179,"column":20},"end":{"line":179,"column":32}},"117":{"start":{"line":180,"column":4},"end":{"line":180,"column":61}},"118":{"start":{"line":180,"column":34},"end":{"line":180,"column":61}},"119":{"start":{"line":183,"column":4},"end":{"line":183,"column":27}},"120":{"start":{"line":184,"column":4},"end":{"line":186,"column":5}},"121":{"start":{"line":189,"column":4},"end":{"line":191,"column":5}},"122":{"start":{"line":190,"column":6},"end":{"line":190,"column":54}},"123":{"start":{"line":192,"column":4},"end":{"line":202,"column":5}},"124":{"start":{"line":193,"column":6},"end":{"line":201,"column":7}},"125":{"start":{"line":196,"column":10},"end":{"line":196,"column":41}},"126":{"start":{"line":198,"column":10},"end":{"line":198,"column":34}},"127":{"start":{"line":200,"column":10},"end":{"line":200,"column":22}},"128":{"start":{"line":205,"column":4},"end":{"line":207,"column":5}},"129":{"start":{"line":206,"column":6},"end":{"line":206,"column":54}},"130":{"start":{"line":208,"column":4},"end":{"line":218,"column":5}},"131":{"start":{"line":209,"column":6},"end":{"line":217,"column":7}},"132":{"start":{"line":212,"column":10},"end":{"line":212,"column":41}},"133":{"start":{"line":214,"column":10},"end":{"line":214,"column":34}},"134":{"start":{"line":216,"column":10},"end":{"line":216,"column":22}},"135":{"start":{"line":221,"column":4},"end":{"line":221,"column":27}},"136":{"start":{"line":222,"column":4},"end":{"line":224,"column":5}},"137":{"start":{"line":223,"column":6},"end":{"line":223,"column":78}},"138":{"start":{"line":225,"column":20},"end":{"line":225,"column":32}},"139":{"start":{"line":226,"column":4},"end":{"line":237,"column":5}},"140":{"start":{"line":227,"column":6},"end":{"line":229,"column":7}},"141":{"start":{"line":228,"column":8},"end":{"line":228,"column":60}},"142":{"start":{"line":230,"column":6},"end":{"line":232,"column":7}},"143":{"start":{"line":231,"column":8},"end":{"line":231,"column":80}},"144":{"start":{"line":233,"column":6},"end":{"line":235,"column":7}},"145":{"start":{"line":234,"column":8},"end":{"line":234,"column":44}},"146":{"start":{"line":236,"column":6},"end":{"line":236,"column":18}},"147":{"start":{"line":240,"column":4},"end":{"line":240,"column":27}},"148":{"start":{"line":241,"column":20},"end":{"line":241,"column":32}},"149":{"start":{"line":242,"column":4},"end":{"line":247,"column":5}},"150":{"start":{"line":243,"column":6},"end":{"line":245,"column":7}},"151":{"start":{"line":244,"column":8},"end":{"line":244,"column":27}},"152":{"start":{"line":246,"column":6},"end":{"line":246,"column":18}},"153":{"start":{"line":250,"column":4},"end":{"line":252,"column":5}},"154":{"start":{"line":251,"column":6},"end":{"line":251,"column":52}},"155":{"start":{"line":253,"column":4},"end":{"line":257,"column":5}},"156":{"start":{"line":254,"column":6},"end":{"line":256,"column":7}},"157":{"start":{"line":258,"column":52},"end":{"line":258,"column":60}},"158":{"start":{"line":260,"column":4},"end":{"line":262,"column":5}},"159":{"start":{"line":261,"column":6},"end":{"line":261,"column":44}},"160":{"start":{"line":263,"column":4},"end":{"line":265,"column":5}},"161":{"start":{"line":264,"column":6},"end":{"line":264,"column":48}},"162":{"start":{"line":266,"column":4},"end":{"line":289,"column":5}},"163":{"start":{"line":267,"column":6},"end":{"line":269,"column":7}},"164":{"start":{"line":268,"column":8},"end":{"line":268,"column":18}},"165":{"start":{"line":270,"column":6},"end":{"line":279,"column":7}},"166":{"start":{"line":271,"column":23},"end":{"line":271,"column":33}},"167":{"start":{"line":272,"column":8},"end":{"line":277,"column":9}},"168":{"start":{"line":273,"column":30},"end":{"line":273,"column":47}},"169":{"start":{"line":274,"column":10},"end":{"line":276,"column":11}},"170":{"start":{"line":275,"column":12},"end":{"line":275,"column":30}},"171":{"start":{"line":278,"column":8},"end":{"line":278,"column":21}},"172":{"start":{"line":280,"column":6},"end":{"line":288,"column":14}},"173":{"start":{"line":282,"column":24},"end":{"line":282,"column":32}},"174":{"start":{"line":283,"column":10},"end":{"line":283,"column":73}},"175":{"start":{"line":286,"column":10},"end":{"line":286,"column":29}},"176":{"start":{"line":287,"column":10},"end":{"line":287,"column":20}},"177":{"start":{"line":292,"column":20},"end":{"line":292,"column":32}},"178":{"start":{"line":294,"column":4},"end":{"line":309,"column":5}},"179":{"start":{"line":295,"column":6},"end":{"line":297,"column":7}},"180":{"start":{"line":296,"column":8},"end":{"line":296,"column":18}},"181":{"start":{"line":298,"column":6},"end":{"line":302,"column":7}},"182":{"start":{"line":299,"column":8},"end":{"line":301,"column":9}},"183":{"start":{"line":300,"column":10},"end":{"line":300,"column":59}},"184":{"start":{"line":303,"column":6},"end":{"line":308,"column":14}},"185":{"start":{"line":304,"column":34},"end":{"line":304,"column":85}},"186":{"start":{"line":306,"column":10},"end":{"line":306,"column":26}},"187":{"start":{"line":307,"column":10},"end":{"line":307,"column":20}}},"fnMap":{"0":{"name":"(anonymous_0)","decl":{"start":{"line":6,"column":26},"end":{"line":6,"column":27}},"loc":{"start":{"line":6,"column":47},"end":{"line":11,"column":1}},"line":6},"1":{"name":"(anonymous_1)","decl":{"start":{"line":12,"column":17},"end":{"line":12,"column":18}},"loc":{"start":{"line":12,"column":24},"end":{"line":311,"column":1}},"line":12},"2":{"name":"(anonymous_2)","decl":{"start":{"line":17,"column":51},"end":{"line":17,"column":52}},"loc":{"start":{"line":17,"column":61},"end":{"line":17,"column":87}},"line":17},"3":{"name":"(anonymous_3)","decl":{"start":{"line":31,"column":28},"end":{"line":31,"column":29}},"loc":{"start":{"line":31,"column":43},"end":{"line":31,"column":74}},"line":31},"4":{"name":"(anonymous_4)","decl":{"start":{"line":34,"column":38},"end":{"line":34,"column":39}},"loc":{"start":{"line":34,"column":53},"end":{"line":34,"column":84}},"line":34},"5":{"name":"(anonymous_5)","decl":{"start":{"line":54,"column":11},"end":{"line":54,"column":12}},"loc":{"start":{"line":54,"column":34},"end":{"line":56,"column":5}},"line":54},"6":{"name":"(anonymous_6)","decl":{"start":{"line":55,"column":25},"end":{"line":55,"column":26}},"loc":{"start":{"line":55,"column":35},"end":{"line":55,"column":47}},"line":55},"7":{"name":"(anonymous_7)","decl":{"start":{"line":55,"column":55},"end":{"line":55,"column":56}},"loc":{"start":{"line":55,"column":60},"end":{"line":55,"column":80}},"line":55},"8":{"name":"(anonymous_8)","decl":{"start":{"line":60,"column":21},"end":{"line":60,"column":22}},"loc":{"start":{"line":60,"column":45},"end":{"line":60,"column":63}},"line":60},"9":{"name":"(anonymous_9)","decl":{"start":{"line":63,"column":14},"end":{"line":63,"column":15}},"loc":{"start":{"line":63,"column":35},"end":{"line":73,"column":5}},"line":63},"10":{"name":"innerResetExplanation","decl":{"start":{"line":74,"column":13},"end":{"line":74,"column":34}},"loc":{"start":{"line":74,"column":38},"end":{"line":77,"column":5}},"line":74},"11":{"name":"(anonymous_11)","decl":{"start":{"line":86,"column":11},"end":{"line":86,"column":12}},"loc":{"start":{"line":86,"column":18},"end":{"line":86,"column":33}},"line":86},"12":{"name":"(anonymous_12)","decl":{"start":{"line":91,"column":11},"end":{"line":91,"column":12}},"loc":{"start":{"line":91,"column":34},"end":{"line":97,"column":5}},"line":91},"13":{"name":"(anonymous_13)","decl":{"start":{"line":100,"column":11},"end":{"line":100,"column":12}},"loc":{"start":{"line":100,"column":18},"end":{"line":102,"column":5}},"line":100},"14":{"name":"(anonymous_14)","decl":{"start":{"line":101,"column":25},"end":{"line":101,"column":26}},"loc":{"start":{"line":101,"column":33},"end":{"line":101,"column":80}},"line":101},"15":{"name":"(anonymous_15)","decl":{"start":{"line":108,"column":10},"end":{"line":108,"column":11}},"loc":{"start":{"line":108,"column":16},"end":{"line":108,"column":20}},"line":108},"16":{"name":"(anonymous_16)","decl":{"start":{"line":112,"column":11},"end":{"line":112,"column":12}},"loc":{"start":{"line":112,"column":34},"end":{"line":117,"column":5}},"line":112},"17":{"name":"(anonymous_17)","decl":{"start":{"line":121,"column":11},"end":{"line":121,"column":12}},"loc":{"start":{"line":121,"column":20},"end":{"line":121,"column":40}},"line":121},"18":{"name":"(anonymous_18)","decl":{"start":{"line":126,"column":11},"end":{"line":126,"column":12}},"loc":{"start":{"line":126,"column":32},"end":{"line":141,"column":5}},"line":126},"19":{"name":"(anonymous_19)","decl":{"start":{"line":131,"column":25},"end":{"line":131,"column":26}},"loc":{"start":{"line":131,"column":36},"end":{"line":131,"column":86}},"line":131},"20":{"name":"(anonymous_20)","decl":{"start":{"line":146,"column":11},"end":{"line":146,"column":12}},"loc":{"start":{"line":146,"column":33},"end":{"line":159,"column":5}},"line":146},"21":{"name":"(anonymous_21)","decl":{"start":{"line":150,"column":17},"end":{"line":150,"column":18}},"loc":{"start":{"line":150,"column":35},"end":{"line":150,"column":91}},"line":150},"22":{"name":"(anonymous_22)","decl":{"start":{"line":164,"column":11},"end":{"line":164,"column":12}},"loc":{"start":{"line":164,"column":19},"end":{"line":175,"column":5}},"line":164},"23":{"name":"(anonymous_23)","decl":{"start":{"line":180,"column":11},"end":{"line":180,"column":12}},"loc":{"start":{"line":180,"column":34},"end":{"line":180,"column":61}},"line":180},"24":{"name":"(anonymous_24)","decl":{"start":{"line":192,"column":11},"end":{"line":192,"column":12}},"loc":{"start":{"line":192,"column":20},"end":{"line":202,"column":5}},"line":192},"25":{"name":"(anonymous_25)","decl":{"start":{"line":208,"column":11},"end":{"line":208,"column":12}},"loc":{"start":{"line":208,"column":20},"end":{"line":218,"column":5}},"line":208},"26":{"name":"(anonymous_26)","decl":{"start":{"line":226,"column":11},"end":{"line":226,"column":12}},"loc":{"start":{"line":226,"column":34},"end":{"line":237,"column":5}},"line":226},"27":{"name":"(anonymous_27)","decl":{"start":{"line":242,"column":11},"end":{"line":242,"column":12}},"loc":{"start":{"line":242,"column":34},"end":{"line":247,"column":5}},"line":242},"28":{"name":"(anonymous_28)","decl":{"start":{"line":266,"column":11},"end":{"line":266,"column":12}},"loc":{"start":{"line":266,"column":32},"end":{"line":289,"column":5}},"line":266},"29":{"name":"(anonymous_29)","decl":{"start":{"line":281,"column":16},"end":{"line":281,"column":17}},"loc":{"start":{"line":281,"column":35},"end":{"line":284,"column":9}},"line":281},"30":{"name":"(anonymous_30)","decl":{"start":{"line":285,"column":16},"end":{"line":285,"column":17}},"loc":{"start":{"line":285,"column":32},"end":{"line":288,"column":9}},"line":285},"31":{"name":"(anonymous_31)","decl":{"start":{"line":294,"column":11},"end":{"line":294,"column":12}},"loc":{"start":{"line":294,"column":32},"end":{"line":309,"column":5}},"line":294},"32":{"name":"(anonymous_32)","decl":{"start":{"line":299,"column":26},"end":{"line":299,"column":27}},"loc":{"start":{"line":300,"column":10},"end":{"line":300,"column":59}},"line":300},"33":{"name":"(anonymous_33)","decl":{"start":{"line":304,"column":16},"end":{"line":304,"column":17}},"loc":{"start":{"line":304,"column":34},"end":{"line":304,"column":85}},"line":304},"34":{"name":"(anonymous_34)","decl":{"start":{"line":305,"column":16},"end":{"line":305,"column":17}},"loc":{"start":{"line":305,"column":39},"end":{"line":308,"column":9}},"line":305}},"branchMap":{"0":{"loc":{"start":{"line":7,"column":2},"end":{"line":9,"column":3}},"type":"if","locations":[{"start":{"line":7,"column":2},"end":{"line":9,"column":3}},{"start":{"line":7,"column":2},"end":{"line":9,"column":3}}],"line":7},"1":{"loc":{"start":{"line":14,"column":4},"end":{"line":16,"column":5}},"type":"if","locations":[{"start":{"line":14,"column":4},"end":{"line":16,"column":5}},{"start":{"line":14,"column":4},"end":{"line":16,"column":5}}],"line":14},"2":{"loc":{"start":{"line":17,"column":4},"end":{"line":19,"column":5}},"type":"if","locations":[{"start":{"line":17,"column":4},"end":{"line":19,"column":5}},{"start":{"line":17,"column":4},"end":{"line":19,"column":5}}],"line":17},"3":{"loc":{"start":{"line":29,"column":4},"end":{"line":43,"column":5}},"type":"switch","locations":[{"start":{"line":30,"column":6},"end":{"line":31,"column":75}},{"start":{"line":32,"column":6},"end":{"line":39,"column":7}},{"start":{"line":40,"column":6},"end":{"line":40,"column":34}},{"start":{"line":41,"column":6},"end":{"line":41,"column":71}},{"start":{"line":42,"column":6},"end":{"line":42,"column":27}}],"line":29},"4":{"loc":{"start":{"line":33,"column":43},"end":{"line":34,"column":85}},"type":"binary-expr","locations":[{"start":{"line":33,"column":43},"end":{"line":33,"column":75}},{"start":{"line":34,"column":10},"end":{"line":34,"column":85}}],"line":33},"5":{"loc":{"start":{"line":35,"column":33},"end":{"line":37,"column":16}},"type":"cond-expr","locations":[{"start":{"line":36,"column":12},"end":{"line":36,"column":50}},{"start":{"line":37,"column":12},"end":{"line":37,"column":16}}],"line":35},"6":{"loc":{"start":{"line":38,"column":15},"end":{"line":38,"column":61}},"type":"binary-expr","locations":[{"start":{"line":38,"column":15},"end":{"line":38,"column":41}},{"start":{"line":38,"column":45},"end":{"line":38,"column":61}}],"line":38},"7":{"loc":{"start":{"line":47,"column":4},"end":{"line":49,"column":5}},"type":"if","locations":[{"start":{"line":47,"column":4},"end":{"line":49,"column":5}},{"start":{"line":47,"column":4},"end":{"line":49,"column":5}}],"line":47},"8":{"loc":{"start":{"line":60,"column":4},"end":{"line":60,"column":64}},"type":"default-arg","locations":[{"start":{"line":60,"column":21},"end":{"line":60,"column":64}}],"line":60},"9":{"loc":{"start":{"line":64,"column":6},"end":{"line":66,"column":7}},"type":"if","locations":[{"start":{"line":64,"column":6},"end":{"line":66,"column":7}},{"start":{"line":64,"column":6},"end":{"line":66,"column":7}}],"line":64},"10":{"loc":{"start":{"line":67,"column":26},"end":{"line":69,"column":24}},"type":"cond-expr","locations":[{"start":{"line":68,"column":10},"end":{"line":68,"column":41}},{"start":{"line":69,"column":10},"end":{"line":69,"column":24}}],"line":67},"11":{"loc":{"start":{"line":83,"column":4},"end":{"line":85,"column":5}},"type":"if","locations":[{"start":{"line":83,"column":4},"end":{"line":85,"column":5}},{"start":{"line":83,"column":4},"end":{"line":85,"column":5}}],"line":83},"12":{"loc":{"start":{"line":92,"column":6},"end":{"line":94,"column":7}},"type":"if","locations":[{"start":{"line":92,"column":6},"end":{"line":94,"column":7}},{"start":{"line":92,"column":6},"end":{"line":94,"column":7}}],"line":92},"13":{"loc":{"start":{"line":105,"column":4},"end":{"line":109,"column":5}},"type":"if","locations":[{"start":{"line":105,"column":4},"end":{"line":109,"column":5}},{"start":{"line":105,"column":4},"end":{"line":109,"column":5}}],"line":105},"14":{"loc":{"start":{"line":106,"column":13},"end":{"line":108,"column":20}},"type":"cond-expr","locations":[{"start":{"line":107,"column":10},"end":{"line":107,"column":27}},{"start":{"line":108,"column":10},"end":{"line":108,"column":20}}],"line":106},"15":{"loc":{"start":{"line":114,"column":13},"end":{"line":116,"column":14}},"type":"cond-expr","locations":[{"start":{"line":115,"column":10},"end":{"line":115,"column":46}},{"start":{"line":116,"column":10},"end":{"line":116,"column":14}}],"line":114},"16":{"loc":{"start":{"line":127,"column":6},"end":{"line":129,"column":7}},"type":"if","locations":[{"start":{"line":127,"column":6},"end":{"line":129,"column":7}},{"start":{"line":127,"column":6},"end":{"line":129,"column":7}}],"line":127},"17":{"loc":{"start":{"line":130,"column":6},"end":{"line":132,"column":7}},"type":"if","locations":[{"start":{"line":130,"column":6},"end":{"line":132,"column":7}},{"start":{"line":130,"column":6},"end":{"line":132,"column":7}}],"line":130},"18":{"loc":{"start":{"line":136,"column":8},"end":{"line":138,"column":9}},"type":"if","locations":[{"start":{"line":136,"column":8},"end":{"line":138,"column":9}},{"start":{"line":136,"column":8},"end":{"line":138,"column":9}}],"line":136},"19":{"loc":{"start":{"line":147,"column":6},"end":{"line":147,"column":44}},"type":"if","locations":[{"start":{"line":147,"column":6},"end":{"line":147,"column":44}},{"start":{"line":147,"column":6},"end":{"line":147,"column":44}}],"line":147},"20":{"loc":{"start":{"line":148,"column":6},"end":{"line":151,"column":7}},"type":"if","locations":[{"start":{"line":148,"column":6},"end":{"line":151,"column":7}},{"start":{"line":148,"column":6},"end":{"line":151,"column":7}}],"line":148},"21":{"loc":{"start":{"line":154,"column":8},"end":{"line":156,"column":9}},"type":"if","locations":[{"start":{"line":154,"column":8},"end":{"line":156,"column":9}},{"start":{"line":154,"column":8},"end":{"line":156,"column":9}}],"line":154},"22":{"loc":{"start":{"line":165,"column":6},"end":{"line":167,"column":7}},"type":"if","locations":[{"start":{"line":165,"column":6},"end":{"line":167,"column":7}},{"start":{"line":165,"column":6},"end":{"line":167,"column":7}}],"line":165},"23":{"loc":{"start":{"line":170,"column":8},"end":{"line":172,"column":9}},"type":"if","locations":[{"start":{"line":170,"column":8},"end":{"line":172,"column":9}},{"start":{"line":170,"column":8},"end":{"line":172,"column":9}}],"line":170},"24":{"loc":{"start":{"line":189,"column":4},"end":{"line":191,"column":5}},"type":"if","locations":[{"start":{"line":189,"column":4},"end":{"line":191,"column":5}},{"start":{"line":189,"column":4},"end":{"line":191,"column":5}}],"line":189},"25":{"loc":{"start":{"line":193,"column":6},"end":{"line":201,"column":7}},"type":"switch","locations":[{"start":{"line":194,"column":8},"end":{"line":194,"column":22}},{"start":{"line":195,"column":8},"end":{"line":196,"column":41}},{"start":{"line":197,"column":8},"end":{"line":198,"column":34}},{"start":{"line":199,"column":8},"end":{"line":200,"column":22}}],"line":193},"26":{"loc":{"start":{"line":205,"column":4},"end":{"line":207,"column":5}},"type":"if","locations":[{"start":{"line":205,"column":4},"end":{"line":207,"column":5}},{"start":{"line":205,"column":4},"end":{"line":207,"column":5}}],"line":205},"27":{"loc":{"start":{"line":209,"column":6},"end":{"line":217,"column":7}},"type":"switch","locations":[{"start":{"line":210,"column":8},"end":{"line":210,"column":22}},{"start":{"line":211,"column":8},"end":{"line":212,"column":41}},{"start":{"line":213,"column":8},"end":{"line":214,"column":34}},{"start":{"line":215,"column":8},"end":{"line":216,"column":22}}],"line":209},"28":{"loc":{"start":{"line":220,"column":22},"end":{"line":220,"column":58}},"type":"default-arg","locations":[{"start":{"line":220,"column":40},"end":{"line":220,"column":58}}],"line":220},"29":{"loc":{"start":{"line":222,"column":4},"end":{"line":224,"column":5}},"type":"if","locations":[{"start":{"line":222,"column":4},"end":{"line":224,"column":5}},{"start":{"line":222,"column":4},"end":{"line":224,"column":5}}],"line":222},"30":{"loc":{"start":{"line":230,"column":6},"end":{"line":232,"column":7}},"type":"if","locations":[{"start":{"line":230,"column":6},"end":{"line":232,"column":7}},{"start":{"line":230,"column":6},"end":{"line":232,"column":7}}],"line":230},"31":{"loc":{"start":{"line":233,"column":6},"end":{"line":235,"column":7}},"type":"if","locations":[{"start":{"line":233,"column":6},"end":{"line":235,"column":7}},{"start":{"line":233,"column":6},"end":{"line":235,"column":7}}],"line":233},"32":{"loc":{"start":{"line":243,"column":6},"end":{"line":245,"column":7}},"type":"if","locations":[{"start":{"line":243,"column":6},"end":{"line":245,"column":7}},{"start":{"line":243,"column":6},"end":{"line":245,"column":7}}],"line":243},"33":{"loc":{"start":{"line":249,"column":31},"end":{"line":249,"column":65}},"type":"default-arg","locations":[{"start":{"line":249,"column":42},"end":{"line":249,"column":65}}],"line":249},"34":{"loc":{"start":{"line":250,"column":4},"end":{"line":252,"column":5}},"type":"if","locations":[{"start":{"line":250,"column":4},"end":{"line":252,"column":5}},{"start":{"line":250,"column":4},"end":{"line":252,"column":5}}],"line":250},"35":{"loc":{"start":{"line":253,"column":4},"end":{"line":257,"column":5}},"type":"if","locations":[{"start":{"line":253,"column":4},"end":{"line":257,"column":5}},{"start":{"line":253,"column":4},"end":{"line":257,"column":5}}],"line":253},"36":{"loc":{"start":{"line":258,"column":27},"end":{"line":258,"column":47}},"type":"default-arg","locations":[{"start":{"line":258,"column":43},"end":{"line":258,"column":47}}],"line":258},"37":{"loc":{"start":{"line":260,"column":11},"end":{"line":260,"column":63}},"type":"binary-expr","locations":[{"start":{"line":260,"column":11},"end":{"line":260,"column":36}},{"start":{"line":260,"column":40},"end":{"line":260,"column":63}}],"line":260},"38":{"loc":{"start":{"line":263,"column":4},"end":{"line":265,"column":5}},"type":"if","locations":[{"start":{"line":263,"column":4},"end":{"line":265,"column":5}},{"start":{"line":263,"column":4},"end":{"line":265,"column":5}}],"line":263},"39":{"loc":{"start":{"line":267,"column":6},"end":{"line":269,"column":7}},"type":"if","locations":[{"start":{"line":267,"column":6},"end":{"line":269,"column":7}},{"start":{"line":267,"column":6},"end":{"line":269,"column":7}}],"line":267},"40":{"loc":{"start":{"line":270,"column":6},"end":{"line":279,"column":7}},"type":"if","locations":[{"start":{"line":270,"column":6},"end":{"line":279,"column":7}},{"start":{"line":270,"column":6},"end":{"line":279,"column":7}}],"line":270},"41":{"loc":{"start":{"line":274,"column":10},"end":{"line":276,"column":11}},"type":"if","locations":[{"start":{"line":274,"column":10},"end":{"line":276,"column":11}},{"start":{"line":274,"column":10},"end":{"line":276,"column":11}}],"line":274},"42":{"loc":{"start":{"line":295,"column":6},"end":{"line":297,"column":7}},"type":"if","locations":[{"start":{"line":295,"column":6},"end":{"line":297,"column":7}},{"start":{"line":295,"column":6},"end":{"line":297,"column":7}}],"line":295},"43":{"loc":{"start":{"line":298,"column":6},"end":{"line":302,"column":7}},"type":"if","locations":[{"start":{"line":298,"column":6},"end":{"line":302,"column":7}},{"start":{"line":298,"column":6},"end":{"line":302,"column":7}}],"line":298}},"s":{"0":1,"1":1,"2":1,"3":1,"4":1,"5":7,"6":1,"7":6,"8":1,"9":11,"10":5,"11":1,"12":4,"13":4,"14":1,"15":3,"16":28,"17":28,"18":1,"19":27,"20":27,"21":3,"22":2,"23":3,"24":1,"25":3,"26":3,"27":8,"28":6,"29":7,"30":3,"31":2,"32":1,"33":1,"34":4,"35":4,"36":4,"37":9,"38":6,"39":2,"40":13,"41":13,"42":35,"43":16,"44":19,"45":19,"46":19,"47":19,"48":14,"49":14,"50":13,"51":13,"52":13,"53":2,"54":1,"55":1,"56":6,"57":3,"58":3,"59":3,"60":7,"61":1,"62":6,"63":6,"64":1,"65":6,"66":13,"67":6,"68":4,"69":3,"70":2,"71":2,"72":2,"73":6,"74":6,"75":2,"76":2,"77":14,"78":5,"79":5,"80":5,"81":13,"82":7,"83":6,"84":1,"85":2,"86":5,"87":5,"88":116,"89":116,"90":4,"91":5,"92":2,"93":2,"94":2,"95":11,"96":5,"97":6,"98":1,"99":3,"100":5,"101":5,"102":8,"103":2,"104":5,"105":2,"106":2,"107":2,"108":6,"109":1,"110":5,"111":5,"112":7,"113":2,"114":5,"115":1,"116":1,"117":1,"118":10,"119":4,"120":3,"121":4,"122":1,"123":3,"124":16,"125":8,"126":7,"127":1,"128":4,"129":1,"130":3,"131":15,"132":8,"133":6,"134":1,"135":6,"136":6,"137":1,"138":5,"139":5,"140":5,"141":2,"142":5,"143":1,"144":4,"145":3,"146":1,"147":2,"148":2,"149":2,"150":2,"151":1,"152":1,"153":12,"154":1,"155":11,"156":2,"157":9,"158":9,"159":1,"160":9,"161":2,"162":7,"163":9,"164":4,"165":5,"166":2,"167":2,"168":12,"169":12,"170":4,"171":2,"172":3,"173":13,"174":13,"175":9,"176":9,"177":11,"178":11,"179":11,"180":4,"181":7,"182":4,"183":23,"184":3,"185":9,"186":7,"187":7},"f":{"0":7,"1":11,"2":4,"3":2,"4":1,"5":4,"6":9,"7":6,"8":2,"9":35,"10":14,"11":6,"12":7,"13":6,"14":13,"15":3,"16":6,"17":14,"18":13,"19":2,"20":11,"21":3,"22":6,"23":10,"24":16,"25":15,"26":5,"27":2,"28":9,"29":13,"30":9,"31":11,"32":23,"33":9,"34":7},"b":{"0":[1,6],"1":[1,4],"2":[1,3],"3":[3,3,8,6,7],"4":[3,1],"5":[1,2],"6":[3,3],"7":[1,1],"8":[4],"9":[16,19],"10":[15,4],"11":[1,1],"12":[1,6],"13":[4,2],"14":[2,2],"15":[4,2],"16":[7,6],"17":[1,5],"18":[4,112],"19":[5,6],"20":[1,5],"21":[2,6],"22":[1,5],"23":[2,5],"24":[1,3],"25":[4,8,7,1],"26":[1,3],"27":[4,8,6,1],"28":[1],"29":[1,5],"30":[1,4],"31":[3,1],"32":[1,1],"33":[7],"34":[1,11],"35":[2,9],"36":[1],"37":[10,3],"38":[2,7],"39":[4,5],"40":[2,3],"41":[4,8],"42":[4,7],"43":[4,3]},"_coverageSchema":"332fd63041d2c1bcb487cc26dd0d5f7d97098a6c","hash":"d7d54de8fbcd27cc6f498ad501c01167268faaf3"}
,"C:\\Users\\andrew.beletskiy\\Desktop\\test\\quartet\\index.js": {"path":"C:\\Users\\andrew.beletskiy\\Desktop\\test\\quartet\\index.js","statementMap":{"0":{"start":{"line":1,"column":17},"end":{"line":1,"column":38}},"1":{"start":{"line":2,"column":30},"end":{"line":2,"column":38}},"2":{"start":{"line":3,"column":36},"end":{"line":3,"column":63}},"3":{"start":{"line":4,"column":26},"end":{"line":4,"column":53}},"4":{"start":{"line":5,"column":18},"end":{"line":5,"column":40}},"5":{"start":{"line":7,"column":23},"end":{"line":7,"column":43}},"6":{"start":{"line":9,"column":24},"end":{"line":12,"column":1}},"7":{"start":{"line":10,"column":18},"end":{"line":10,"column":29}},"8":{"start":{"line":11,"column":2},"end":{"line":11,"column":58}},"9":{"start":{"line":11,"column":32},"end":{"line":11,"column":58}},"10":{"start":{"line":14,"column":22},"end":{"line":21,"column":1}},"11":{"start":{"line":15,"column":25},"end":{"line":15,"column":28}},"12":{"start":{"line":16,"column":23},"end":{"line":16,"column":39}},"13":{"start":{"line":17,"column":2},"end":{"line":19,"column":3}},"14":{"start":{"line":18,"column":4},"end":{"line":18,"column":63}},"15":{"start":{"line":20,"column":2},"end":{"line":20,"column":39}},"16":{"start":{"line":23,"column":18},"end":{"line":26,"column":1}},"17":{"start":{"line":24,"column":2},"end":{"line":24,"column":30}},"18":{"start":{"line":25,"column":2},"end":{"line":25,"column":91}},"19":{"start":{"line":25,"column":32},"end":{"line":25,"column":91}},"20":{"start":{"line":25,"column":51},"end":{"line":25,"column":90}},"21":{"start":{"line":28,"column":19},"end":{"line":73,"column":1}},"22":{"start":{"line":29,"column":2},"end":{"line":72,"column":3}},"23":{"start":{"line":30,"column":4},"end":{"line":32,"column":5}},"24":{"start":{"line":31,"column":6},"end":{"line":31,"column":18}},"25":{"start":{"line":33,"column":4},"end":{"line":49,"column":5}},"26":{"start":{"line":34,"column":6},"end":{"line":38,"column":7}},"27":{"start":{"line":35,"column":27},"end":{"line":35,"column":35}},"28":{"start":{"line":36,"column":34},"end":{"line":36,"column":108}},"29":{"start":{"line":37,"column":8},"end":{"line":37,"column":44}},"30":{"start":{"line":37,"column":32},"end":{"line":37,"column":44}},"31":{"start":{"line":40,"column":6},"end":{"line":40,"column":61}},"32":{"start":{"line":40,"column":50},"end":{"line":40,"column":61}},"33":{"start":{"line":42,"column":30},"end":{"line":42,"column":61}},"34":{"start":{"line":44,"column":26},"end":{"line":44,"column":61}},"35":{"start":{"line":46,"column":6},"end":{"line":48,"column":89}},"36":{"start":{"line":47,"column":28},"end":{"line":47,"column":54}},"37":{"start":{"line":48,"column":33},"end":{"line":48,"column":88}},"38":{"start":{"line":50,"column":19},"end":{"line":50,"column":23}},"39":{"start":{"line":51,"column":4},"end":{"line":57,"column":5}},"40":{"start":{"line":52,"column":25},"end":{"line":52,"column":33}},"41":{"start":{"line":53,"column":32},"end":{"line":53,"column":106}},"42":{"start":{"line":54,"column":6},"end":{"line":56,"column":7}},"43":{"start":{"line":55,"column":8},"end":{"line":55,"column":24}},"44":{"start":{"line":59,"column":4},"end":{"line":59,"column":63}},"45":{"start":{"line":59,"column":48},"end":{"line":59,"column":63}},"46":{"start":{"line":61,"column":28},"end":{"line":61,"column":59}},"47":{"start":{"line":63,"column":24},"end":{"line":63,"column":59}},"48":{"start":{"line":64,"column":4},"end":{"line":70,"column":5}},"49":{"start":{"line":65,"column":6},"end":{"line":65,"column":44}},"50":{"start":{"line":65,"column":36},"end":{"line":65,"column":44}},"51":{"start":{"line":66,"column":32},"end":{"line":66,"column":87}},"52":{"start":{"line":67,"column":6},"end":{"line":69,"column":7}},"53":{"start":{"line":68,"column":8},"end":{"line":68,"column":24}},"54":{"start":{"line":71,"column":4},"end":{"line":71,"column":19}},"55":{"start":{"line":75,"column":18},"end":{"line":81,"column":1}},"56":{"start":{"line":84,"column":2},"end":{"line":84,"column":25}},"57":{"start":{"line":85,"column":2},"end":{"line":85,"column":48}},"58":{"start":{"line":88,"column":27},"end":{"line":92,"column":2}},"59":{"start":{"line":88,"column":34},"end":{"line":92,"column":1}},"60":{"start":{"line":95,"column":2},"end":{"line":103,"column":3}},"61":{"start":{"line":96,"column":4},"end":{"line":96,"column":35}},"62":{"start":{"line":98,"column":4},"end":{"line":100,"column":5}},"63":{"start":{"line":99,"column":6},"end":{"line":99,"column":55}},"64":{"start":{"line":101,"column":21},"end":{"line":101,"column":41}},"65":{"start":{"line":102,"column":4},"end":{"line":102,"column":43}},"66":{"start":{"line":105,"column":2},"end":{"line":111,"column":3}},"67":{"start":{"line":106,"column":4},"end":{"line":108,"column":5}},"68":{"start":{"line":107,"column":6},"end":{"line":107,"column":39}},"69":{"start":{"line":109,"column":4},"end":{"line":109,"column":77}},"70":{"start":{"line":110,"column":4},"end":{"line":110,"column":35}},"71":{"start":{"line":112,"column":2},"end":{"line":116,"column":3}},"72":{"start":{"line":113,"column":4},"end":{"line":115,"column":13}},"73":{"start":{"line":117,"column":2},"end":{"line":117,"column":35}},"74":{"start":{"line":118,"column":2},"end":{"line":121,"column":3}},"75":{"start":{"line":119,"column":4},"end":{"line":119,"column":28}},"76":{"start":{"line":120,"column":4},"end":{"line":120,"column":18}},"77":{"start":{"line":122,"column":2},"end":{"line":122,"column":28}},"78":{"start":{"line":123,"column":2},"end":{"line":123,"column":16}},"79":{"start":{"line":126,"column":0},"end":{"line":126,"column":28}}},"fnMap":{"0":{"name":"(anonymous_0)","decl":{"start":{"line":9,"column":24},"end":{"line":9,"column":25}},"loc":{"start":{"line":9,"column":36},"end":{"line":12,"column":1}},"line":9},"1":{"name":"(anonymous_1)","decl":{"start":{"line":11,"column":9},"end":{"line":11,"column":10}},"loc":{"start":{"line":11,"column":32},"end":{"line":11,"column":58}},"line":11},"2":{"name":"(anonymous_2)","decl":{"start":{"line":14,"column":22},"end":{"line":14,"column":23}},"loc":{"start":{"line":14,"column":37},"end":{"line":21,"column":1}},"line":14},"3":{"name":"(anonymous_3)","decl":{"start":{"line":23,"column":18},"end":{"line":23,"column":19}},"loc":{"start":{"line":23,"column":32},"end":{"line":26,"column":1}},"line":23},"4":{"name":"(anonymous_4)","decl":{"start":{"line":25,"column":9},"end":{"line":25,"column":10}},"loc":{"start":{"line":25,"column":32},"end":{"line":25,"column":91}},"line":25},"5":{"name":"(anonymous_5)","decl":{"start":{"line":25,"column":41},"end":{"line":25,"column":42}},"loc":{"start":{"line":25,"column":51},"end":{"line":25,"column":90}},"line":25},"6":{"name":"(anonymous_6)","decl":{"start":{"line":28,"column":19},"end":{"line":28,"column":20}},"loc":{"start":{"line":28,"column":39},"end":{"line":73,"column":1}},"line":28},"7":{"name":"(anonymous_7)","decl":{"start":{"line":29,"column":9},"end":{"line":29,"column":10}},"loc":{"start":{"line":29,"column":30},"end":{"line":72,"column":3}},"line":29},"8":{"name":"(anonymous_8)","decl":{"start":{"line":47,"column":16},"end":{"line":47,"column":17}},"loc":{"start":{"line":47,"column":28},"end":{"line":47,"column":54}},"line":47},"9":{"name":"(anonymous_9)","decl":{"start":{"line":48,"column":15},"end":{"line":48,"column":16}},"loc":{"start":{"line":48,"column":33},"end":{"line":48,"column":88}},"line":48},"10":{"name":"compile","decl":{"start":{"line":83,"column":9},"end":{"line":83,"column":16}},"loc":{"start":{"line":83,"column":31},"end":{"line":86,"column":1}},"line":83},"11":{"name":"(anonymous_11)","decl":{"start":{"line":88,"column":27},"end":{"line":88,"column":28}},"loc":{"start":{"line":88,"column":34},"end":{"line":92,"column":1}},"line":88},"12":{"name":"newCompiler","decl":{"start":{"line":94,"column":9},"end":{"line":94,"column":20}},"loc":{"start":{"line":94,"column":32},"end":{"line":124,"column":1}},"line":94},"13":{"name":"(anonymous_13)","decl":{"start":{"line":105,"column":12},"end":{"line":105,"column":13}},"loc":{"start":{"line":105,"column":30},"end":{"line":111,"column":3}},"line":105},"14":{"name":"(anonymous_14)","decl":{"start":{"line":118,"column":29},"end":{"line":118,"column":30}},"loc":{"start":{"line":118,"column":35},"end":{"line":121,"column":3}},"line":118}},"branchMap":{"0":{"loc":{"start":{"line":17,"column":2},"end":{"line":19,"column":3}},"type":"if","locations":[{"start":{"line":17,"column":2},"end":{"line":19,"column":3}},{"start":{"line":17,"column":2},"end":{"line":19,"column":3}}],"line":17},"1":{"loc":{"start":{"line":30,"column":4},"end":{"line":32,"column":5}},"type":"if","locations":[{"start":{"line":30,"column":4},"end":{"line":32,"column":5}},{"start":{"line":30,"column":4},"end":{"line":32,"column":5}}],"line":30},"2":{"loc":{"start":{"line":33,"column":4},"end":{"line":49,"column":5}},"type":"if","locations":[{"start":{"line":33,"column":4},"end":{"line":49,"column":5}},{"start":{"line":33,"column":4},"end":{"line":49,"column":5}}],"line":33},"3":{"loc":{"start":{"line":37,"column":8},"end":{"line":37,"column":44}},"type":"if","locations":[{"start":{"line":37,"column":8},"end":{"line":37,"column":44}},{"start":{"line":37,"column":8},"end":{"line":37,"column":44}}],"line":37},"4":{"loc":{"start":{"line":40,"column":6},"end":{"line":40,"column":61}},"type":"if","locations":[{"start":{"line":40,"column":6},"end":{"line":40,"column":61}},{"start":{"line":40,"column":6},"end":{"line":40,"column":61}}],"line":40},"5":{"loc":{"start":{"line":54,"column":6},"end":{"line":56,"column":7}},"type":"if","locations":[{"start":{"line":54,"column":6},"end":{"line":56,"column":7}},{"start":{"line":54,"column":6},"end":{"line":56,"column":7}}],"line":54},"6":{"loc":{"start":{"line":59,"column":4},"end":{"line":59,"column":63}},"type":"if","locations":[{"start":{"line":59,"column":4},"end":{"line":59,"column":63}},{"start":{"line":59,"column":4},"end":{"line":59,"column":63}}],"line":59},"7":{"loc":{"start":{"line":65,"column":6},"end":{"line":65,"column":44}},"type":"if","locations":[{"start":{"line":65,"column":6},"end":{"line":65,"column":44}},{"start":{"line":65,"column":6},"end":{"line":65,"column":44}}],"line":65},"8":{"loc":{"start":{"line":67,"column":6},"end":{"line":69,"column":7}},"type":"if","locations":[{"start":{"line":67,"column":6},"end":{"line":69,"column":7}},{"start":{"line":67,"column":6},"end":{"line":69,"column":7}}],"line":67},"9":{"loc":{"start":{"line":95,"column":2},"end":{"line":103,"column":3}},"type":"if","locations":[{"start":{"line":95,"column":2},"end":{"line":103,"column":3}},{"start":{"line":95,"column":2},"end":{"line":103,"column":3}}],"line":95},"10":{"loc":{"start":{"line":98,"column":4},"end":{"line":100,"column":5}},"type":"if","locations":[{"start":{"line":98,"column":4},"end":{"line":100,"column":5}},{"start":{"line":98,"column":4},"end":{"line":100,"column":5}}],"line":98},"11":{"loc":{"start":{"line":106,"column":4},"end":{"line":108,"column":5}},"type":"if","locations":[{"start":{"line":106,"column":4},"end":{"line":108,"column":5}},{"start":{"line":106,"column":4},"end":{"line":108,"column":5}}],"line":106},"12":{"loc":{"start":{"line":113,"column":19},"end":{"line":115,"column":13}},"type":"cond-expr","locations":[{"start":{"line":114,"column":8},"end":{"line":114,"column":27}},{"start":{"line":115,"column":8},"end":{"line":115,"column":13}}],"line":113}},"s":{"0":1,"1":1,"2":1,"3":1,"4":1,"5":1,"6":1,"7":173,"8":173,"9":545,"10":1,"11":112,"12":112,"13":112,"14":1,"15":111,"16":1,"17":14,"18":14,"19":14,"20":14,"21":1,"22":21,"23":36,"24":1,"25":35,"26":3,"27":8,"28":8,"29":8,"30":1,"31":2,"32":1,"33":1,"34":1,"35":1,"36":4,"37":1,"38":32,"39":32,"40":42,"41":42,"42":42,"43":16,"44":32,"45":26,"46":6,"47":6,"48":6,"49":12,"50":6,"51":6,"52":6,"53":2,"54":6,"55":1,"56":320,"57":320,"58":1,"59":11,"60":12,"61":2,"62":10,"63":1,"64":9,"65":9,"66":11,"67":150,"68":12,"69":138,"70":138,"71":11,"72":253,"73":11,"74":11,"75":25,"76":25,"77":11,"78":11,"79":1},"f":{"0":173,"1":545,"2":112,"3":14,"4":14,"5":14,"6":21,"7":36,"8":4,"9":1,"10":320,"11":11,"12":12,"13":150,"14":25},"b":{"0":[1,111],"1":[1,35],"2":[3,32],"3":[1,7],"4":[1,1],"5":[16,26],"6":[26,6],"7":[6,6],"8":[2,4],"9":[2,10],"10":[1,9],"11":[12,138],"12":[231,22]},"_coverageSchema":"332fd63041d2c1bcb487cc26dd0d5f7d97098a6c","hash":"5525eb2301de299aec99ccf27d1dcd6ce946e226"}
,"C:\\Users\\andrew.beletskiy\\Desktop\\test\\quartet\\symbols.js": {"path":"C:\\Users\\andrew.beletskiy\\Desktop\\test\\quartet\\symbols.js","statementMap":{"0":{"start":{"line":1,"column":0},"end":{"line":3,"column":1}}},"fnMap":{},"branchMap":{},"s":{"0":1},"f":{},"b":{},"_coverageSchema":"332fd63041d2c1bcb487cc26dd0d5f7d97098a6c","hash":"fc0d27fb580952e75a1c55de063c85bcd8408f4f"}
,"C:\\Users\\andrew.beletskiy\\Desktop\\test\\quartet\\validate.js": {"path":"C:\\Users\\andrew.beletskiy\\Desktop\\test\\quartet\\validate.js","statementMap":{"0":{"start":{"line":1,"column":16},"end":{"line":9,"column":1}},"1":{"start":{"line":2,"column":2},"end":{"line":4,"column":3}},"2":{"start":{"line":3,"column":4},"end":{"line":3,"column":18}},"3":{"start":{"line":5,"column":2},"end":{"line":7,"column":3}},"4":{"start":{"line":6,"column":4},"end":{"line":6,"column":17}},"5":{"start":{"line":8,"column":2},"end":{"line":8,"column":21}},"6":{"start":{"line":10,"column":11},"end":{"line":12,"column":1}},"7":{"start":{"line":11,"column":2},"end":{"line":11,"column":53}},"8":{"start":{"line":11,"column":23},"end":{"line":11,"column":53}},"9":{"start":{"line":13,"column":13},"end":{"line":15,"column":1}},"10":{"start":{"line":14,"column":2},"end":{"line":14,"column":54}},"11":{"start":{"line":14,"column":23},"end":{"line":14,"column":54}},"12":{"start":{"line":17,"column":23},"end":{"line":22,"column":1}},"13":{"start":{"line":18,"column":2},"end":{"line":20,"column":3}},"14":{"start":{"line":19,"column":4},"end":{"line":19,"column":110}},"15":{"start":{"line":21,"column":2},"end":{"line":21,"column":15}},"16":{"start":{"line":24,"column":28},"end":{"line":38,"column":1}},"17":{"start":{"line":25,"column":2},"end":{"line":27,"column":3}},"18":{"start":{"line":26,"column":4},"end":{"line":26,"column":14}},"19":{"start":{"line":29,"column":2},"end":{"line":31,"column":3}},"20":{"start":{"line":30,"column":4},"end":{"line":30,"column":37}},"21":{"start":{"line":33,"column":2},"end":{"line":35,"column":3}},"22":{"start":{"line":34,"column":4},"end":{"line":34,"column":59}},"23":{"start":{"line":37,"column":2},"end":{"line":37,"column":12}},"24":{"start":{"line":40,"column":0},"end":{"line":46,"column":1}}},"fnMap":{"0":{"name":"(anonymous_0)","decl":{"start":{"line":1,"column":16},"end":{"line":1,"column":17}},"loc":{"start":{"line":1,"column":25},"end":{"line":9,"column":1}},"line":1},"1":{"name":"isValueHasSomeOfTheseTypes","decl":{"start":{"line":10,"column":20},"end":{"line":10,"column":46}},"loc":{"start":{"line":10,"column":55},"end":{"line":12,"column":1}},"line":10},"2":{"name":"(anonymous_2)","decl":{"start":{"line":11,"column":9},"end":{"line":11,"column":10}},"loc":{"start":{"line":11,"column":23},"end":{"line":11,"column":53}},"line":11},"3":{"name":"isValueHasNotAnyOfTheseTypes","decl":{"start":{"line":13,"column":22},"end":{"line":13,"column":50}},"loc":{"start":{"line":13,"column":59},"end":{"line":15,"column":1}},"line":13},"4":{"name":"(anonymous_4)","decl":{"start":{"line":14,"column":9},"end":{"line":14,"column":10}},"loc":{"start":{"line":14,"column":23},"end":{"line":14,"column":54}},"line":14},"5":{"name":"isConfigHasValidType","decl":{"start":{"line":17,"column":32},"end":{"line":17,"column":52}},"loc":{"start":{"line":17,"column":62},"end":{"line":22,"column":1}},"line":17},"6":{"name":"(anonymous_6)","decl":{"start":{"line":24,"column":28},"end":{"line":24,"column":29}},"loc":{"start":{"line":24,"column":65},"end":{"line":38,"column":1}},"line":24}},"branchMap":{"0":{"loc":{"start":{"line":2,"column":2},"end":{"line":4,"column":3}},"type":"if","locations":[{"start":{"line":2,"column":2},"end":{"line":4,"column":3}},{"start":{"line":2,"column":2},"end":{"line":4,"column":3}}],"line":2},"1":{"loc":{"start":{"line":5,"column":2},"end":{"line":7,"column":3}},"type":"if","locations":[{"start":{"line":5,"column":2},"end":{"line":7,"column":3}},{"start":{"line":5,"column":2},"end":{"line":7,"column":3}}],"line":5},"2":{"loc":{"start":{"line":18,"column":2},"end":{"line":20,"column":3}},"type":"if","locations":[{"start":{"line":18,"column":2},"end":{"line":20,"column":3}},{"start":{"line":18,"column":2},"end":{"line":20,"column":3}}],"line":18},"3":{"loc":{"start":{"line":24,"column":48},"end":{"line":24,"column":60}},"type":"default-arg","locations":[{"start":{"line":24,"column":58},"end":{"line":24,"column":60}}],"line":24},"4":{"loc":{"start":{"line":25,"column":2},"end":{"line":27,"column":3}},"type":"if","locations":[{"start":{"line":25,"column":2},"end":{"line":27,"column":3}},{"start":{"line":25,"column":2},"end":{"line":27,"column":3}}],"line":25},"5":{"loc":{"start":{"line":29,"column":2},"end":{"line":31,"column":3}},"type":"if","locations":[{"start":{"line":29,"column":2},"end":{"line":31,"column":3}},{"start":{"line":29,"column":2},"end":{"line":31,"column":3}}],"line":29}},"s":{"0":1,"1":1428,"2":71,"3":1357,"4":10,"5":1347,"6":1,"7":329,"8":329,"9":1,"10":705,"11":705,"12":1,"13":373,"14":1,"15":372,"16":1,"17":225,"18":176,"19":49,"20":2,"21":47,"22":56,"23":43,"24":1},"f":{"0":1428,"1":329,"2":329,"3":705,"4":705,"5":373,"6":225},"b":{"0":[71,1357],"1":[10,1347],"2":[1,372],"3":[169],"4":[176,49],"5":[2,47]},"_coverageSchema":"332fd63041d2c1bcb487cc26dd0d5f7d97098a6c","hash":"98b1ec8d0e20707e62e25b4547bd21cf5e08aa2b"}
}
