TN:
SF:C:\Users\andrew.beletskiy\Desktop\test\quartet\ParentKey.js
FN:2,(anonymous_0)
FNF:1
FNH:1
FNDA:256,(anonymous_0)
DA:1,1
DA:3,256
DA:4,256
LF:3
LH:3
BRF:0
BRH:0
end_of_record
TN:
SF:C:\Users\andrew.beletskiy\Desktop\test\quartet\clone.js
FN:2,(anonymous_0)
FN:16,(anonymous_1)
FN:19,(anonymous_2)
FN:24,(anonymous_3)
FN:24,(anonymous_4)
FN:33,(anonymous_5)
FN:40,(anonymous_6)
FN:44,(anonymous_7)
FNF:8
FNH:8
FNDA:11,(anonymous_0)
FNDA:2,(anonymous_1)
FNDA:6,(anonymous_2)
FNDA:2,(anonymous_3)
FNDA:2,(anonymous_4)
FNDA:1,(anonymous_5)
FNDA:3,(anonymous_6)
FNDA:3,(anonymous_7)
DA:1,1
DA:2,1
DA:3,11
DA:4,8
DA:5,8
DA:6,1
DA:7,1
DA:8,1
DA:12,1
DA:15,7
DA:16,2
DA:18,5
DA:20,6
DA:21,6
DA:24,2
DA:25,2
DA:26,0
DA:27,0
DA:28,0
DA:29,0
DA:31,0
DA:33,1
DA:34,1
DA:35,1
DA:36,1
DA:37,1
DA:40,1
DA:41,3
DA:44,1
DA:45,3
DA:46,3
DA:48,3
DA:50,1
LF:33
LH:28
BRDA:3,0,0,3
BRDA:3,0,1,8
BRDA:5,1,0,1
BRDA:5,1,1,7
BRDA:15,2,0,2
BRDA:15,2,1,5
BRDA:25,3,0,2
BRDA:25,3,1,0
BRDA:28,4,0,0
BRDA:28,4,1,0
BRF:10
BRH:7
end_of_record
TN:
SF:C:\Users\andrew.beletskiy\Desktop\test\quartet\defaultConfigs.js
FN:2,isEmpty
FN:10,(anonymous_1)
FN:11,(anonymous_2)
FN:12,(anonymous_3)
FN:13,(anonymous_4)
FN:14,(anonymous_5)
FN:15,(anonymous_6)
FN:16,(anonymous_7)
FN:17,(anonymous_8)
FN:18,(anonymous_9)
FN:19,(anonymous_10)
FN:20,(anonymous_11)
FN:21,(anonymous_12)
FN:22,(anonymous_13)
FN:23,(anonymous_14)
FN:24,(anonymous_15)
FN:25,(anonymous_16)
FN:26,(anonymous_17)
FN:27,(anonymous_18)
FN:28,(anonymous_19)
FN:29,(anonymous_20)
FN:33,(anonymous_21)
FNF:22
FNH:22
FNDA:16,isEmpty
FNDA:12,(anonymous_1)
FNDA:32,(anonymous_2)
FNDA:10,(anonymous_3)
FNDA:10,(anonymous_4)
FNDA:12,(anonymous_5)
FNDA:97,(anonymous_6)
FNDA:14,(anonymous_7)
FNDA:15,(anonymous_8)
FNDA:9,(anonymous_9)
FNDA:8,(anonymous_10)
FNDA:8,(anonymous_11)
FNDA:9,(anonymous_12)
FNDA:11,(anonymous_13)
FNDA:9,(anonymous_14)
FNDA:16,(anonymous_15)
FNDA:11,(anonymous_16)
FNDA:15,(anonymous_17)
FNDA:11,(anonymous_18)
FNDA:12,(anonymous_19)
FNDA:2,(anonymous_20)
FNDA:12,(anonymous_21)
DA:1,1
DA:3,16
DA:4,2
DA:5,1
DA:6,13
DA:10,12
DA:11,32
DA:12,10
DA:13,10
DA:14,12
DA:15,97
DA:16,14
DA:17,15
DA:18,9
DA:19,8
DA:20,8
DA:21,9
DA:22,11
DA:23,9
DA:24,16
DA:25,11
DA:26,15
DA:27,11
DA:28,12
DA:30,2
DA:31,2
DA:34,12
DA:35,9
DA:37,3
DA:38,3
LF:30
LH:30
BRDA:3,0,0,2
BRDA:3,0,1,1
BRDA:3,0,2,13
BRDA:14,1,0,12
BRDA:14,1,1,11
BRDA:25,2,0,11
BRDA:25,2,1,5
BRDA:34,3,0,9
BRDA:34,3,1,3
BRF:9
BRH:9
end_of_record
TN:
SF:C:\Users\andrew.beletskiy\Desktop\test\quartet\defaultMethods.js
FN:9,(anonymous_0)
FN:15,(anonymous_1)
FN:20,(anonymous_2)
FN:34,(anonymous_3)
FN:37,(anonymous_4)
FN:57,(anonymous_5)
FN:58,(anonymous_6)
FN:58,(anonymous_7)
FN:63,(anonymous_8)
FN:66,(anonymous_9)
FN:77,innerResetExplanation
FN:89,(anonymous_11)
FN:94,(anonymous_12)
FN:103,(anonymous_13)
FN:104,(anonymous_14)
FN:111,(anonymous_15)
FN:115,(anonymous_16)
FN:124,(anonymous_17)
FN:129,(anonymous_18)
FN:134,(anonymous_19)
FN:149,(anonymous_20)
FN:153,(anonymous_21)
FN:167,(anonymous_22)
FN:183,(anonymous_23)
FN:195,(anonymous_24)
FN:211,(anonymous_25)
FN:229,(anonymous_26)
FN:245,(anonymous_27)
FN:273,(anonymous_28)
FN:290,(anonymous_29)
FN:301,(anonymous_30)
FN:305,(anonymous_31)
FN:314,(anonymous_32)
FN:319,(anonymous_33)
FN:324,(anonymous_34)
FN:325,(anonymous_35)
FN:338,(anonymous_36)
FN:342,(anonymous_37)
FN:348,(anonymous_38)
FN:359,(anonymous_39)
FN:364,(anonymous_40)
FN:369,(anonymous_41)
FN:384,(anonymous_42)
FNF:43
FNH:39
FNDA:7,(anonymous_0)
FNDA:12,(anonymous_1)
FNDA:5,(anonymous_2)
FNDA:2,(anonymous_3)
FNDA:2,(anonymous_4)
FNDA:4,(anonymous_5)
FNDA:9,(anonymous_6)
FNDA:6,(anonymous_7)
FNDA:2,(anonymous_8)
FNDA:35,(anonymous_9)
FNDA:14,innerResetExplanation
FNDA:6,(anonymous_11)
FNDA:7,(anonymous_12)
FNDA:6,(anonymous_13)
FNDA:13,(anonymous_14)
FNDA:3,(anonymous_15)
FNDA:6,(anonymous_16)
FNDA:14,(anonymous_17)
FNDA:13,(anonymous_18)
FNDA:2,(anonymous_19)
FNDA:11,(anonymous_20)
FNDA:3,(anonymous_21)
FNDA:6,(anonymous_22)
FNDA:10,(anonymous_23)
FNDA:16,(anonymous_24)
FNDA:15,(anonymous_25)
FNDA:5,(anonymous_26)
FNDA:2,(anonymous_27)
FNDA:10,(anonymous_28)
FNDA:2,(anonymous_29)
FNDA:13,(anonymous_30)
FNDA:9,(anonymous_31)
FNDA:11,(anonymous_32)
FNDA:23,(anonymous_33)
FNDA:9,(anonymous_34)
FNDA:7,(anonymous_35)
FNDA:2,(anonymous_36)
FNDA:1,(anonymous_37)
FNDA:1,(anonymous_38)
FNDA:0,(anonymous_39)
FNDA:0,(anonymous_40)
FNDA:0,(anonymous_41)
FNDA:0,(anonymous_42)
DA:1,1
DA:2,1
DA:3,1
DA:4,1
DA:5,1
DA:6,1
DA:7,1
DA:9,1
DA:10,7
DA:11,1
DA:13,6
DA:15,12
DA:17,6
DA:18,1
DA:20,5
DA:21,1
DA:23,4
DA:26,31
DA:27,31
DA:29,1
DA:31,30
DA:32,30
DA:34,3
DA:36,4
DA:37,2
DA:38,4
DA:41,4
DA:43,9
DA:44,7
DA:45,7
DA:49,3
DA:50,2
DA:51,1
DA:53,1
DA:56,4
DA:57,4
DA:58,9
DA:63,2
DA:65,13
DA:66,13
DA:67,35
DA:68,16
DA:70,19
DA:73,19
DA:74,19
DA:75,19
DA:78,14
DA:79,14
DA:81,13
DA:82,13
DA:83,13
DA:86,2
DA:87,1
DA:89,6
DA:92,3
DA:93,3
DA:94,3
DA:95,7
DA:96,1
DA:98,6
DA:99,6
DA:103,1
DA:104,13
DA:108,6
DA:109,4
DA:111,3
DA:113,2
DA:114,2
DA:115,2
DA:116,6
DA:117,6
DA:123,2
DA:124,14
DA:127,5
DA:128,5
DA:129,5
DA:130,13
DA:131,7
DA:133,6
DA:134,2
DA:136,5
DA:137,5
DA:138,116
DA:139,116
DA:140,4
DA:143,5
DA:147,2
DA:148,2
DA:149,2
DA:150,11
DA:151,6
DA:152,1
DA:153,3
DA:155,5
DA:156,5
DA:157,8
DA:158,2
DA:161,5
DA:165,2
DA:166,2
DA:167,2
DA:168,6
DA:169,1
DA:171,5
DA:172,5
DA:173,7
DA:174,2
DA:177,5
DA:181,1
DA:182,1
DA:183,10
DA:186,7
DA:187,6
DA:192,4
DA:193,1
DA:195,3
DA:196,16
DA:199,8
DA:201,7
DA:203,1
DA:208,4
DA:209,1
DA:211,3
DA:212,15
DA:215,8
DA:217,6
DA:219,1
DA:224,6
DA:225,6
DA:226,1
DA:228,5
DA:229,5
DA:230,5
DA:231,2
DA:233,5
DA:234,1
DA:236,4
DA:237,3
DA:239,1
DA:243,2
DA:244,2
DA:245,2
DA:246,2
DA:247,1
DA:249,1
DA:253,13
DA:254,1
DA:256,12
DA:257,2
DA:261,10
DA:263,10
DA:264,1
DA:266,10
DA:267,2
DA:270,8
DA:273,8
DA:274,10
DA:275,4
DA:278,6
DA:279,3
DA:280,3
DA:281,13
DA:282,13
DA:283,4
DA:287,3
DA:289,1
DA:290,2
DA:292,1
DA:293,1
DA:294,0
DA:298,1
DA:300,3
DA:302,13
DA:303,13
DA:306,9
DA:307,9
DA:312,11
DA:314,11
DA:315,11
DA:316,4
DA:318,7
DA:319,4
DA:320,23
DA:323,3
DA:324,9
DA:326,7
DA:327,7
DA:332,7
DA:333,2
DA:335,7
DA:336,5
DA:338,2
DA:341,3
DA:342,3
DA:345,1
DA:347,1
DA:348,1
DA:349,1
DA:350,0
DA:352,1
DA:353,1
DA:357,0
DA:358,0
DA:359,0
DA:360,0
DA:361,0
DA:363,0
DA:364,0
DA:367,0
DA:369,0
DA:373,0
DA:377,0
DA:379,0
DA:380,0
DA:383,0
DA:384,0
DA:385,0
DA:386,0
DA:388,0
DA:389,0
LF:220
LH:199
BRDA:10,0,0,1
BRDA:10,0,1,6
BRDA:17,1,0,1
BRDA:17,1,1,5
BRDA:20,2,0,1
BRDA:20,2,1,4
BRDA:32,3,0,3
BRDA:32,3,1,4
BRDA:32,3,2,9
BRDA:32,3,3,7
BRDA:32,3,4,7
BRDA:36,4,0,4
BRDA:36,4,1,2
BRDA:38,5,0,1
BRDA:38,5,1,3
BRDA:41,6,0,4
BRDA:41,6,1,4
BRDA:50,7,0,1
BRDA:50,7,1,1
BRDA:63,8,0,4
BRDA:67,9,0,16
BRDA:67,9,1,19
BRDA:70,10,0,15
BRDA:70,10,1,4
BRDA:86,11,0,1
BRDA:86,11,1,1
BRDA:95,12,0,1
BRDA:95,12,1,6
BRDA:108,13,0,4
BRDA:108,13,1,2
BRDA:109,14,0,2
BRDA:109,14,1,2
BRDA:117,15,0,4
BRDA:117,15,1,2
BRDA:130,16,0,7
BRDA:130,16,1,6
BRDA:133,17,0,1
BRDA:133,17,1,5
BRDA:139,18,0,4
BRDA:139,18,1,112
BRDA:150,19,0,5
BRDA:150,19,1,6
BRDA:151,20,0,1
BRDA:151,20,1,5
BRDA:157,21,0,2
BRDA:157,21,1,6
BRDA:168,22,0,1
BRDA:168,22,1,5
BRDA:173,23,0,2
BRDA:173,23,1,5
BRDA:192,24,0,1
BRDA:192,24,1,3
BRDA:196,25,0,4
BRDA:196,25,1,8
BRDA:196,25,2,7
BRDA:196,25,3,1
BRDA:208,26,0,1
BRDA:208,26,1,3
BRDA:212,27,0,4
BRDA:212,27,1,8
BRDA:212,27,2,6
BRDA:212,27,3,1
BRDA:223,28,0,1
BRDA:225,29,0,1
BRDA:225,29,1,5
BRDA:233,30,0,1
BRDA:233,30,1,4
BRDA:236,31,0,3
BRDA:236,31,1,1
BRDA:246,32,0,1
BRDA:246,32,1,1
BRDA:252,33,0,7
BRDA:253,34,0,1
BRDA:253,34,1,12
BRDA:256,35,0,2
BRDA:256,35,1,10
BRDA:261,36,0,1
BRDA:263,37,0,11
BRDA:263,37,1,3
BRDA:266,38,0,2
BRDA:266,38,1,8
BRDA:270,39,0,1
BRDA:270,39,1,7
BRDA:274,40,0,4
BRDA:274,40,1,6
BRDA:278,41,0,3
BRDA:278,41,1,3
BRDA:278,42,0,6
BRDA:278,42,1,4
BRDA:282,43,0,4
BRDA:282,43,1,9
BRDA:287,44,0,2
BRDA:287,44,1,1
BRDA:293,45,0,0
BRDA:293,45,1,1
BRDA:315,46,0,4
BRDA:315,46,1,7
BRDA:318,47,0,4
BRDA:318,47,1,3
BRDA:335,48,0,5
BRDA:335,48,1,2
BRDA:349,49,0,0
BRDA:349,49,1,1
BRDA:360,50,0,0
BRDA:360,50,1,0
BRDA:363,51,0,0
BRDA:363,51,1,0
BRDA:379,52,0,0
BRDA:379,52,1,0
BRDA:385,53,0,0
BRDA:385,53,1,0
BRF:111
BRH:101
end_of_record
TN:
SF:C:\Users\andrew.beletskiy\Desktop\test\quartet\fixReducers.js
FN:1,(anonymous_0)
FN:1,(anonymous_1)
FN:6,(anonymous_2)
FNF:3
FNH:3
FNDA:1,(anonymous_0)
FNDA:1,(anonymous_1)
FNDA:1,(anonymous_2)
DA:1,1
DA:2,1
DA:3,0
DA:5,1
DA:6,1
DA:7,1
DA:8,0
DA:9,0
DA:11,0
DA:13,1
DA:14,1
DA:15,1
DA:18,1
LF:13
LH:9
BRDA:2,0,0,0
BRDA:2,0,1,1
BRDA:8,1,0,0
BRDA:8,1,1,0
BRF:4
BRH:1
end_of_record
TN:
SF:C:\Users\andrew.beletskiy\Desktop\test\quartet\fixTypes.js
FNF:0
FNH:0
DA:1,1
LF:1
LH:1
BRF:0
BRH:0
end_of_record
TN:
SF:C:\Users\andrew.beletskiy\Desktop\test\quartet\index.js
FN:9,(anonymous_0)
FN:11,(anonymous_1)
FN:14,(anonymous_2)
FN:23,(anonymous_3)
FN:25,(anonymous_4)
FN:25,(anonymous_5)
FN:28,(anonymous_6)
FN:29,(anonymous_7)
FN:47,(anonymous_8)
FN:48,(anonymous_9)
FN:83,compile
FN:88,(anonymous_11)
FN:94,newCompiler
FN:105,(anonymous_13)
FN:121,(anonymous_14)
FNF:15
FNH:15
FNDA:193,(anonymous_0)
FNDA:559,(anonymous_1)
FNDA:123,(anonymous_2)
FNDA:14,(anonymous_3)
FNDA:14,(anonymous_4)
FNDA:14,(anonymous_5)
FNDA:24,(anonymous_6)
FNDA:47,(anonymous_7)
FNDA:4,(anonymous_8)
FNDA:1,(anonymous_9)
FNDA:354,compile
FNDA:12,(anonymous_11)
FNDA:13,newCompiler
FNDA:156,(anonymous_13)
FNDA:29,(anonymous_14)
DA:1,1
DA:2,1
DA:3,1
DA:4,1
DA:5,1
DA:7,1
DA:9,1
DA:10,193
DA:11,559
DA:14,1
DA:15,123
DA:16,123
DA:17,123
DA:18,1
DA:20,122
DA:23,1
DA:24,14
DA:25,14
DA:28,1
DA:29,24
DA:30,47
DA:31,3
DA:33,44
DA:34,4
DA:35,9
DA:36,9
DA:37,9
DA:40,2
DA:42,1
DA:44,1
DA:46,1
DA:47,4
DA:48,1
DA:50,40
DA:51,40
DA:52,50
DA:53,50
DA:54,50
DA:55,18
DA:59,40
DA:61,14
DA:63,14
DA:64,14
DA:65,22
DA:66,8
DA:67,8
DA:68,4
DA:71,14
DA:75,1
DA:84,354
DA:85,354
DA:88,12
DA:95,13
DA:96,2
DA:98,11
DA:99,1
DA:101,10
DA:102,10
DA:105,12
DA:106,156
DA:107,12
DA:109,144
DA:110,144
DA:111,144
DA:113,0
DA:115,12
DA:116,336
DA:120,12
DA:121,12
DA:122,29
DA:123,29
DA:124,29
DA:125,29
DA:127,12
DA:128,12
DA:131,1
LF:76
LH:75
BRDA:17,0,0,1
BRDA:17,0,1,122
BRDA:30,1,0,3
BRDA:30,1,1,44
BRDA:33,2,0,4
BRDA:33,2,1,40
BRDA:37,3,0,2
BRDA:37,3,1,7
BRDA:40,4,0,1
BRDA:40,4,1,1
BRDA:54,5,0,18
BRDA:54,5,1,32
BRDA:59,6,0,26
BRDA:59,6,1,14
BRDA:65,7,0,14
BRDA:65,7,1,8
BRDA:67,8,0,4
BRDA:67,8,1,4
BRDA:95,9,0,2
BRDA:95,9,1,11
BRDA:98,10,0,1
BRDA:98,10,1,10
BRDA:106,11,0,12
BRDA:106,11,1,144
BRDA:109,12,0,144
BRDA:109,12,1,0
BRDA:116,13,0,312
BRDA:116,13,1,24
BRF:28
BRH:27
end_of_record
TN:
SF:C:\Users\andrew.beletskiy\Desktop\test\quartet\symbols.js
FNF:0
FNH:0
DA:1,1
LF:1
LH:1
BRF:0
BRH:0
end_of_record
TN:
SF:C:\Users\andrew.beletskiy\Desktop\test\quartet\validate.js
FN:1,(anonymous_0)
FN:10,isValueHasSomeOfTheseTypes
FN:11,(anonymous_2)
FN:13,isValueHasNotAnyOfTheseTypes
FN:14,(anonymous_4)
FN:17,isConfigHasValidType
FN:24,(anonymous_6)
FNF:7
FNH:7
FNDA:1648,(anonymous_0)
FNDA:436,isValueHasSomeOfTheseTypes
FNDA:436,(anonymous_2)
FNDA:781,isValueHasNotAnyOfTheseTypes
FNDA:781,(anonymous_4)
FNDA:411,isConfigHasValidType
FNDA:238,(anonymous_6)
DA:1,1
DA:2,1648
DA:3,75
DA:5,1573
DA:6,12
DA:8,1561
DA:10,1
DA:11,436
DA:13,1
DA:14,781
DA:17,1
DA:18,411
DA:19,1
DA:21,410
DA:24,1
DA:25,238
DA:26,185
DA:29,53
DA:30,2
DA:33,51
DA:34,60
DA:37,47
DA:40,1
LF:23
LH:23
BRDA:2,0,0,75
BRDA:2,0,1,1573
BRDA:5,1,0,12
BRDA:5,1,1,1561
BRDA:18,2,0,1
BRDA:18,2,1,410
BRDA:24,3,0,178
BRDA:25,4,0,185
BRDA:25,4,1,53
BRDA:29,5,0,2
BRDA:29,5,1,51
BRF:11
BRH:11
end_of_record
