TN:
SF:C:\Users\andrew.beletskiy\Desktop\test\quartet\ParentKey.js
FN:2,(anonymous_0)
FNF:1
FNH:1
FNDA:243,(anonymous_0)
DA:1,1
DA:3,243
DA:4,243
LF:3
LH:3
BRF:0
BRH:0
end_of_record
TN:
SF:C:\Users\andrew.beletskiy\Desktop\test\quartet\defaultConfigs.js
FN:2,isEmpty
FN:10,(anonymous_1)
FN:11,(anonymous_2)
FN:12,(anonymous_3)
FN:13,(anonymous_4)
FN:14,(anonymous_5)
FN:15,(anonymous_6)
FN:16,(anonymous_7)
FN:17,(anonymous_8)
FN:18,(anonymous_9)
FN:19,(anonymous_10)
FN:20,(anonymous_11)
FN:21,(anonymous_12)
FN:22,(anonymous_13)
FN:23,(anonymous_14)
FN:24,(anonymous_15)
FN:25,(anonymous_16)
FN:26,(anonymous_17)
FN:27,(anonymous_18)
FN:28,(anonymous_19)
FN:29,(anonymous_20)
FN:33,(anonymous_21)
FNF:22
FNH:22
FNDA:16,isEmpty
FNDA:11,(anonymous_1)
FNDA:30,(anonymous_2)
FNDA:10,(anonymous_3)
FNDA:10,(anonymous_4)
FNDA:12,(anonymous_5)
FNDA:88,(anonymous_6)
FNDA:14,(anonymous_7)
FNDA:15,(anonymous_8)
FNDA:9,(anonymous_9)
FNDA:8,(anonymous_10)
FNDA:8,(anonymous_11)
FNDA:9,(anonymous_12)
FNDA:11,(anonymous_13)
FNDA:9,(anonymous_14)
FNDA:16,(anonymous_15)
FNDA:11,(anonymous_16)
FNDA:15,(anonymous_17)
FNDA:11,(anonymous_18)
FNDA:12,(anonymous_19)
FNDA:2,(anonymous_20)
FNDA:12,(anonymous_21)
DA:1,1
DA:3,16
DA:4,2
DA:5,1
DA:6,13
DA:10,11
DA:11,30
DA:12,10
DA:13,10
DA:14,12
DA:15,88
DA:16,14
DA:17,15
DA:18,9
DA:19,8
DA:20,8
DA:21,9
DA:22,11
DA:23,9
DA:24,16
DA:25,11
DA:26,15
DA:27,11
DA:28,12
DA:30,2
DA:31,2
DA:34,12
DA:35,9
DA:37,3
DA:38,3
LF:30
LH:30
BRDA:3,0,0,2
BRDA:3,0,1,1
BRDA:3,0,2,13
BRDA:14,1,0,12
BRDA:14,1,1,11
BRDA:25,2,0,11
BRDA:25,2,1,5
BRDA:34,3,0,9
BRDA:34,3,1,3
BRF:9
BRH:9
end_of_record
TN:
SF:C:\Users\andrew.beletskiy\Desktop\test\quartet\defaultMethods.js
FN:6,(anonymous_0)
FN:12,(anonymous_1)
FN:17,(anonymous_2)
FN:31,(anonymous_3)
FN:34,(anonymous_4)
FN:54,(anonymous_5)
FN:55,(anonymous_6)
FN:55,(anonymous_7)
FN:60,(anonymous_8)
FN:63,(anonymous_9)
FN:74,innerResetExplanation
FN:86,(anonymous_11)
FN:91,(anonymous_12)
FN:100,(anonymous_13)
FN:101,(anonymous_14)
FN:108,(anonymous_15)
FN:112,(anonymous_16)
FN:121,(anonymous_17)
FN:126,(anonymous_18)
FN:131,(anonymous_19)
FN:146,(anonymous_20)
FN:150,(anonymous_21)
FN:164,(anonymous_22)
FN:180,(anonymous_23)
FN:192,(anonymous_24)
FN:208,(anonymous_25)
FN:226,(anonymous_26)
FN:242,(anonymous_27)
FN:266,(anonymous_28)
FN:281,(anonymous_29)
FN:285,(anonymous_30)
FN:294,(anonymous_31)
FN:299,(anonymous_32)
FN:304,(anonymous_33)
FN:305,(anonymous_34)
FNF:35
FNH:35
FNDA:7,(anonymous_0)
FNDA:11,(anonymous_1)
FNDA:4,(anonymous_2)
FNDA:2,(anonymous_3)
FNDA:1,(anonymous_4)
FNDA:4,(anonymous_5)
FNDA:9,(anonymous_6)
FNDA:6,(anonymous_7)
FNDA:2,(anonymous_8)
FNDA:35,(anonymous_9)
FNDA:14,innerResetExplanation
FNDA:6,(anonymous_11)
FNDA:7,(anonymous_12)
FNDA:6,(anonymous_13)
FNDA:13,(anonymous_14)
FNDA:3,(anonymous_15)
FNDA:6,(anonymous_16)
FNDA:14,(anonymous_17)
FNDA:13,(anonymous_18)
FNDA:2,(anonymous_19)
FNDA:11,(anonymous_20)
FNDA:3,(anonymous_21)
FNDA:6,(anonymous_22)
FNDA:10,(anonymous_23)
FNDA:16,(anonymous_24)
FNDA:15,(anonymous_25)
FNDA:5,(anonymous_26)
FNDA:2,(anonymous_27)
FNDA:9,(anonymous_28)
FNDA:13,(anonymous_29)
FNDA:9,(anonymous_30)
FNDA:11,(anonymous_31)
FNDA:23,(anonymous_32)
FNDA:9,(anonymous_33)
FNDA:7,(anonymous_34)
DA:1,1
DA:2,1
DA:3,1
DA:4,1
DA:6,1
DA:7,7
DA:8,1
DA:10,6
DA:12,11
DA:14,5
DA:15,1
DA:17,4
DA:18,1
DA:20,3
DA:23,28
DA:24,28
DA:26,1
DA:28,27
DA:29,27
DA:31,3
DA:33,3
DA:34,1
DA:35,3
DA:38,3
DA:40,8
DA:41,6
DA:42,7
DA:46,3
DA:47,2
DA:48,1
DA:50,1
DA:53,4
DA:54,4
DA:55,9
DA:60,2
DA:62,13
DA:63,13
DA:64,35
DA:65,16
DA:67,19
DA:70,19
DA:71,19
DA:72,19
DA:75,14
DA:76,14
DA:78,13
DA:79,13
DA:80,13
DA:83,2
DA:84,1
DA:86,6
DA:89,3
DA:90,3
DA:91,3
DA:92,7
DA:93,1
DA:95,6
DA:96,6
DA:100,1
DA:101,13
DA:105,6
DA:106,4
DA:108,3
DA:110,2
DA:111,2
DA:112,2
DA:113,6
DA:114,6
DA:120,2
DA:121,14
DA:124,5
DA:125,5
DA:126,5
DA:127,13
DA:128,7
DA:130,6
DA:131,2
DA:133,5
DA:134,5
DA:135,116
DA:136,116
DA:137,4
DA:140,5
DA:144,2
DA:145,2
DA:146,2
DA:147,11
DA:148,6
DA:149,1
DA:150,3
DA:152,5
DA:153,5
DA:154,8
DA:155,2
DA:158,5
DA:162,2
DA:163,2
DA:164,2
DA:165,6
DA:166,1
DA:168,5
DA:169,5
DA:170,7
DA:171,2
DA:174,5
DA:178,1
DA:179,1
DA:180,10
DA:183,4
DA:184,3
DA:189,4
DA:190,1
DA:192,3
DA:193,16
DA:196,8
DA:198,7
DA:200,1
DA:205,4
DA:206,1
DA:208,3
DA:209,15
DA:212,8
DA:214,6
DA:216,1
DA:221,6
DA:222,6
DA:223,1
DA:225,5
DA:226,5
DA:227,5
DA:228,2
DA:230,5
DA:231,1
DA:233,4
DA:234,3
DA:236,1
DA:240,2
DA:241,2
DA:242,2
DA:243,2
DA:244,1
DA:246,1
DA:250,12
DA:251,1
DA:253,11
DA:254,2
DA:258,9
DA:260,9
DA:261,1
DA:263,9
DA:264,2
DA:266,7
DA:267,9
DA:268,4
DA:270,5
DA:271,2
DA:272,2
DA:273,12
DA:274,12
DA:275,4
DA:278,2
DA:280,3
DA:282,13
DA:283,13
DA:286,9
DA:287,9
DA:292,11
DA:294,11
DA:295,11
DA:296,4
DA:298,7
DA:299,4
DA:300,23
DA:303,3
DA:304,9
DA:306,7
DA:307,7
LF:177
LH:177
BRDA:7,0,0,1
BRDA:7,0,1,6
BRDA:14,1,0,1
BRDA:14,1,1,4
BRDA:17,2,0,1
BRDA:17,2,1,3
BRDA:29,3,0,3
BRDA:29,3,1,3
BRDA:29,3,2,8
BRDA:29,3,3,6
BRDA:29,3,4,7
BRDA:33,4,0,3
BRDA:33,4,1,1
BRDA:35,5,0,1
BRDA:35,5,1,2
BRDA:38,6,0,3
BRDA:38,6,1,3
BRDA:47,7,0,1
BRDA:47,7,1,1
BRDA:60,8,0,4
BRDA:64,9,0,16
BRDA:64,9,1,19
BRDA:67,10,0,15
BRDA:67,10,1,4
BRDA:83,11,0,1
BRDA:83,11,1,1
BRDA:92,12,0,1
BRDA:92,12,1,6
BRDA:105,13,0,4
BRDA:105,13,1,2
BRDA:106,14,0,2
BRDA:106,14,1,2
BRDA:114,15,0,4
BRDA:114,15,1,2
BRDA:127,16,0,7
BRDA:127,16,1,6
BRDA:130,17,0,1
BRDA:130,17,1,5
BRDA:136,18,0,4
BRDA:136,18,1,112
BRDA:147,19,0,5
BRDA:147,19,1,6
BRDA:148,20,0,1
BRDA:148,20,1,5
BRDA:154,21,0,2
BRDA:154,21,1,6
BRDA:165,22,0,1
BRDA:165,22,1,5
BRDA:170,23,0,2
BRDA:170,23,1,5
BRDA:189,24,0,1
BRDA:189,24,1,3
BRDA:193,25,0,4
BRDA:193,25,1,8
BRDA:193,25,2,7
BRDA:193,25,3,1
BRDA:205,26,0,1
BRDA:205,26,1,3
BRDA:209,27,0,4
BRDA:209,27,1,8
BRDA:209,27,2,6
BRDA:209,27,3,1
BRDA:220,28,0,1
BRDA:222,29,0,1
BRDA:222,29,1,5
BRDA:230,30,0,1
BRDA:230,30,1,4
BRDA:233,31,0,3
BRDA:233,31,1,1
BRDA:243,32,0,1
BRDA:243,32,1,1
BRDA:249,33,0,7
BRDA:250,34,0,1
BRDA:250,34,1,11
BRDA:253,35,0,2
BRDA:253,35,1,9
BRDA:258,36,0,1
BRDA:260,37,0,10
BRDA:260,37,1,3
BRDA:263,38,0,2
BRDA:263,38,1,7
BRDA:267,39,0,4
BRDA:267,39,1,5
BRDA:270,40,0,2
BRDA:270,40,1,3
BRDA:274,41,0,4
BRDA:274,41,1,8
BRDA:295,42,0,4
BRDA:295,42,1,7
BRDA:298,43,0,4
BRDA:298,43,1,3
BRF:91
BRH:91
end_of_record
TN:
SF:C:\Users\andrew.beletskiy\Desktop\test\quartet\index.js
FN:9,(anonymous_0)
FN:11,(anonymous_1)
FN:14,(anonymous_2)
FN:23,(anonymous_3)
FN:25,(anonymous_4)
FN:25,(anonymous_5)
FN:28,(anonymous_6)
FN:29,(anonymous_7)
FN:47,(anonymous_8)
FN:48,(anonymous_9)
FN:83,compile
FN:88,(anonymous_11)
FN:94,newCompiler
FN:105,(anonymous_13)
FN:118,(anonymous_14)
FNF:15
FNH:15
FNDA:173,(anonymous_0)
FNDA:545,(anonymous_1)
FNDA:112,(anonymous_2)
FNDA:14,(anonymous_3)
FNDA:14,(anonymous_4)
FNDA:14,(anonymous_5)
FNDA:21,(anonymous_6)
FNDA:36,(anonymous_7)
FNDA:4,(anonymous_8)
FNDA:1,(anonymous_9)
FNDA:320,compile
FNDA:11,(anonymous_11)
FNDA:12,newCompiler
FNDA:150,(anonymous_13)
FNDA:25,(anonymous_14)
DA:1,1
DA:2,1
DA:3,1
DA:4,1
DA:5,1
DA:7,1
DA:9,1
DA:10,173
DA:11,545
DA:14,1
DA:15,112
DA:16,112
DA:17,112
DA:18,1
DA:20,111
DA:23,1
DA:24,14
DA:25,14
DA:28,1
DA:29,21
DA:30,36
DA:31,1
DA:33,35
DA:34,3
DA:35,8
DA:36,8
DA:37,8
DA:40,2
DA:42,1
DA:44,1
DA:46,1
DA:47,4
DA:48,1
DA:50,32
DA:51,32
DA:52,42
DA:53,42
DA:54,42
DA:55,16
DA:59,32
DA:61,6
DA:63,6
DA:64,6
DA:65,12
DA:66,6
DA:67,6
DA:68,2
DA:71,6
DA:75,1
DA:84,320
DA:85,320
DA:88,11
DA:95,12
DA:96,2
DA:98,10
DA:99,1
DA:101,9
DA:102,9
DA:105,11
DA:106,150
DA:107,12
DA:109,138
DA:110,138
DA:112,11
DA:113,253
DA:117,11
DA:118,11
DA:119,25
DA:120,25
DA:122,11
DA:123,11
DA:126,1
LF:72
LH:72
BRDA:17,0,0,1
BRDA:17,0,1,111
BRDA:30,1,0,1
BRDA:30,1,1,35
BRDA:33,2,0,3
BRDA:33,2,1,32
BRDA:37,3,0,1
BRDA:37,3,1,7
BRDA:40,4,0,1
BRDA:40,4,1,1
BRDA:54,5,0,16
BRDA:54,5,1,26
BRDA:59,6,0,26
BRDA:59,6,1,6
BRDA:65,7,0,6
BRDA:65,7,1,6
BRDA:67,8,0,2
BRDA:67,8,1,4
BRDA:95,9,0,2
BRDA:95,9,1,10
BRDA:98,10,0,1
BRDA:98,10,1,9
BRDA:106,11,0,12
BRDA:106,11,1,138
BRDA:113,12,0,231
BRDA:113,12,1,22
BRF:26
BRH:26
end_of_record
TN:
SF:C:\Users\andrew.beletskiy\Desktop\test\quartet\symbols.js
FNF:0
FNH:0
DA:1,1
LF:1
LH:1
BRF:0
BRH:0
end_of_record
TN:
SF:C:\Users\andrew.beletskiy\Desktop\test\quartet\validate.js
FN:1,(anonymous_0)
FN:10,isValueHasSomeOfTheseTypes
FN:11,(anonymous_2)
FN:13,isValueHasNotAnyOfTheseTypes
FN:14,(anonymous_4)
FN:17,isConfigHasValidType
FN:24,(anonymous_6)
FNF:7
FNH:7
FNDA:1428,(anonymous_0)
FNDA:329,isValueHasSomeOfTheseTypes
FNDA:329,(anonymous_2)
FNDA:705,isValueHasNotAnyOfTheseTypes
FNDA:705,(anonymous_4)
FNDA:373,isConfigHasValidType
FNDA:225,(anonymous_6)
DA:1,1
DA:2,1428
DA:3,71
DA:5,1357
DA:6,10
DA:8,1347
DA:10,1
DA:11,329
DA:13,1
DA:14,705
DA:17,1
DA:18,373
DA:19,1
DA:21,372
DA:24,1
DA:25,225
DA:26,176
DA:29,49
DA:30,2
DA:33,47
DA:34,56
DA:37,43
DA:40,1
LF:23
LH:23
BRDA:2,0,0,71
BRDA:2,0,1,1357
BRDA:5,1,0,10
BRDA:5,1,1,1347
BRDA:18,2,0,1
BRDA:18,2,1,372
BRDA:24,3,0,169
BRDA:25,4,0,176
BRDA:25,4,1,49
BRDA:29,5,0,2
BRDA:29,5,1,47
BRF:11
BRH:11
end_of_record
